2015-03-01 12:28:51,938 INFO - root - Initialising application
2015-03-01 12:28:51,946 INFO - root - Initialise global hotkeys
2015-03-01 12:28:51,947 INFO - config-manager - No configuration found - creating new one
2015-03-01 12:28:51,949 INFO - config-manager - Configuration changed - rebuilding in-memory structures
2015-03-01 12:28:51,949 INFO - config-manager - Persisting configuration
2015-03-01 12:28:51,950 INFO - config-manager - Finished persisting configuration - no errors
2015-03-01 12:28:51,950 INFO - service - Starting service
2015-03-01 12:28:51,989 INFO - interface - XRecord interface thread starting
2015-03-01 12:28:51,990 INFO - service - Service now marked as running
2015-03-01 12:28:51,998 INFO - root - Displaying configuration window
2015-03-01 12:28:52,170 INFO - root - Entering main()
2015-03-01 12:29:50,179 INFO - config-manager - Configuration changed - rebuilding in-memory structures
2015-03-01 12:30:54,036 ERROR - interface - Error in X event loop thread
Traceback (most recent call last):
  File "/usr/lib/python2.7/site-packages/autokey/interface.py", line 116, in __eventLoop
    method(*args)
  File "/usr/lib/python2.7/site-packages/autokey/interface.py", line 578, in __sendString
    self.__checkWorkaroundNeeded()
  File "/usr/lib/python2.7/site-packages/autokey/interface.py", line 863, in __checkWorkaroundNeeded
    w = self.app.configManager.workAroundApps
AttributeError: ConfigManager instance has no attribute 'workAroundApps'
2015-03-01 12:30:54,041 ERROR - interface - Error in X event loop thread
Traceback (most recent call last):
  File "/usr/lib/python2.7/site-packages/autokey/interface.py", line 116, in __eventLoop
    method(*args)
  File "/usr/lib/python2.7/site-packages/autokey/interface.py", line 578, in __sendString
    self.__checkWorkaroundNeeded()
  File "/usr/lib/python2.7/site-packages/autokey/interface.py", line 863, in __checkWorkaroundNeeded
    w = self.app.configManager.workAroundApps
AttributeError: ConfigManager instance has no attribute 'workAroundApps'
2015-03-01 12:30:58,535 ERROR - interface - Error in X event loop thread
Traceback (most recent call last):
  File "/usr/lib/python2.7/site-packages/autokey/interface.py", line 116, in __eventLoop
    method(*args)
  File "/usr/lib/python2.7/site-packages/autokey/interface.py", line 578, in __sendString
    self.__checkWorkaroundNeeded()
  File "/usr/lib/python2.7/site-packages/autokey/interface.py", line 863, in __checkWorkaroundNeeded
    w = self.app.configManager.workAroundApps
AttributeError: ConfigManager instance has no attribute 'workAroundApps'
2015-03-01 12:30:58,537 ERROR - interface - Error in X event loop thread
Traceback (most recent call last):
  File "/usr/lib/python2.7/site-packages/autokey/interface.py", line 116, in __eventLoop
    method(*args)
  File "/usr/lib/python2.7/site-packages/autokey/interface.py", line 578, in __sendString
    self.__checkWorkaroundNeeded()
  File "/usr/lib/python2.7/site-packages/autokey/interface.py", line 863, in __checkWorkaroundNeeded
    w = self.app.configManager.workAroundApps
AttributeError: ConfigManager instance has no attribute 'workAroundApps'
2015-03-01 12:32:51,329 ERROR - interface - Error in X event loop thread
Traceback (most recent call last):
  File "/usr/lib/python2.7/site-packages/autokey/interface.py", line 116, in __eventLoop
    method(*args)
  File "/usr/lib/python2.7/site-packages/autokey/interface.py", line 578, in __sendString
    self.__checkWorkaroundNeeded()
  File "/usr/lib/python2.7/site-packages/autokey/interface.py", line 863, in __checkWorkaroundNeeded
    w = self.app.configManager.workAroundApps
AttributeError: ConfigManager instance has no attribute 'workAroundApps'
2015-03-01 12:32:51,334 ERROR - interface - Error in X event loop thread
Traceback (most recent call last):
  File "/usr/lib/python2.7/site-packages/autokey/interface.py", line 116, in __eventLoop
    method(*args)
  File "/usr/lib/python2.7/site-packages/autokey/interface.py", line 578, in __sendString
    self.__checkWorkaroundNeeded()
  File "/usr/lib/python2.7/site-packages/autokey/interface.py", line 863, in __checkWorkaroundNeeded
    w = self.app.configManager.workAroundApps
AttributeError: ConfigManager instance has no attribute 'workAroundApps'
2015-03-01 12:34:02,396 INFO - config-manager - Configuration changed - rebuilding in-memory structures
2015-03-01 12:34:09,199 ERROR - interface - Error in X event loop thread
Traceback (most recent call last):
  File "/usr/lib/python2.7/site-packages/autokey/interface.py", line 116, in __eventLoop
    method(*args)
  File "/usr/lib/python2.7/site-packages/autokey/interface.py", line 578, in __sendString
    self.__checkWorkaroundNeeded()
  File "/usr/lib/python2.7/site-packages/autokey/interface.py", line 863, in __checkWorkaroundNeeded
    w = self.app.configManager.workAroundApps
AttributeError: ConfigManager instance has no attribute 'workAroundApps'
2015-03-01 12:34:09,203 ERROR - interface - Error in X event loop thread
Traceback (most recent call last):
  File "/usr/lib/python2.7/site-packages/autokey/interface.py", line 116, in __eventLoop
    method(*args)
  File "/usr/lib/python2.7/site-packages/autokey/interface.py", line 578, in __sendString
    self.__checkWorkaroundNeeded()
  File "/usr/lib/python2.7/site-packages/autokey/interface.py", line 863, in __checkWorkaroundNeeded
    w = self.app.configManager.workAroundApps
AttributeError: ConfigManager instance has no attribute 'workAroundApps'
2015-03-01 12:34:30,279 INFO - config-manager - Configuration changed - rebuilding in-memory structures
2015-03-01 12:34:34,468 ERROR - interface - Error in X event loop thread
Traceback (most recent call last):
  File "/usr/lib/python2.7/site-packages/autokey/interface.py", line 116, in __eventLoop
    method(*args)
  File "/usr/lib/python2.7/site-packages/autokey/interface.py", line 578, in __sendString
    self.__checkWorkaroundNeeded()
  File "/usr/lib/python2.7/site-packages/autokey/interface.py", line 863, in __checkWorkaroundNeeded
    w = self.app.configManager.workAroundApps
AttributeError: ConfigManager instance has no attribute 'workAroundApps'
2015-03-01 12:34:50,909 INFO - config-manager - Configuration changed - rebuilding in-memory structures
2015-03-01 12:34:54,066 ERROR - interface - Error in X event loop thread
Traceback (most recent call last):
  File "/usr/lib/python2.7/site-packages/autokey/interface.py", line 116, in __eventLoop
    method(*args)
  File "/usr/lib/python2.7/site-packages/autokey/interface.py", line 578, in __sendString
    self.__checkWorkaroundNeeded()
  File "/usr/lib/python2.7/site-packages/autokey/interface.py", line 863, in __checkWorkaroundNeeded
    w = self.app.configManager.workAroundApps
AttributeError: ConfigManager instance has no attribute 'workAroundApps'
2015-03-01 12:34:59,281 ERROR - interface - Error in X event loop thread
Traceback (most recent call last):
  File "/usr/lib/python2.7/site-packages/autokey/interface.py", line 116, in __eventLoop
    method(*args)
  File "/usr/lib/python2.7/site-packages/autokey/interface.py", line 578, in __sendString
    self.__checkWorkaroundNeeded()
  File "/usr/lib/python2.7/site-packages/autokey/interface.py", line 863, in __checkWorkaroundNeeded
    w = self.app.configManager.workAroundApps
AttributeError: ConfigManager instance has no attribute 'workAroundApps'
2015-03-01 12:36:53,031 INFO - root - Initialising application
2015-03-01 12:36:53,069 INFO - root - Initialise global hotkeys
2015-03-01 12:36:53,069 INFO - config-manager - Loading config from existing file: /home/steve/.config/autokey/autokey.json
2015-03-01 12:36:53,180 INFO - config-manager - Configuration changed - rebuilding in-memory structures
2015-03-01 12:36:53,181 INFO - config-manager - Successfully loaded configuration
2015-03-01 12:36:53,181 INFO - service - Starting service
2015-03-01 12:36:53,347 INFO - interface - XRecord interface thread starting
2015-03-01 12:36:53,347 INFO - service - Service now marked as running
2015-03-01 12:36:53,419 INFO - root - Entering main()
2015-03-01 12:37:30,597 INFO - root - Displaying configuration window
2015-03-01 12:37:47,740 INFO - config-manager - Configuration changed - rebuilding in-memory structures
2015-03-01 12:52:36,689 INFO - root - Initialising application
2015-03-01 12:52:36,697 INFO - root - Initialise global hotkeys
2015-03-01 12:52:36,698 INFO - config-manager - Loading config from existing file: /home/steve/.config/autokey/autokey.json
2015-03-01 12:52:36,796 INFO - config-manager - Configuration changed - rebuilding in-memory structures
2015-03-01 12:52:36,797 INFO - config-manager - Successfully loaded configuration
2015-03-01 12:52:36,797 INFO - service - Starting service
2015-03-01 12:52:36,889 INFO - interface - XRecord interface thread starting
2015-03-01 12:52:36,889 INFO - service - Service now marked as running
2015-03-01 12:52:36,958 INFO - root - Entering main()
2015-03-01 12:53:54,044 INFO - root - Displaying configuration window
2015-03-01 12:55:32,275 INFO - root - Initialising application
2015-03-01 12:55:32,283 INFO - root - Initialise global hotkeys
2015-03-01 12:55:32,283 INFO - config-manager - Loading config from existing file: /home/steve/.config/autokey/autokey.json
2015-03-01 12:55:32,285 INFO - config-manager - Configuration changed - rebuilding in-memory structures
2015-03-01 12:55:32,285 INFO - config-manager - Successfully loaded configuration
2015-03-01 12:55:32,286 INFO - service - Starting service
2015-03-01 12:55:32,322 INFO - interface - XRecord interface thread starting
2015-03-01 12:55:32,323 INFO - service - Service now marked as running
2015-03-01 12:55:32,332 INFO - root - Entering main()
2015-03-01 12:57:09,597 INFO - root - Displaying configuration window
2015-03-01 12:57:29,028 INFO - config-manager - Configuration changed - rebuilding in-memory structures
2015-03-01 12:57:29,028 INFO - config-manager - Persisting configuration
2015-03-01 12:57:29,028 INFO - config-manager - Backing up existing config file
2015-03-01 12:57:29,036 INFO - config-manager - Finished persisting configuration - no errors
2015-03-01 12:57:56,691 INFO - config-manager - Configuration changed - rebuilding in-memory structures
2015-03-01 12:59:15,411 INFO - service - Undoing last abbreviation expansion
2015-03-01 13:04:26,107 INFO - root - Initialising application
2015-03-01 13:04:26,137 INFO - root - Initialise global hotkeys
2015-03-01 13:04:26,137 INFO - config-manager - Loading config from existing file: /home/steve/.config/autokey/autokey.json
2015-03-01 13:04:26,233 INFO - config-manager - Configuration changed - rebuilding in-memory structures
2015-03-01 13:04:26,234 INFO - config-manager - Successfully loaded configuration
2015-03-01 13:04:26,234 INFO - service - Starting service
2015-03-01 13:04:26,297 INFO - interface - XRecord interface thread starting
2015-03-01 13:04:26,298 INFO - service - Service now marked as running
2015-03-01 13:04:26,360 INFO - root - Entering main()
2015-03-01 13:47:53,228 INFO - root - Displaying configuration window
2015-03-01 13:49:03,487 INFO - config-manager - Configuration changed - rebuilding in-memory structures
2015-03-01 13:49:33,048 INFO - config-manager - Configuration changed - rebuilding in-memory structures
2015-03-01 13:52:33,101 INFO - config-manager - Configuration changed - rebuilding in-memory structures
2015-03-01 13:52:44,796 INFO - config-manager - Configuration changed - rebuilding in-memory structures
2015-03-01 14:20:21,752 INFO - root - Initialising application
2015-03-01 14:20:21,761 INFO - root - Initialise global hotkeys
2015-03-01 14:20:21,761 INFO - config-manager - Loading config from existing file: /home/steve/.config/autokey/autokey.json
2015-03-01 14:20:21,763 INFO - config-manager - Configuration changed - rebuilding in-memory structures
2015-03-01 14:20:21,763 INFO - config-manager - Successfully loaded configuration
2015-03-01 14:20:21,764 INFO - service - Starting service
2015-03-01 14:20:21,800 INFO - interface - XRecord interface thread starting
2015-03-01 14:20:21,800 INFO - service - Service now marked as running
2015-03-01 14:20:21,808 INFO - root - Entering main()
2015-03-01 14:55:51,537 INFO - root - Initialising application
2015-03-01 14:55:51,569 INFO - root - Initialise global hotkeys
2015-03-01 14:55:51,570 INFO - config-manager - Loading config from existing file: /home/steve/.config/autokey/autokey.json
2015-03-01 14:55:51,712 INFO - config-manager - Configuration changed - rebuilding in-memory structures
2015-03-01 14:55:51,712 INFO - config-manager - Successfully loaded configuration
2015-03-01 14:55:51,713 INFO - service - Starting service
2015-03-01 14:55:51,774 INFO - interface - XRecord interface thread starting
2015-03-01 14:55:51,775 INFO - service - Service now marked as running
2015-03-01 14:55:51,788 INFO - root - Entering main()
2015-03-01 14:59:56,267 INFO - root - Displaying configuration window
2015-03-01 15:34:48,009 INFO - config-manager - Configuration changed - rebuilding in-memory structures
2015-03-01 15:34:48,010 INFO - config-manager - Persisting configuration
2015-03-01 15:34:48,010 INFO - config-manager - Backing up existing config file
2015-03-01 15:34:48,011 INFO - config-manager - Finished persisting configuration - no errors
2015-03-01 20:45:55,089 INFO - root - Initialising application
2015-03-01 20:45:55,124 INFO - root - Initialise global hotkeys
2015-03-01 20:45:55,125 INFO - config-manager - Loading config from existing file: /home/steve/.config/autokey/autokey.json
2015-03-01 20:45:55,259 INFO - config-manager - Configuration changed - rebuilding in-memory structures
2015-03-01 20:45:55,260 INFO - config-manager - Successfully loaded configuration
2015-03-01 20:45:55,260 INFO - service - Starting service
2015-03-01 20:45:55,321 INFO - interface - XRecord interface thread starting
2015-03-01 20:45:55,322 INFO - service - Service now marked as running
2015-03-01 20:45:55,330 INFO - root - Entering main()
2015-03-01 20:47:54,698 INFO - root - Initialising application
2015-03-01 20:47:54,706 INFO - root - Initialise global hotkeys
2015-03-01 20:47:54,706 INFO - config-manager - Loading config from existing file: /home/steve/.config/autokey/autokey.json
2015-03-01 20:47:54,708 INFO - config-manager - Configuration changed - rebuilding in-memory structures
2015-03-01 20:47:54,709 INFO - config-manager - Successfully loaded configuration
2015-03-01 20:47:54,709 INFO - service - Starting service
2015-03-01 20:47:54,745 INFO - interface - XRecord interface thread starting
2015-03-01 20:47:54,746 INFO - service - Service now marked as running
2015-03-01 20:47:54,759 INFO - root - Entering main()
2015-03-01 20:53:49,857 INFO - root - Initialising application
2015-03-01 20:53:49,896 INFO - root - Initialise global hotkeys
2015-03-01 20:53:49,896 INFO - config-manager - Loading config from existing file: /home/steve/.config/autokey/autokey.json
2015-03-01 20:53:50,030 INFO - config-manager - Configuration changed - rebuilding in-memory structures
2015-03-01 20:53:50,031 INFO - config-manager - Successfully loaded configuration
2015-03-01 20:53:50,031 INFO - service - Starting service
2015-03-01 20:53:50,091 INFO - interface - XRecord interface thread starting
2015-03-01 20:53:50,091 INFO - service - Service now marked as running
2015-03-01 20:53:50,609 INFO - root - Entering main()
2015-03-01 20:54:45,496 INFO - root - Displaying configuration window
2015-03-01 20:55:14,978 INFO - config-manager - Configuration changed - rebuilding in-memory structures
2015-03-01 20:55:16,905 INFO - config-manager - Configuration changed - rebuilding in-memory structures
2015-03-01 20:55:16,906 INFO - config-manager - Persisting configuration
2015-03-01 20:55:16,907 INFO - config-manager - Backing up existing config file
2015-03-01 20:55:16,907 INFO - config-manager - Finished persisting configuration - no errors
2015-03-01 20:55:23,225 INFO - root - Displaying configuration window
2015-03-01 20:55:32,435 INFO - config-manager - Configuration changed - rebuilding in-memory structures
2015-03-01 20:55:32,435 INFO - config-manager - Persisting configuration
2015-03-01 20:55:32,436 INFO - config-manager - Backing up existing config file
2015-03-01 20:55:32,436 INFO - config-manager - Finished persisting configuration - no errors
2015-03-01 22:24:42,714 INFO - root - Initialising application
2015-03-01 22:24:42,731 INFO - root - Initialise global hotkeys
2015-03-01 22:24:42,731 INFO - config-manager - Loading config from existing file: /home/steve/.config/autokey/autokey.json
2015-03-01 22:24:42,734 INFO - config-manager - Configuration changed - rebuilding in-memory structures
2015-03-01 22:24:42,734 INFO - config-manager - Successfully loaded configuration
2015-03-01 22:24:42,734 INFO - service - Starting service
2015-03-01 22:24:42,786 INFO - interface - XRecord interface thread starting
2015-03-01 22:24:42,787 INFO - service - Service now marked as running
2015-03-01 22:24:42,797 INFO - root - Entering main()
2015-03-02 00:47:41,032 INFO - root - Initialising application
2015-03-02 00:47:41,267 INFO - root - Initialise global hotkeys
2015-03-02 00:47:41,268 INFO - config-manager - Loading config from existing file: /home/steve/.config/autokey/autokey.json
2015-03-02 00:47:42,004 INFO - config-manager - Configuration changed - rebuilding in-memory structures
2015-03-02 00:47:42,004 INFO - config-manager - Successfully loaded configuration
2015-03-02 00:47:42,004 INFO - service - Starting service
2015-03-02 00:47:42,361 INFO - interface - XRecord interface thread starting
2015-03-02 00:47:42,362 INFO - service - Service now marked as running
2015-03-02 00:47:43,108 INFO - root - Entering main()
2015-03-02 01:30:53,890 INFO - root - Initialising application
2015-03-02 01:30:53,905 INFO - root - Initialise global hotkeys
2015-03-02 01:30:53,905 INFO - config-manager - Loading config from existing file: /home/steve/.config/autokey/autokey.json
2015-03-02 01:30:53,907 INFO - config-manager - Configuration changed - rebuilding in-memory structures
2015-03-02 01:30:53,907 INFO - config-manager - Successfully loaded configuration
2015-03-02 01:30:53,907 INFO - service - Starting service
2015-03-02 01:30:53,951 INFO - interface - XRecord interface thread starting
2015-03-02 01:30:53,952 INFO - service - Service now marked as running
2015-03-02 01:30:53,963 INFO - root - Entering main()
2015-03-02 18:10:27,429 INFO - root - Initialising application
2015-03-02 18:10:28,000 INFO - root - Initialise global hotkeys
2015-03-02 18:10:28,000 INFO - config-manager - Loading config from existing file: /home/steve/.config/autokey/autokey.json
2015-03-02 18:10:30,862 INFO - config-manager - Configuration changed - rebuilding in-memory structures
2015-03-02 18:10:30,863 INFO - config-manager - Successfully loaded configuration
2015-03-02 18:10:30,863 INFO - service - Starting service
2015-03-02 18:10:31,227 INFO - interface - XRecord interface thread starting
2015-03-02 18:10:31,228 INFO - service - Service now marked as running
2015-03-02 18:10:31,666 INFO - root - Entering main()
2015-03-02 18:12:37,927 INFO - root - Initialising application
2015-03-02 18:12:37,940 INFO - root - Initialise global hotkeys
2015-03-02 18:12:37,940 INFO - config-manager - Loading config from existing file: /home/steve/.config/autokey/autokey.json
2015-03-02 18:12:37,943 INFO - config-manager - Configuration changed - rebuilding in-memory structures
2015-03-02 18:12:37,944 INFO - config-manager - Successfully loaded configuration
2015-03-02 18:12:37,944 INFO - service - Starting service
2015-03-02 18:12:38,005 INFO - interface - XRecord interface thread starting
2015-03-02 18:12:38,005 INFO - service - Service now marked as running
2015-03-02 18:12:38,016 INFO - root - Entering main()
2015-03-04 14:50:53,585 INFO - root - Initialising application
2015-03-04 14:50:53,665 INFO - root - Initialise global hotkeys
2015-03-04 14:50:53,683 INFO - config-manager - Loading config from existing file: /home/steve/.config/autokey/autokey.json
2015-03-04 14:51:04,082 INFO - config-manager - Configuration changed - rebuilding in-memory structures
2015-03-04 14:51:04,082 INFO - config-manager - Successfully loaded configuration
2015-03-04 14:51:04,082 INFO - service - Starting service
2015-03-04 14:51:04,460 INFO - interface - XRecord interface thread starting
2015-03-04 14:51:04,461 INFO - service - Service now marked as running
2015-03-04 14:51:04,680 INFO - root - Entering main()
2015-03-04 16:29:56,642 INFO - root - Initialising application
2015-03-04 16:29:56,656 INFO - root - Initialise global hotkeys
2015-03-04 16:29:56,656 INFO - config-manager - Loading config from existing file: /home/steve/.config/autokey/autokey.json
2015-03-04 16:29:56,660 INFO - config-manager - Configuration changed - rebuilding in-memory structures
2015-03-04 16:29:56,661 INFO - config-manager - Successfully loaded configuration
2015-03-04 16:29:56,661 INFO - service - Starting service
2015-03-04 16:29:56,701 INFO - interface - XRecord interface thread starting
2015-03-04 16:29:56,702 INFO - service - Service now marked as running
2015-03-04 16:29:56,712 INFO - root - Entering main()
2015-03-04 16:48:28,494 INFO - root - Initialising application
2015-03-04 16:48:28,632 INFO - root - Initialise global hotkeys
2015-03-04 16:48:28,632 INFO - config-manager - Loading config from existing file: /home/steve/.config/autokey/autokey.json
2015-03-04 16:48:31,853 INFO - config-manager - Configuration changed - rebuilding in-memory structures
2015-03-04 16:48:31,854 INFO - config-manager - Successfully loaded configuration
2015-03-04 16:48:31,854 INFO - service - Starting service
2015-03-04 16:48:32,659 INFO - interface - XRecord interface thread starting
2015-03-04 16:48:32,660 INFO - service - Service now marked as running
2015-03-04 16:48:33,834 INFO - root - Entering main()
2015-03-04 17:37:52,150 INFO - root - Initialising application
2015-03-04 17:37:52,161 INFO - root - Initialise global hotkeys
2015-03-04 17:37:52,220 INFO - config-manager - Loading config from existing file: /home/steve/.config/autokey/autokey.json
2015-03-04 17:37:52,222 INFO - config-manager - Configuration changed - rebuilding in-memory structures
2015-03-04 17:37:52,222 INFO - config-manager - Successfully loaded configuration
2015-03-04 17:37:52,223 INFO - service - Starting service
2015-03-04 17:37:52,261 INFO - interface - XRecord interface thread starting
2015-03-04 17:37:52,262 INFO - service - Service now marked as running
2015-03-04 17:37:52,271 INFO - root - Entering main()
2015-03-04 17:38:46,598 INFO - root - Initialising application
2015-03-04 17:38:46,608 INFO - root - Initialise global hotkeys
2015-03-04 17:38:46,608 INFO - config-manager - Loading config from existing file: /home/steve/.config/autokey/autokey.json
2015-03-04 17:38:46,610 INFO - config-manager - Configuration changed - rebuilding in-memory structures
2015-03-04 17:38:46,611 INFO - config-manager - Successfully loaded configuration
2015-03-04 17:38:46,611 INFO - service - Starting service
2015-03-04 17:38:46,660 INFO - interface - XRecord interface thread starting
2015-03-04 17:38:46,660 INFO - service - Service now marked as running
2015-03-04 17:38:46,667 INFO - root - Entering main()
2015-03-04 17:39:46,285 INFO - root - Initialising application
2015-03-04 17:39:46,297 INFO - root - Initialise global hotkeys
2015-03-04 17:39:46,297 INFO - config-manager - Loading config from existing file: /home/steve/.config/autokey/autokey.json
2015-03-04 17:39:46,301 INFO - config-manager - Configuration changed - rebuilding in-memory structures
2015-03-04 17:39:46,301 INFO - config-manager - Successfully loaded configuration
2015-03-04 17:39:46,302 INFO - service - Starting service
2015-03-04 17:39:46,554 INFO - interface - XRecord interface thread starting
2015-03-04 17:39:46,561 INFO - service - Service now marked as running
2015-03-04 17:39:46,645 INFO - root - Entering main()
2015-03-04 17:48:30,377 INFO - root - Initialising application
2015-03-04 17:48:30,393 INFO - root - Initialise global hotkeys
2015-03-04 17:48:30,393 INFO - config-manager - Loading config from existing file: /home/steve/.config/autokey/autokey.json
2015-03-04 17:48:30,396 INFO - config-manager - Configuration changed - rebuilding in-memory structures
2015-03-04 17:48:30,397 INFO - config-manager - Successfully loaded configuration
2015-03-04 17:48:30,397 INFO - service - Starting service
2015-03-04 17:48:30,442 INFO - interface - XRecord interface thread starting
2015-03-04 17:48:30,442 INFO - service - Service now marked as running
2015-03-04 17:48:30,451 INFO - root - Entering main()
2015-03-04 18:46:50,315 INFO - root - Initialising application
2015-03-04 18:46:50,530 INFO - root - Initialise global hotkeys
2015-03-04 18:46:50,530 INFO - config-manager - Loading config from existing file: /home/steve/.config/autokey/autokey.json
2015-03-04 18:46:52,744 INFO - config-manager - Configuration changed - rebuilding in-memory structures
2015-03-04 18:46:52,745 INFO - config-manager - Successfully loaded configuration
2015-03-04 18:46:52,745 INFO - service - Starting service
2015-03-04 18:46:53,250 INFO - interface - XRecord interface thread starting
2015-03-04 18:46:53,250 INFO - service - Service now marked as running
2015-03-04 18:46:54,039 INFO - root - Entering main()
2015-03-04 18:51:50,941 INFO - root - Initialising application
2015-03-04 18:51:51,026 INFO - root - Initialise global hotkeys
2015-03-04 18:51:51,026 INFO - config-manager - Loading config from existing file: /home/steve/.config/autokey/autokey.json
2015-03-04 18:51:51,029 INFO - config-manager - Configuration changed - rebuilding in-memory structures
2015-03-04 18:51:51,030 INFO - config-manager - Successfully loaded configuration
2015-03-04 18:51:51,030 INFO - service - Starting service
2015-03-04 18:51:51,103 INFO - interface - XRecord interface thread starting
2015-03-04 18:51:51,108 INFO - service - Service now marked as running
2015-03-04 18:51:51,119 INFO - root - Entering main()
2015-03-04 19:01:17,526 INFO - root - Initialising application
2015-03-04 19:01:17,537 INFO - root - Initialise global hotkeys
2015-03-04 19:01:17,538 INFO - config-manager - Loading config from existing file: /home/steve/.config/autokey/autokey.json
2015-03-04 19:01:17,539 INFO - config-manager - Configuration changed - rebuilding in-memory structures
2015-03-04 19:01:17,540 INFO - config-manager - Successfully loaded configuration
2015-03-04 19:01:17,540 INFO - service - Starting service
2015-03-04 19:01:17,605 INFO - interface - XRecord interface thread starting
2015-03-04 19:01:17,605 INFO - service - Service now marked as running
2015-03-04 19:01:17,639 INFO - root - Entering main()
2015-03-04 19:03:24,857 INFO - root - Initialising application
2015-03-04 19:03:24,876 INFO - root - Initialise global hotkeys
2015-03-04 19:03:24,876 INFO - config-manager - Loading config from existing file: /home/steve/.config/autokey/autokey.json
2015-03-04 19:03:24,880 INFO - config-manager - Configuration changed - rebuilding in-memory structures
2015-03-04 19:03:24,880 INFO - config-manager - Successfully loaded configuration
2015-03-04 19:03:24,898 INFO - service - Starting service
2015-03-04 19:03:24,951 INFO - interface - XRecord interface thread starting
2015-03-04 19:03:24,952 INFO - service - Service now marked as running
2015-03-04 19:03:24,961 INFO - root - Entering main()
2015-03-04 19:36:53,496 INFO - root - Initialising application
2015-03-04 19:36:53,506 INFO - root - Initialise global hotkeys
2015-03-04 19:36:53,506 INFO - config-manager - Loading config from existing file: /home/steve/.config/autokey/autokey.json
2015-03-04 19:36:53,508 INFO - config-manager - Configuration changed - rebuilding in-memory structures
2015-03-04 19:36:53,508 INFO - config-manager - Successfully loaded configuration
2015-03-04 19:36:53,509 INFO - service - Starting service
2015-03-04 19:36:53,554 INFO - interface - XRecord interface thread starting
2015-03-04 19:36:53,555 INFO - service - Service now marked as running
2015-03-04 19:36:53,565 INFO - root - Entering main()
2015-03-04 19:41:13,821 INFO - root - Initialising application
2015-03-04 19:41:13,832 INFO - root - Initialise global hotkeys
2015-03-04 19:41:13,832 INFO - config-manager - Loading config from existing file: /home/steve/.config/autokey/autokey.json
2015-03-04 19:41:13,834 INFO - config-manager - Configuration changed - rebuilding in-memory structures
2015-03-04 19:41:13,835 INFO - config-manager - Successfully loaded configuration
2015-03-04 19:41:13,835 INFO - service - Starting service
2015-03-04 19:41:13,876 INFO - interface - XRecord interface thread starting
2015-03-04 19:41:13,877 INFO - service - Service now marked as running
2015-03-04 19:41:13,886 INFO - root - Entering main()
2015-03-04 20:11:55,292 INFO - root - Initialising application
2015-03-04 20:11:55,337 INFO - root - Initialise global hotkeys
2015-03-04 20:11:55,338 INFO - config-manager - Loading config from existing file: /home/steve/.config/autokey/autokey.json
2015-03-04 20:11:55,740 INFO - config-manager - Configuration changed - rebuilding in-memory structures
2015-03-04 20:11:55,740 INFO - config-manager - Successfully loaded configuration
2015-03-04 20:11:55,741 INFO - service - Starting service
2015-03-04 20:11:55,958 INFO - interface - XRecord interface thread starting
2015-03-04 20:11:55,959 INFO - service - Service now marked as running
2015-03-04 20:11:56,336 INFO - root - Entering main()
2015-03-04 20:30:00,987 INFO - root - Initialising application
2015-03-04 20:30:01,037 INFO - root - Initialise global hotkeys
2015-03-04 20:30:01,038 INFO - config-manager - Loading config from existing file: /home/steve/.config/autokey/autokey.json
2015-03-04 20:30:01,831 INFO - config-manager - Configuration changed - rebuilding in-memory structures
2015-03-04 20:30:01,831 INFO - config-manager - Successfully loaded configuration
2015-03-04 20:30:01,831 INFO - service - Starting service
2015-03-04 20:30:02,175 INFO - interface - XRecord interface thread starting
2015-03-04 20:30:02,176 INFO - service - Service now marked as running
2015-03-04 20:30:02,672 INFO - root - Entering main()
2015-03-04 22:59:26,090 INFO - root - Displaying configuration window
2015-03-04 23:00:24,893 INFO - config-manager - Configuration changed - rebuilding in-memory structures
2015-03-04 23:00:33,175 INFO - service - Undoing last abbreviation expansion
2015-03-04 23:01:10,083 INFO - config-manager - Configuration changed - rebuilding in-memory structures
2015-03-04 23:01:48,928 INFO - config-manager - Configuration changed - rebuilding in-memory structures
2015-03-04 23:01:48,929 INFO - config-manager - Persisting configuration
2015-03-04 23:01:48,929 INFO - config-manager - Backing up existing config file
2015-03-04 23:01:48,931 INFO - config-manager - Finished persisting configuration - no errors
2015-03-04 23:03:39,779 INFO - root - Displaying configuration window
2015-03-04 23:03:59,658 INFO - config-manager - Configuration changed - rebuilding in-memory structures
2015-03-04 23:10:07,214 INFO - config-manager - Configuration changed - rebuilding in-memory structures
2015-03-04 23:10:07,216 INFO - config-manager - Persisting configuration
2015-03-04 23:10:07,216 INFO - config-manager - Backing up existing config file
2015-03-04 23:10:07,218 INFO - config-manager - Finished persisting configuration - no errors
2015-03-05 08:17:37,268 INFO - root - Displaying configuration window
2015-03-05 08:22:57,813 INFO - config-manager - Configuration changed - rebuilding in-memory structures
2015-03-05 08:26:35,055 INFO - config-manager - Configuration changed - rebuilding in-memory structures
2015-03-05 08:26:35,055 INFO - config-manager - Persisting configuration
2015-03-05 08:26:35,055 INFO - config-manager - Backing up existing config file
2015-03-05 08:26:35,056 INFO - config-manager - Finished persisting configuration - no errors
2015-03-05 10:56:35,931 INFO - root - Initialising application
2015-03-05 10:56:36,087 INFO - root - Initialise global hotkeys
2015-03-05 10:56:36,087 INFO - config-manager - Loading config from existing file: /home/steve/.config/autokey/autokey.json
2015-03-05 10:56:39,163 INFO - config-manager - Configuration changed - rebuilding in-memory structures
2015-03-05 10:56:39,164 INFO - config-manager - Successfully loaded configuration
2015-03-05 10:56:39,164 INFO - service - Starting service
2015-03-05 10:56:39,449 INFO - interface - XRecord interface thread starting
2015-03-05 10:56:39,450 INFO - service - Service now marked as running
2015-03-05 10:56:39,624 INFO - root - Entering main()
2015-03-05 22:43:30,393 INFO - root - Initialising application
2015-03-05 22:43:30,545 INFO - root - Initialise global hotkeys
2015-03-05 22:43:30,545 INFO - config-manager - Loading config from existing file: /home/steve/.config/autokey/autokey.json
2015-03-05 22:43:31,889 INFO - config-manager - Configuration changed - rebuilding in-memory structures
2015-03-05 22:43:31,889 INFO - config-manager - Successfully loaded configuration
2015-03-05 22:43:31,890 INFO - service - Starting service
2015-03-05 22:43:33,205 INFO - interface - XRecord interface thread starting
2015-03-05 22:43:33,206 INFO - service - Service now marked as running
2015-03-05 22:43:33,214 INFO - root - Entering main()
2015-03-05 22:45:32,102 INFO - root - Initialising application
2015-03-05 22:45:32,272 INFO - root - Initialise global hotkeys
2015-03-05 22:45:32,272 INFO - config-manager - Loading config from existing file: /home/steve/.config/autokey/autokey.json
2015-03-05 22:45:34,393 INFO - config-manager - Configuration changed - rebuilding in-memory structures
2015-03-05 22:45:34,394 INFO - config-manager - Successfully loaded configuration
2015-03-05 22:45:34,394 INFO - service - Starting service
2015-03-05 22:45:34,950 INFO - interface - XRecord interface thread starting
2015-03-05 22:45:34,950 INFO - service - Service now marked as running
2015-03-05 22:45:35,681 INFO - root - Entering main()
2015-03-10 19:57:41,634 INFO - root - Initialising application
2015-03-10 19:57:41,806 INFO - root - Initialise global hotkeys
2015-03-10 19:57:41,816 INFO - config-manager - Loading config from existing file: /home/steve/.config/autokey/autokey.json
2015-03-10 19:57:50,032 INFO - config-manager - Configuration changed - rebuilding in-memory structures
2015-03-10 19:57:50,033 INFO - config-manager - Successfully loaded configuration
2015-03-10 19:57:50,033 INFO - service - Starting service
2015-03-10 19:57:53,945 INFO - interface - XRecord interface thread starting
2015-03-10 19:57:53,946 INFO - service - Service now marked as running
2015-03-10 19:57:59,748 INFO - root - Entering main()
2015-03-10 23:47:31,149 INFO - root - Initialising application
2015-03-10 23:47:31,157 INFO - root - Initialise global hotkeys
2015-03-10 23:47:31,157 INFO - config-manager - Loading config from existing file: /home/steve/.config/autokey/autokey.json
2015-03-10 23:47:31,760 INFO - config-manager - Configuration changed - rebuilding in-memory structures
2015-03-10 23:47:31,760 INFO - config-manager - Successfully loaded configuration
2015-03-10 23:47:31,760 INFO - service - Starting service
2015-03-10 23:47:32,503 INFO - interface - XRecord interface thread starting
2015-03-10 23:47:32,504 INFO - service - Service now marked as running
2015-03-10 23:47:32,988 INFO - root - Entering main()
2015-03-13 00:22:24,833 INFO - root - Initialising application
2015-03-13 00:22:25,109 INFO - root - Initialise global hotkeys
2015-03-13 00:22:25,109 INFO - config-manager - Loading config from existing file: /home/steve/.config/autokey/autokey.json
2015-03-13 00:22:26,235 INFO - config-manager - Configuration changed - rebuilding in-memory structures
2015-03-13 00:22:26,236 INFO - config-manager - Successfully loaded configuration
2015-03-13 00:22:26,236 INFO - service - Starting service
2015-03-13 00:22:27,135 INFO - interface - XRecord interface thread starting
2015-03-13 00:22:27,136 INFO - service - Service now marked as running
2015-03-13 00:22:28,185 INFO - root - Entering main()
2015-03-15 22:43:07,689 INFO - root - Initialising application
2015-03-15 22:43:07,832 INFO - root - Initialise global hotkeys
2015-03-15 22:43:07,832 INFO - config-manager - Loading config from existing file: /home/steve/.config/autokey/autokey.json
2015-03-15 22:43:08,746 INFO - config-manager - Configuration changed - rebuilding in-memory structures
2015-03-15 22:43:08,747 INFO - config-manager - Successfully loaded configuration
2015-03-15 22:43:08,747 INFO - service - Starting service
2015-03-15 22:43:09,250 INFO - interface - XRecord interface thread starting
2015-03-15 22:43:09,250 INFO - service - Service now marked as running
2015-03-15 22:43:12,187 INFO - root - Entering main()
2015-03-15 23:16:56,847 INFO - root - Initialising application
2015-03-15 23:16:57,083 INFO - root - Initialise global hotkeys
2015-03-15 23:16:57,083 INFO - config-manager - Loading config from existing file: /home/steve/.config/autokey/autokey.json
2015-03-15 23:16:58,736 INFO - config-manager - Configuration changed - rebuilding in-memory structures
2015-03-15 23:16:58,736 INFO - config-manager - Successfully loaded configuration
2015-03-15 23:16:58,736 INFO - service - Starting service
2015-03-15 23:16:59,140 INFO - interface - XRecord interface thread starting
2015-03-15 23:16:59,141 INFO - service - Service now marked as running
2015-03-15 23:16:59,838 INFO - root - Entering main()
2015-03-16 21:57:41,283 INFO - root - Initialising application
2015-03-16 21:57:41,384 INFO - root - Initialise global hotkeys
2015-03-16 21:57:41,384 INFO - config-manager - Loading config from existing file: /home/steve/.config/autokey/autokey.json
2015-03-16 21:57:42,637 INFO - config-manager - Configuration changed - rebuilding in-memory structures
2015-03-16 21:57:42,638 INFO - config-manager - Successfully loaded configuration
2015-03-16 21:57:42,638 INFO - service - Starting service
2015-03-16 21:57:43,011 INFO - interface - XRecord interface thread starting
2015-03-16 21:57:43,012 INFO - service - Service now marked as running
2015-03-16 21:57:43,325 INFO - root - Entering main()
2015-03-17 10:24:32,984 INFO - root - Initialising application
2015-03-17 10:24:33,171 INFO - root - Initialise global hotkeys
2015-03-17 10:24:33,171 INFO - config-manager - Loading config from existing file: /home/steve/.config/autokey/autokey.json
2015-03-17 10:24:35,638 INFO - config-manager - Configuration changed - rebuilding in-memory structures
2015-03-17 10:24:35,639 INFO - config-manager - Successfully loaded configuration
2015-03-17 10:24:35,639 INFO - service - Starting service
2015-03-17 10:24:36,620 INFO - interface - XRecord interface thread starting
2015-03-17 10:24:36,621 INFO - service - Service now marked as running
2015-03-17 10:24:37,515 INFO - root - Entering main()
2015-03-18 23:37:12,322 ERROR - root - Error communicating with Dbus service
Traceback (most recent call last):
  File "/usr/lib/python2.7/site-packages/autokey/gtkapp.py", line 106, in __verifyNotRunning
    dbusService = bus.get_object("org.autokey.Service", "/AppService")
  File "/usr/lib/python2.7/site-packages/dbus/bus.py", line 241, in get_object
    follow_name_owner_changes=follow_name_owner_changes)
  File "/usr/lib/python2.7/site-packages/dbus/proxies.py", line 248, in __init__
    self._named_service = conn.activate_name_owner(bus_name)
  File "/usr/lib/python2.7/site-packages/dbus/bus.py", line 180, in activate_name_owner
    self.start_service_by_name(bus_name)
  File "/usr/lib/python2.7/site-packages/dbus/bus.py", line 278, in start_service_by_name
    'su', (bus_name, flags)))
  File "/usr/lib/python2.7/site-packages/dbus/connection.py", line 651, in call_blocking
    message, timeout)
DBusException: org.freedesktop.DBus.Error.ServiceUnknown: The name org.autokey.Service was not provided by any .service files
2015-03-20 10:53:43,159 INFO - root - Initialising application
2015-03-20 10:53:43,200 INFO - root - Initialise global hotkeys
2015-03-20 10:53:43,201 INFO - config-manager - Loading config from existing file: /home/steve/.config/autokey/autokey.json
2015-03-20 10:53:43,788 INFO - config-manager - Configuration changed - rebuilding in-memory structures
2015-03-20 10:53:43,789 INFO - config-manager - Successfully loaded configuration
2015-03-20 10:53:43,789 INFO - service - Starting service
2015-03-20 10:53:43,912 INFO - interface - XRecord interface thread starting
2015-03-20 10:53:43,913 INFO - service - Service now marked as running
2015-03-20 10:53:51,498 INFO - root - Entering main()
2015-03-22 23:31:30,959 INFO - root - Initialising application
2015-03-22 23:31:31,127 INFO - root - Initialise global hotkeys
2015-03-22 23:31:31,127 INFO - config-manager - Loading config from existing file: /home/steve/.config/autokey/autokey.json
2015-03-22 23:31:33,653 INFO - config-manager - Configuration changed - rebuilding in-memory structures
2015-03-22 23:31:33,654 INFO - config-manager - Successfully loaded configuration
2015-03-22 23:31:33,654 INFO - service - Starting service
2015-03-22 23:31:35,211 INFO - interface - XRecord interface thread starting
2015-03-22 23:31:35,211 INFO - service - Service now marked as running
2015-03-22 23:31:36,275 INFO - root - Entering main()
2015-03-25 18:39:47,677 INFO - root - Initialising application
2015-03-25 18:39:47,835 INFO - root - Initialise global hotkeys
2015-03-25 18:39:47,835 INFO - config-manager - Loading config from existing file: /home/steve/.config/autokey/autokey.json
2015-03-25 18:39:49,184 INFO - config-manager - Configuration changed - rebuilding in-memory structures
2015-03-25 18:39:49,185 INFO - config-manager - Successfully loaded configuration
2015-03-25 18:39:49,185 INFO - service - Starting service
2015-03-25 18:39:49,734 INFO - interface - XRecord interface thread starting
2015-03-25 18:39:49,734 INFO - service - Service now marked as running
2015-03-25 18:39:50,066 INFO - root - Entering main()
2015-03-29 23:13:31,472 INFO - root - Initialising application
2015-03-29 23:13:31,729 INFO - root - Initialise global hotkeys
2015-03-29 23:13:31,745 INFO - config-manager - Loading config from existing file: /home/steve/.config/autokey/autokey.json
2015-03-29 23:13:36,035 INFO - config-manager - Configuration changed - rebuilding in-memory structures
2015-03-29 23:13:36,036 INFO - config-manager - Successfully loaded configuration
2015-03-29 23:13:36,036 INFO - service - Starting service
2015-03-29 23:13:37,097 INFO - interface - XRecord interface thread starting
2015-03-29 23:13:37,099 INFO - service - Service now marked as running
2015-03-29 23:13:37,939 INFO - root - Entering main()
2015-04-01 02:28:29,622 INFO - root - Initialising application
2015-04-01 02:28:29,801 INFO - root - Initialise global hotkeys
2015-04-01 02:28:29,802 INFO - config-manager - Loading config from existing file: /home/steve/.config/autokey/autokey.json
2015-04-01 02:28:31,689 INFO - config-manager - Configuration changed - rebuilding in-memory structures
2015-04-01 02:28:31,690 INFO - config-manager - Successfully loaded configuration
2015-04-01 02:28:31,690 INFO - service - Starting service
2015-04-01 02:28:32,293 INFO - interface - XRecord interface thread starting
2015-04-01 02:28:32,294 INFO - service - Service now marked as running
2015-04-01 02:28:33,498 INFO - root - Entering main()
2015-04-02 19:23:59,758 INFO - root - Initialising application
2015-04-02 19:24:00,008 INFO - root - Initialise global hotkeys
2015-04-02 19:24:00,008 INFO - config-manager - Loading config from existing file: /home/steve/.config/autokey/autokey.json
2015-04-02 19:24:04,517 INFO - config-manager - Configuration changed - rebuilding in-memory structures
2015-04-02 19:24:04,517 INFO - config-manager - Successfully loaded configuration
2015-04-02 19:24:04,518 INFO - service - Starting service
2015-04-02 19:24:06,783 INFO - interface - XRecord interface thread starting
2015-04-02 19:24:06,784 INFO - service - Service now marked as running
2015-04-02 19:24:10,463 INFO - root - Entering main()
2015-04-02 19:45:49,436 INFO - root - Initialising application
2015-04-02 19:45:50,039 INFO - root - Initialise global hotkeys
2015-04-02 19:45:50,039 INFO - config-manager - Loading config from existing file: /home/steve/.config/autokey/autokey.json
2015-04-02 19:45:58,437 INFO - config-manager - Configuration changed - rebuilding in-memory structures
2015-04-02 19:45:58,438 INFO - config-manager - Successfully loaded configuration
2015-04-02 19:45:58,438 INFO - service - Starting service
2015-04-02 19:46:00,084 INFO - interface - XRecord interface thread starting
2015-04-02 19:46:00,085 INFO - service - Service now marked as running
2015-04-02 19:46:02,018 INFO - root - Entering main()
2015-04-02 20:02:09,923 INFO - root - Initialising application
2015-04-02 20:02:10,414 INFO - root - Initialise global hotkeys
2015-04-02 20:02:10,414 INFO - config-manager - Loading config from existing file: /home/steve/.config/autokey/autokey.json
2015-04-02 20:02:14,155 INFO - config-manager - Configuration changed - rebuilding in-memory structures
2015-04-02 20:02:14,155 INFO - config-manager - Successfully loaded configuration
2015-04-02 20:02:14,155 INFO - service - Starting service
2015-04-02 20:02:14,493 INFO - interface - XRecord interface thread starting
2015-04-02 20:02:14,493 INFO - service - Service now marked as running
2015-04-02 20:02:14,896 INFO - root - Entering main()
2015-04-03 08:07:02,511 INFO - root - Initialising application
2015-04-03 08:07:03,502 INFO - root - Initialise global hotkeys
2015-04-03 08:07:03,502 INFO - config-manager - Loading config from existing file: /home/steve/.config/autokey/autokey.json
2015-04-03 08:07:15,342 INFO - config-manager - Configuration changed - rebuilding in-memory structures
2015-04-03 08:07:15,343 INFO - config-manager - Successfully loaded configuration
2015-04-03 08:07:15,343 INFO - service - Starting service
2015-04-03 08:07:18,279 INFO - interface - XRecord interface thread starting
2015-04-03 08:07:18,279 INFO - service - Service now marked as running
2015-04-03 08:07:18,755 INFO - root - Entering main()
2015-04-03 15:48:36,675 INFO - root - Initialising application
2015-04-03 15:48:36,819 INFO - root - Initialise global hotkeys
2015-04-03 15:48:36,819 INFO - config-manager - Loading config from existing file: /home/steve/.config/autokey/autokey.json
2015-04-03 15:48:38,101 INFO - config-manager - Configuration changed - rebuilding in-memory structures
2015-04-03 15:48:38,102 INFO - config-manager - Successfully loaded configuration
2015-04-03 15:48:38,102 INFO - service - Starting service
2015-04-03 15:48:39,031 INFO - interface - XRecord interface thread starting
2015-04-03 15:48:39,031 INFO - service - Service now marked as running
2015-04-03 15:48:39,162 INFO - root - Entering main()
2015-04-03 21:31:19,565 INFO - root - Initialising application
2015-04-03 21:31:19,751 INFO - root - Initialise global hotkeys
2015-04-03 21:31:19,751 INFO - config-manager - Loading config from existing file: /home/steve/.config/autokey/autokey.json
2015-04-03 21:31:29,252 INFO - config-manager - Configuration changed - rebuilding in-memory structures
2015-04-03 21:31:29,253 INFO - config-manager - Successfully loaded configuration
2015-04-03 21:31:29,253 INFO - service - Starting service
2015-04-03 21:31:30,684 INFO - interface - XRecord interface thread starting
2015-04-03 21:31:30,685 INFO - service - Service now marked as running
2015-04-03 21:31:31,354 INFO - root - Entering main()
2015-04-04 01:00:12,146 INFO - root - Initialising application
2015-04-04 01:00:12,308 INFO - root - Initialise global hotkeys
2015-04-04 01:00:12,309 INFO - config-manager - Loading config from existing file: /home/steve/.config/autokey/autokey.json
2015-04-04 01:00:13,724 INFO - config-manager - Configuration changed - rebuilding in-memory structures
2015-04-04 01:00:13,725 INFO - config-manager - Successfully loaded configuration
2015-04-04 01:00:13,780 INFO - service - Starting service
2015-04-04 01:00:14,977 INFO - interface - XRecord interface thread starting
2015-04-04 01:00:14,977 INFO - service - Service now marked as running
2015-04-04 01:00:15,326 INFO - root - Entering main()
2015-04-04 01:02:54,838 INFO - root - Initialising application
2015-04-04 01:02:54,860 INFO - root - Initialise global hotkeys
2015-04-04 01:02:54,860 INFO - config-manager - Loading config from existing file: /home/steve/.config/autokey/autokey.json
2015-04-04 01:02:54,863 INFO - config-manager - Configuration changed - rebuilding in-memory structures
2015-04-04 01:02:54,863 INFO - config-manager - Successfully loaded configuration
2015-04-04 01:02:54,864 INFO - service - Starting service
2015-04-04 01:02:54,918 INFO - interface - XRecord interface thread starting
2015-04-04 01:02:54,919 INFO - service - Service now marked as running
2015-04-04 01:02:54,927 INFO - root - Entering main()
2015-04-04 10:00:30,446 INFO - root - Initialising application
2015-04-04 10:00:30,653 INFO - root - Initialise global hotkeys
2015-04-04 10:00:30,653 INFO - config-manager - Loading config from existing file: /home/steve/.config/autokey/autokey.json
2015-04-04 10:00:33,631 INFO - config-manager - Configuration changed - rebuilding in-memory structures
2015-04-04 10:00:33,632 INFO - config-manager - Successfully loaded configuration
2015-04-04 10:00:33,632 INFO - service - Starting service
2015-04-04 10:00:34,253 INFO - interface - XRecord interface thread starting
2015-04-04 10:00:34,254 INFO - service - Service now marked as running
2015-04-04 10:00:35,092 INFO - root - Entering main()
2015-04-04 10:30:27,147 INFO - root - Initialising application
2015-04-04 10:30:27,162 INFO - root - Initialise global hotkeys
2015-04-04 10:30:27,162 INFO - config-manager - Loading config from existing file: /home/steve/.config/autokey/autokey.json
2015-04-04 10:30:27,166 INFO - config-manager - Configuration changed - rebuilding in-memory structures
2015-04-04 10:30:27,166 INFO - config-manager - Successfully loaded configuration
2015-04-04 10:30:27,167 INFO - service - Starting service
2015-04-04 10:30:27,228 INFO - interface - XRecord interface thread starting
2015-04-04 10:30:27,229 INFO - service - Service now marked as running
2015-04-04 10:30:27,237 INFO - root - Entering main()
2015-04-09 10:47:54,268 INFO - root - Initialising application
2015-04-09 10:47:54,447 INFO - root - Initialise global hotkeys
2015-04-09 10:47:54,447 INFO - config-manager - Loading config from existing file: /home/steve/.config/autokey/autokey.json
2015-04-09 10:47:55,854 INFO - config-manager - Configuration changed - rebuilding in-memory structures
2015-04-09 10:47:55,854 INFO - config-manager - Successfully loaded configuration
2015-04-09 10:47:55,854 INFO - service - Starting service
2015-04-09 10:47:57,360 INFO - interface - XRecord interface thread starting
2015-04-09 10:47:57,360 INFO - service - Service now marked as running
2015-04-09 10:47:57,369 INFO - root - Entering main()
2015-04-09 11:09:12,598 INFO - root - Initialising application
2015-04-09 11:09:13,063 INFO - root - Initialise global hotkeys
2015-04-09 11:09:13,074 INFO - config-manager - Loading config from existing file: /home/steve/.config/autokey/autokey.json
2015-04-09 11:09:16,476 INFO - config-manager - Configuration changed - rebuilding in-memory structures
2015-04-09 11:09:16,476 INFO - config-manager - Successfully loaded configuration
2015-04-09 11:09:16,477 INFO - service - Starting service
2015-04-09 11:09:16,896 INFO - interface - XRecord interface thread starting
2015-04-09 11:09:16,897 INFO - service - Service now marked as running
2015-04-09 11:09:17,571 INFO - root - Entering main()
2015-04-09 11:26:17,466 INFO - root - Initialising application
2015-04-09 11:26:17,716 INFO - root - Initialise global hotkeys
2015-04-09 11:26:17,716 INFO - config-manager - Loading config from existing file: /home/steve/.config/autokey/autokey.json
2015-04-09 11:26:28,529 INFO - config-manager - Configuration changed - rebuilding in-memory structures
2015-04-09 11:26:28,529 INFO - config-manager - Successfully loaded configuration
2015-04-09 11:26:28,530 INFO - service - Starting service
2015-04-09 11:26:29,350 INFO - interface - XRecord interface thread starting
2015-04-09 11:26:29,351 INFO - service - Service now marked as running
2015-04-09 11:26:30,338 INFO - root - Entering main()
2015-04-10 02:50:41,419 INFO - root - Initialising application
2015-04-10 02:50:41,792 INFO - root - Initialise global hotkeys
2015-04-10 02:50:41,792 INFO - config-manager - Loading config from existing file: /home/steve/.config/autokey/autokey.json
2015-04-10 02:50:43,804 INFO - config-manager - Configuration changed - rebuilding in-memory structures
2015-04-10 02:50:43,805 INFO - config-manager - Successfully loaded configuration
2015-04-10 02:50:43,805 INFO - service - Starting service
2015-04-10 02:50:44,602 INFO - interface - XRecord interface thread starting
2015-04-10 02:50:44,610 INFO - service - Service now marked as running
2015-04-10 02:50:45,645 INFO - root - Entering main()
2015-04-10 18:06:43,574 INFO - root - Initialising application
2015-04-10 18:06:44,165 INFO - root - Initialise global hotkeys
2015-04-10 18:06:44,166 INFO - config-manager - Loading config from existing file: /home/steve/.config/autokey/autokey.json
2015-04-10 18:06:46,847 INFO - config-manager - Configuration changed - rebuilding in-memory structures
2015-04-10 18:06:46,848 INFO - config-manager - Successfully loaded configuration
2015-04-10 18:06:46,848 INFO - service - Starting service
2015-04-10 18:06:47,498 INFO - interface - XRecord interface thread starting
2015-04-10 18:06:47,499 INFO - service - Service now marked as running
2015-04-10 18:06:48,125 INFO - root - Entering main()
2015-04-12 12:10:20,995 INFO - root - Initialising application
2015-04-12 12:10:21,012 INFO - root - Initialise global hotkeys
2015-04-12 12:10:21,012 INFO - config-manager - Loading config from existing file: /home/steve/.config/autokey/autokey.json
2015-04-12 12:10:21,016 INFO - config-manager - Configuration changed - rebuilding in-memory structures
2015-04-12 12:10:21,016 INFO - config-manager - Successfully loaded configuration
2015-04-12 12:10:21,016 INFO - service - Starting service
2015-04-12 12:10:21,077 INFO - interface - XRecord interface thread starting
2015-04-12 12:10:21,077 INFO - service - Service now marked as running
2015-04-12 12:10:21,111 INFO - root - Entering main()
2015-04-13 10:20:40,299 INFO - root - Initialising application
2015-04-13 10:20:40,310 INFO - root - Initialise global hotkeys
2015-04-13 10:20:40,310 INFO - config-manager - Loading config from existing file: /home/steve/.config/autokey/autokey.json
2015-04-13 10:20:40,312 INFO - config-manager - Configuration changed - rebuilding in-memory structures
2015-04-13 10:20:40,313 INFO - config-manager - Successfully loaded configuration
2015-04-13 10:20:40,313 INFO - service - Starting service
2015-04-13 10:20:40,356 INFO - interface - XRecord interface thread starting
2015-04-13 10:20:40,357 INFO - service - Service now marked as running
2015-04-13 10:20:40,365 INFO - root - Entering main()
2015-04-13 23:28:35,286 INFO - root - Initialising application
2015-04-13 23:28:35,621 INFO - root - Initialise global hotkeys
2015-04-13 23:28:35,621 INFO - config-manager - Loading config from existing file: /home/steve/.config/autokey/autokey.json
2015-04-13 23:28:45,703 INFO - config-manager - Configuration changed - rebuilding in-memory structures
2015-04-13 23:28:45,703 INFO - config-manager - Successfully loaded configuration
2015-04-13 23:28:45,704 INFO - service - Starting service
2015-04-13 23:28:46,827 INFO - interface - XRecord interface thread starting
2015-04-13 23:28:46,828 INFO - service - Service now marked as running
2015-04-13 23:28:48,440 INFO - root - Entering main()
2015-04-16 00:20:32,099 INFO - root - Initialising application
2015-04-16 00:20:32,306 INFO - root - Initialise global hotkeys
2015-04-16 00:20:32,306 INFO - config-manager - Loading config from existing file: /home/steve/.config/autokey/autokey.json
2015-04-16 00:20:34,540 INFO - config-manager - Configuration changed - rebuilding in-memory structures
2015-04-16 00:20:34,540 INFO - config-manager - Successfully loaded configuration
2015-04-16 00:20:34,540 INFO - service - Starting service
2015-04-16 00:20:35,099 INFO - interface - XRecord interface thread starting
2015-04-16 00:20:35,100 INFO - service - Service now marked as running
2015-04-16 00:20:37,120 INFO - root - Entering main()
2015-04-16 00:56:02,789 INFO - root - Initialising application
2015-04-16 00:56:03,044 INFO - root - Initialise global hotkeys
2015-04-16 00:56:03,121 INFO - config-manager - Loading config from existing file: /home/steve/.config/autokey/autokey.json
2015-04-16 00:56:07,365 INFO - config-manager - Configuration changed - rebuilding in-memory structures
2015-04-16 00:56:07,365 INFO - config-manager - Successfully loaded configuration
2015-04-16 00:56:07,365 INFO - service - Starting service
2015-04-16 00:56:08,193 INFO - interface - XRecord interface thread starting
2015-04-16 00:56:08,193 INFO - service - Service now marked as running
2015-04-16 00:56:08,604 INFO - root - Entering main()
2015-04-16 11:39:13,943 INFO - root - Initialising application
2015-04-16 11:39:14,242 INFO - root - Initialise global hotkeys
2015-04-16 11:39:14,242 INFO - config-manager - Loading config from existing file: /home/steve/.config/autokey/autokey.json
2015-04-16 11:39:17,306 INFO - config-manager - Configuration changed - rebuilding in-memory structures
2015-04-16 11:39:17,307 INFO - config-manager - Successfully loaded configuration
2015-04-16 11:39:17,307 INFO - service - Starting service
2015-04-16 11:39:18,263 INFO - interface - XRecord interface thread starting
2015-04-16 11:39:18,264 INFO - service - Service now marked as running
2015-04-16 11:39:19,192 INFO - root - Entering main()
2015-04-16 13:58:49,469 INFO - root - Initialising application
2015-04-16 13:58:49,493 INFO - root - Initialise global hotkeys
2015-04-16 13:58:49,493 INFO - config-manager - Loading config from existing file: /home/steve/.config/autokey/autokey.json
2015-04-16 13:58:49,510 INFO - config-manager - Configuration changed - rebuilding in-memory structures
2015-04-16 13:58:49,511 INFO - config-manager - Successfully loaded configuration
2015-04-16 13:58:49,511 INFO - service - Starting service
2015-04-16 13:58:49,622 INFO - interface - XRecord interface thread starting
2015-04-16 13:58:49,637 INFO - service - Service now marked as running
2015-04-16 13:58:49,648 INFO - root - Entering main()
2015-04-16 20:24:33,820 INFO - root - Initialising application
2015-04-16 20:24:33,831 INFO - root - Initialise global hotkeys
2015-04-16 20:24:33,831 INFO - config-manager - Loading config from existing file: /home/steve/.config/autokey/autokey.json
2015-04-16 20:24:33,833 INFO - config-manager - Configuration changed - rebuilding in-memory structures
2015-04-16 20:24:33,834 INFO - config-manager - Successfully loaded configuration
2015-04-16 20:24:33,834 INFO - service - Starting service
2015-04-16 20:24:33,908 INFO - interface - XRecord interface thread starting
2015-04-16 20:24:33,908 INFO - service - Service now marked as running
2015-04-16 20:24:34,981 INFO - root - Entering main()
2015-04-16 22:42:45,492 INFO - root - Initialising application
2015-04-16 22:42:45,513 INFO - root - Initialise global hotkeys
2015-04-16 22:42:45,514 INFO - config-manager - Loading config from existing file: /home/steve/.config/autokey/autokey.json
2015-04-16 22:42:45,517 INFO - config-manager - Configuration changed - rebuilding in-memory structures
2015-04-16 22:42:45,518 INFO - config-manager - Successfully loaded configuration
2015-04-16 22:42:45,519 INFO - service - Starting service
2015-04-16 22:42:45,605 INFO - interface - XRecord interface thread starting
2015-04-16 22:42:45,610 INFO - service - Service now marked as running
2015-04-16 22:42:45,665 INFO - root - Entering main()
2015-04-17 19:53:48,445 INFO - root - Initialising application
2015-04-17 19:53:50,427 INFO - root - Initialise global hotkeys
2015-04-17 19:53:50,427 INFO - config-manager - Loading config from existing file: /home/steve/.config/autokey/autokey.json
2015-04-17 19:53:53,341 INFO - config-manager - Configuration changed - rebuilding in-memory structures
2015-04-17 19:53:53,341 INFO - config-manager - Successfully loaded configuration
2015-04-17 19:53:53,342 INFO - service - Starting service
2015-04-17 19:53:53,490 INFO - interface - XRecord interface thread starting
2015-04-17 19:53:53,491 INFO - service - Service now marked as running
2015-04-17 19:53:54,894 INFO - root - Entering main()
2015-04-17 19:57:47,303 INFO - root - Initialising application
2015-04-17 19:57:47,496 INFO - root - Initialise global hotkeys
2015-04-17 19:57:47,496 INFO - config-manager - Loading config from existing file: /home/steve/.config/autokey/autokey.json
2015-04-17 19:57:51,220 INFO - config-manager - Configuration changed - rebuilding in-memory structures
2015-04-17 19:57:51,220 INFO - config-manager - Successfully loaded configuration
2015-04-17 19:57:51,220 INFO - service - Starting service
2015-04-17 19:57:51,982 INFO - interface - XRecord interface thread starting
2015-04-17 19:57:51,983 INFO - service - Service now marked as running
2015-04-17 19:57:52,506 INFO - root - Entering main()
2015-04-17 20:11:54,675 INFO - root - Initialising application
2015-04-17 20:11:54,821 INFO - root - Initialise global hotkeys
2015-04-17 20:11:54,821 INFO - config-manager - Loading config from existing file: /home/steve/.config/autokey/autokey.json
2015-04-17 20:11:56,867 INFO - config-manager - Configuration changed - rebuilding in-memory structures
2015-04-17 20:11:56,867 INFO - config-manager - Successfully loaded configuration
2015-04-17 20:11:56,868 INFO - service - Starting service
2015-04-17 20:11:57,228 INFO - interface - XRecord interface thread starting
2015-04-17 20:11:57,229 INFO - service - Service now marked as running
2015-04-17 20:11:58,252 INFO - root - Entering main()
2015-04-17 20:14:54,506 INFO - root - Initialising application
2015-04-17 20:14:55,270 INFO - root - Initialise global hotkeys
2015-04-17 20:14:55,275 INFO - config-manager - Loading config from existing file: /home/steve/.config/autokey/autokey.json
2015-04-17 20:15:02,115 INFO - config-manager - Configuration changed - rebuilding in-memory structures
2015-04-17 20:15:02,116 INFO - config-manager - Successfully loaded configuration
2015-04-17 20:15:02,116 INFO - service - Starting service
2015-04-17 20:15:03,534 INFO - interface - XRecord interface thread starting
2015-04-17 20:15:03,534 INFO - service - Service now marked as running
2015-04-17 20:15:06,050 INFO - root - Entering main()
2015-04-17 20:20:41,693 INFO - root - Initialising application
2015-04-17 20:20:41,703 INFO - root - Initialise global hotkeys
2015-04-17 20:20:41,703 INFO - config-manager - Loading config from existing file: /home/steve/.config/autokey/autokey.json
2015-04-17 20:20:41,705 INFO - config-manager - Configuration changed - rebuilding in-memory structures
2015-04-17 20:20:41,706 INFO - config-manager - Successfully loaded configuration
2015-04-17 20:20:41,706 INFO - service - Starting service
2015-04-17 20:20:41,843 INFO - service - Service now marked as running
2015-04-17 20:20:41,851 INFO - interface - XRecord interface thread starting
2015-04-17 20:20:41,855 INFO - root - Entering main()
2015-04-17 20:23:50,224 INFO - root - Initialising application
2015-04-17 20:23:50,256 INFO - root - Initialise global hotkeys
2015-04-17 20:23:50,256 INFO - config-manager - Loading config from existing file: /home/steve/.config/autokey/autokey.json
2015-04-17 20:23:50,259 INFO - config-manager - Configuration changed - rebuilding in-memory structures
2015-04-17 20:23:50,260 INFO - config-manager - Successfully loaded configuration
2015-04-17 20:23:50,260 INFO - service - Starting service
2015-04-17 20:23:50,340 INFO - interface - XRecord interface thread starting
2015-04-17 20:23:50,351 INFO - service - Service now marked as running
2015-04-17 20:23:50,375 INFO - root - Entering main()
2015-04-17 21:32:46,776 INFO - root - Displaying configuration window
2015-04-18 10:23:11,098 INFO - root - Initialising application
2015-04-18 10:23:11,377 INFO - root - Initialise global hotkeys
2015-04-18 10:23:11,520 INFO - config-manager - Loading config from existing file: /home/steve/.config/autokey/autokey.json
2015-04-18 10:23:17,904 INFO - config-manager - Configuration changed - rebuilding in-memory structures
2015-04-18 10:23:17,904 INFO - config-manager - Successfully loaded configuration
2015-04-18 10:23:17,904 INFO - service - Starting service
2015-04-18 10:23:21,853 INFO - interface - XRecord interface thread starting
2015-04-18 10:23:21,853 INFO - service - Service now marked as running
2015-04-18 10:23:24,430 INFO - root - Entering main()
2015-04-19 22:37:57,209 INFO - root - Initialising application
2015-04-19 22:37:57,561 INFO - root - Initialise global hotkeys
2015-04-19 22:37:57,561 INFO - config-manager - Loading config from existing file: /home/steve/.config/autokey/autokey.json
2015-04-19 22:37:58,985 INFO - config-manager - Configuration changed - rebuilding in-memory structures
2015-04-19 22:37:58,986 INFO - config-manager - Successfully loaded configuration
2015-04-19 22:37:58,986 INFO - service - Starting service
2015-04-19 22:37:59,400 INFO - interface - XRecord interface thread starting
2015-04-19 22:37:59,401 INFO - service - Service now marked as running
2015-04-19 22:37:59,823 INFO - root - Entering main()
2015-04-24 10:08:01,573 INFO - root - Initialising application
2015-04-24 10:08:02,069 INFO - root - Initialise global hotkeys
2015-04-24 10:08:02,153 INFO - config-manager - Loading config from existing file: /home/steve/.config/autokey/autokey.json
2015-04-24 10:08:11,363 INFO - config-manager - Configuration changed - rebuilding in-memory structures
2015-04-24 10:08:11,363 INFO - config-manager - Successfully loaded configuration
2015-04-24 10:08:11,364 INFO - service - Starting service
2015-04-24 10:08:11,946 INFO - interface - XRecord interface thread starting
2015-04-24 10:08:11,946 INFO - service - Service now marked as running
2015-04-24 10:08:13,523 INFO - root - Entering main()
2015-04-24 14:01:33,263 INFO - root - Initialising application
2015-04-24 14:01:33,494 INFO - root - Initialise global hotkeys
2015-04-24 14:01:33,494 INFO - config-manager - Loading config from existing file: /home/steve/.config/autokey/autokey.json
2015-04-24 14:01:35,932 INFO - config-manager - Configuration changed - rebuilding in-memory structures
2015-04-24 14:01:35,933 INFO - config-manager - Successfully loaded configuration
2015-04-24 14:01:35,957 INFO - service - Starting service
2015-04-24 14:01:37,232 INFO - interface - XRecord interface thread starting
2015-04-24 14:01:37,233 INFO - service - Service now marked as running
2015-04-24 14:01:37,777 INFO - root - Entering main()
2015-04-24 20:04:31,803 INFO - root - Initialising application
2015-04-24 20:04:32,264 INFO - root - Initialise global hotkeys
2015-04-24 20:04:32,264 INFO - config-manager - Loading config from existing file: /home/steve/.config/autokey/autokey.json
2015-04-24 20:04:34,177 INFO - config-manager - Configuration changed - rebuilding in-memory structures
2015-04-24 20:04:34,177 INFO - config-manager - Successfully loaded configuration
2015-04-24 20:04:34,178 INFO - service - Starting service
2015-04-24 20:04:34,669 INFO - interface - XRecord interface thread starting
2015-04-24 20:04:34,669 INFO - service - Service now marked as running
2015-04-24 20:04:35,015 INFO - root - Entering main()
2015-04-24 20:07:57,246 INFO - root - Initialising application
2015-04-24 20:07:57,712 INFO - root - Initialise global hotkeys
2015-04-24 20:07:57,712 INFO - config-manager - Loading config from existing file: /home/steve/.config/autokey/autokey.json
2015-04-24 20:08:00,205 INFO - config-manager - Configuration changed - rebuilding in-memory structures
2015-04-24 20:08:00,206 INFO - config-manager - Successfully loaded configuration
2015-04-24 20:08:00,206 INFO - service - Starting service
2015-04-24 20:08:00,715 INFO - interface - XRecord interface thread starting
2015-04-24 20:08:00,716 INFO - service - Service now marked as running
2015-04-24 20:08:01,199 INFO - root - Entering main()
2015-04-24 20:19:52,020 INFO - root - Initialising application
2015-04-24 20:19:52,146 INFO - root - Initialise global hotkeys
2015-04-24 20:19:52,146 INFO - config-manager - Loading config from existing file: /home/steve/.config/autokey/autokey.json
2015-04-24 20:19:53,498 INFO - config-manager - Configuration changed - rebuilding in-memory structures
2015-04-24 20:19:53,498 INFO - config-manager - Successfully loaded configuration
2015-04-24 20:19:53,499 INFO - service - Starting service
2015-04-24 20:19:54,006 INFO - interface - XRecord interface thread starting
2015-04-24 20:19:54,007 INFO - service - Service now marked as running
2015-04-24 20:19:54,355 INFO - root - Entering main()
2015-04-27 20:51:31,054 INFO - root - Initialising application
2015-04-27 20:51:31,288 INFO - root - Initialise global hotkeys
2015-04-27 20:51:31,288 INFO - config-manager - Loading config from existing file: /home/steve/.config/autokey/autokey.json
2015-04-27 20:51:34,583 INFO - config-manager - Configuration changed - rebuilding in-memory structures
2015-04-27 20:51:34,583 INFO - config-manager - Successfully loaded configuration
2015-04-27 20:51:34,583 INFO - service - Starting service
2015-04-27 20:51:35,518 INFO - interface - XRecord interface thread starting
2015-04-27 20:51:35,518 INFO - service - Service now marked as running
2015-04-27 20:51:35,982 INFO - root - Entering main()
2015-04-27 21:02:13,535 INFO - root - Initialising application
2015-04-27 21:02:14,026 INFO - root - Initialise global hotkeys
2015-04-27 21:02:14,026 INFO - config-manager - Loading config from existing file: /home/steve/.config/autokey/autokey.json
2015-04-27 21:02:22,760 INFO - config-manager - Configuration changed - rebuilding in-memory structures
2015-04-27 21:02:22,760 INFO - config-manager - Successfully loaded configuration
2015-04-27 21:02:22,761 INFO - service - Starting service
2015-04-27 21:02:24,166 INFO - interface - XRecord interface thread starting
2015-04-27 21:02:24,167 INFO - service - Service now marked as running
2015-04-27 21:02:25,468 INFO - root - Entering main()
2015-05-01 07:52:44,217 INFO - root - Initialising application
2015-05-01 07:52:44,422 INFO - root - Initialise global hotkeys
2015-05-01 07:52:44,422 INFO - config-manager - Loading config from existing file: /home/steve/.config/autokey/autokey.json
2015-05-01 07:52:47,487 INFO - config-manager - Configuration changed - rebuilding in-memory structures
2015-05-01 07:52:47,487 INFO - config-manager - Successfully loaded configuration
2015-05-01 07:52:47,487 INFO - service - Starting service
2015-05-01 07:52:47,929 INFO - interface - XRecord interface thread starting
2015-05-01 07:52:47,930 INFO - service - Service now marked as running
2015-05-01 07:52:48,953 INFO - root - Entering main()
2015-05-02 11:11:19,385 INFO - root - Initialising application
2015-05-02 11:11:19,604 INFO - root - Initialise global hotkeys
2015-05-02 11:11:19,627 INFO - config-manager - Loading config from existing file: /home/steve/.config/autokey/autokey.json
2015-05-02 11:11:23,002 INFO - config-manager - Configuration changed - rebuilding in-memory structures
2015-05-02 11:11:23,002 INFO - config-manager - Successfully loaded configuration
2015-05-02 11:11:23,003 INFO - service - Starting service
2015-05-02 11:11:23,463 INFO - interface - XRecord interface thread starting
2015-05-02 11:11:23,464 INFO - service - Service now marked as running
2015-05-02 11:11:23,872 INFO - root - Entering main()
2015-05-02 12:37:55,411 INFO - root - Initialising application
2015-05-02 12:37:55,420 INFO - root - Initialise global hotkeys
2015-05-02 12:37:55,421 INFO - config-manager - Loading config from existing file: /home/steve/.config/autokey/autokey.json
2015-05-02 12:37:59,200 INFO - config-manager - Configuration changed - rebuilding in-memory structures
2015-05-02 12:37:59,201 INFO - config-manager - Successfully loaded configuration
2015-05-02 12:37:59,202 INFO - service - Starting service
2015-05-02 12:37:59,736 INFO - interface - XRecord interface thread starting
2015-05-02 12:37:59,736 INFO - service - Service now marked as running
2015-05-02 12:38:00,449 INFO - root - Entering main()
2015-05-02 12:47:52,005 INFO - root - Initialising application
2015-05-02 12:47:52,166 INFO - root - Initialise global hotkeys
2015-05-02 12:47:52,166 INFO - config-manager - Loading config from existing file: /home/steve/.config/autokey/autokey.json
2015-05-02 12:47:54,090 INFO - config-manager - Configuration changed - rebuilding in-memory structures
2015-05-02 12:47:54,091 INFO - config-manager - Successfully loaded configuration
2015-05-02 12:47:54,091 INFO - service - Starting service
2015-05-02 12:47:54,504 INFO - interface - XRecord interface thread starting
2015-05-02 12:47:54,505 INFO - service - Service now marked as running
2015-05-02 12:47:55,116 INFO - root - Entering main()
2015-05-03 02:06:56,701 INFO - root - Initialising application
2015-05-03 02:06:56,904 INFO - root - Initialise global hotkeys
2015-05-03 02:06:56,904 INFO - config-manager - Loading config from existing file: /home/steve/.config/autokey/autokey.json
2015-05-03 02:07:00,300 INFO - config-manager - Configuration changed - rebuilding in-memory structures
2015-05-03 02:07:00,301 INFO - config-manager - Successfully loaded configuration
2015-05-03 02:07:00,301 INFO - service - Starting service
2015-05-03 02:07:00,689 INFO - interface - XRecord interface thread starting
2015-05-03 02:07:00,690 INFO - service - Service now marked as running
2015-05-03 02:07:00,801 INFO - root - Entering main()
2015-05-04 11:00:33,795 INFO - root - Initialising application
2015-05-04 11:00:34,082 INFO - root - Initialise global hotkeys
2015-05-04 11:00:34,086 INFO - config-manager - Loading config from existing file: /home/steve/.config/autokey/autokey.json
2015-05-04 11:00:39,442 INFO - config-manager - Configuration changed - rebuilding in-memory structures
2015-05-04 11:00:39,443 INFO - config-manager - Successfully loaded configuration
2015-05-04 11:00:39,443 INFO - service - Starting service
2015-05-04 11:00:41,105 INFO - interface - XRecord interface thread starting
2015-05-04 11:00:41,105 INFO - service - Service now marked as running
2015-05-04 11:00:43,528 INFO - root - Entering main()
2015-05-04 11:05:54,543 INFO - root - Initialising application
2015-05-04 11:05:54,585 INFO - root - Initialise global hotkeys
2015-05-04 11:05:54,585 INFO - config-manager - Loading config from existing file: /home/steve/.config/autokey/autokey.json
2015-05-04 11:05:54,589 INFO - config-manager - Configuration changed - rebuilding in-memory structures
2015-05-04 11:05:54,590 INFO - config-manager - Successfully loaded configuration
2015-05-04 11:05:54,590 INFO - service - Starting service
2015-05-04 11:05:58,269 INFO - interface - XRecord interface thread starting
2015-05-04 11:05:58,277 INFO - service - Service now marked as running
2015-05-04 11:05:58,322 INFO - root - Entering main()
2015-05-07 23:04:06,747 INFO - root - Initialising application
2015-05-07 23:04:07,711 INFO - root - Initialise global hotkeys
2015-05-07 23:04:07,711 INFO - config-manager - Loading config from existing file: /home/steve/.config/autokey/autokey.json
2015-05-07 23:04:12,437 INFO - config-manager - Configuration changed - rebuilding in-memory structures
2015-05-07 23:04:12,438 INFO - config-manager - Successfully loaded configuration
2015-05-07 23:04:12,438 INFO - service - Starting service
2015-05-07 23:04:13,128 INFO - interface - XRecord interface thread starting
2015-05-07 23:04:13,130 INFO - service - Service now marked as running
2015-05-07 23:04:13,370 INFO - root - Entering main()
2015-05-11 10:50:25,823 INFO - root - Initialising application
2015-05-11 10:50:26,407 INFO - root - Initialise global hotkeys
2015-05-11 10:50:26,413 INFO - config-manager - Loading config from existing file: /home/steve/.config/autokey/autokey.json
2015-05-11 10:50:33,578 INFO - config-manager - Configuration changed - rebuilding in-memory structures
2015-05-11 10:50:33,580 INFO - config-manager - Successfully loaded configuration
2015-05-11 10:50:33,580 INFO - service - Starting service
2015-05-11 10:50:38,117 INFO - interface - XRecord interface thread starting
2015-05-11 10:50:38,118 INFO - service - Service now marked as running
2015-05-11 10:50:41,834 INFO - root - Entering main()
2015-05-11 12:22:21,233 INFO - root - Initialising application
2015-05-11 12:22:21,308 INFO - root - Initialise global hotkeys
2015-05-11 12:22:21,308 INFO - config-manager - Loading config from existing file: /home/steve/.config/autokey/autokey.json
2015-05-11 12:22:23,166 INFO - config-manager - Configuration changed - rebuilding in-memory structures
2015-05-11 12:22:23,167 INFO - config-manager - Successfully loaded configuration
2015-05-11 12:22:23,167 INFO - service - Starting service
2015-05-11 12:22:23,558 INFO - interface - XRecord interface thread starting
2015-05-11 12:22:23,559 INFO - service - Service now marked as running
2015-05-11 12:22:23,971 INFO - root - Entering main()
2015-05-11 12:23:07,469 INFO - root - Initialising application
2015-05-11 12:23:07,490 INFO - root - Initialise global hotkeys
2015-05-11 12:23:07,491 INFO - config-manager - Loading config from existing file: /home/steve/.config/autokey/autokey.json
2015-05-11 12:23:07,497 INFO - config-manager - Configuration changed - rebuilding in-memory structures
2015-05-11 12:23:07,498 INFO - config-manager - Successfully loaded configuration
2015-05-11 12:23:07,498 INFO - service - Starting service
2015-05-11 12:23:07,589 INFO - interface - XRecord interface thread starting
2015-05-11 12:23:07,596 INFO - service - Service now marked as running
2015-05-11 12:23:07,602 INFO - root - Entering main()
2015-05-11 12:28:40,585 INFO - root - Initialising application
2015-05-11 12:28:40,797 INFO - root - Initialise global hotkeys
2015-05-11 12:28:40,797 INFO - config-manager - Loading config from existing file: /home/steve/.config/autokey/autokey.json
2015-05-11 12:28:43,729 INFO - config-manager - Configuration changed - rebuilding in-memory structures
2015-05-11 12:28:43,730 INFO - config-manager - Successfully loaded configuration
2015-05-11 12:28:43,730 INFO - service - Starting service
2015-05-11 12:28:45,667 INFO - interface - XRecord interface thread starting
2015-05-11 12:28:45,667 INFO - service - Service now marked as running
2015-05-11 12:28:45,675 INFO - root - Entering main()
2015-05-11 19:21:28,006 INFO - root - Initialising application
2015-05-11 19:21:28,068 INFO - root - Initialise global hotkeys
2015-05-11 19:21:28,068 INFO - config-manager - Loading config from existing file: /home/steve/.config/autokey/autokey.json
2015-05-11 19:21:28,261 INFO - config-manager - Configuration changed - rebuilding in-memory structures
2015-05-11 19:21:28,261 INFO - config-manager - Successfully loaded configuration
2015-05-11 19:21:28,262 INFO - service - Starting service
2015-05-11 19:21:28,323 INFO - interface - XRecord interface thread starting
2015-05-11 19:21:28,323 INFO - service - Service now marked as running
2015-05-11 19:21:28,460 INFO - root - Entering main()
2015-05-11 19:51:46,659 INFO - root - Initialising application
2015-05-11 19:51:46,723 INFO - root - Initialise global hotkeys
2015-05-11 19:51:46,723 INFO - config-manager - Loading config from existing file: /home/steve/.config/autokey/autokey.json
2015-05-11 19:51:46,930 INFO - config-manager - Configuration changed - rebuilding in-memory structures
2015-05-11 19:51:46,931 INFO - config-manager - Successfully loaded configuration
2015-05-11 19:51:46,931 INFO - service - Starting service
2015-05-11 19:51:46,998 INFO - interface - XRecord interface thread starting
2015-05-11 19:51:46,999 INFO - service - Service now marked as running
2015-05-11 19:51:47,115 INFO - root - Entering main()
2015-05-16 02:03:28,075 INFO - root - Initialising application
2015-05-16 02:03:28,251 INFO - root - Initialise global hotkeys
2015-05-16 02:03:28,251 INFO - config-manager - Loading config from existing file: /home/steve/.config/autokey/autokey.json
2015-05-16 02:03:29,861 INFO - config-manager - Configuration changed - rebuilding in-memory structures
2015-05-16 02:03:29,863 INFO - config-manager - Successfully loaded configuration
2015-05-16 02:03:29,863 INFO - service - Starting service
2015-05-16 02:03:30,502 INFO - interface - XRecord interface thread starting
2015-05-16 02:03:30,502 INFO - service - Service now marked as running
2015-05-16 02:03:30,922 INFO - root - Entering main()
2015-05-16 10:50:33,511 INFO - root - Initialising application
2015-05-16 10:50:33,769 INFO - root - Initialise global hotkeys
2015-05-16 10:50:33,770 INFO - config-manager - Loading config from existing file: /home/steve/.config/autokey/autokey.json
2015-05-16 10:50:35,415 INFO - config-manager - Configuration changed - rebuilding in-memory structures
2015-05-16 10:50:35,415 INFO - config-manager - Successfully loaded configuration
2015-05-16 10:50:35,416 INFO - service - Starting service
2015-05-16 10:50:35,853 INFO - interface - XRecord interface thread starting
2015-05-16 10:50:35,854 INFO - service - Service now marked as running
2015-05-16 10:50:35,979 INFO - root - Entering main()
2015-05-16 10:54:55,622 INFO - root - Initialising application
2015-05-16 10:54:55,836 INFO - root - Initialise global hotkeys
2015-05-16 10:54:55,836 INFO - config-manager - Loading config from existing file: /home/steve/.config/autokey/autokey.json
2015-05-16 10:54:58,113 INFO - config-manager - Configuration changed - rebuilding in-memory structures
2015-05-16 10:54:58,114 INFO - config-manager - Successfully loaded configuration
2015-05-16 10:54:58,114 INFO - service - Starting service
2015-05-16 10:54:58,572 INFO - interface - XRecord interface thread starting
2015-05-16 10:54:58,573 INFO - service - Service now marked as running
2015-05-16 10:54:58,745 INFO - root - Entering main()
2015-05-18 11:02:32,080 INFO - root - Initialising application
2015-05-18 11:02:32,330 INFO - root - Initialise global hotkeys
2015-05-18 11:02:32,413 INFO - config-manager - Loading config from existing file: /home/steve/.config/autokey/autokey.json
2015-05-18 11:02:36,046 INFO - config-manager - Configuration changed - rebuilding in-memory structures
2015-05-18 11:02:36,047 INFO - config-manager - Successfully loaded configuration
2015-05-18 11:02:36,047 INFO - service - Starting service
2015-05-18 11:02:36,858 INFO - interface - XRecord interface thread starting
2015-05-18 11:02:36,858 INFO - service - Service now marked as running
2015-05-18 11:02:38,049 INFO - root - Entering main()
2015-05-18 12:41:39,347 INFO - root - Displaying configuration window
2015-05-18 12:44:15,774 INFO - config-manager - Configuration changed - rebuilding in-memory structures
2015-05-18 12:44:45,967 INFO - service - Undoing last abbreviation expansion
2015-05-18 12:45:29,907 INFO - config-manager - Configuration changed - rebuilding in-memory structures
2015-05-18 12:48:35,968 INFO - config-manager - Configuration changed - rebuilding in-memory structures
2015-05-18 12:48:35,969 INFO - config-manager - Persisting configuration
2015-05-18 12:48:35,969 INFO - config-manager - Backing up existing config file
2015-05-18 12:48:35,970 INFO - config-manager - Finished persisting configuration - no errors
2015-05-18 19:32:31,045 INFO - root - Displaying configuration window
2015-05-18 19:32:34,664 INFO - config-manager - Configuration changed - rebuilding in-memory structures
2015-05-18 19:32:34,668 INFO - config-manager - Persisting configuration
2015-05-18 19:32:34,668 INFO - config-manager - Backing up existing config file
2015-05-18 19:32:34,670 INFO - config-manager - Finished persisting configuration - no errors
2015-05-23 11:16:01,177 INFO - root - Initialising application
2015-05-23 11:16:01,296 INFO - root - Initialise global hotkeys
2015-05-23 11:16:01,297 INFO - config-manager - Loading config from existing file: /home/steve/.config/autokey/autokey.json
2015-05-23 11:16:06,962 INFO - config-manager - Configuration changed - rebuilding in-memory structures
2015-05-23 11:16:06,963 INFO - config-manager - Successfully loaded configuration
2015-05-23 11:16:06,963 INFO - service - Starting service
2015-05-23 11:16:09,581 INFO - interface - XRecord interface thread starting
2015-05-23 11:16:09,581 INFO - service - Service now marked as running
2015-05-23 11:16:11,351 INFO - root - Entering main()
2015-05-23 22:14:32,786 INFO - root - Initialising application
2015-05-23 22:14:33,061 INFO - root - Initialise global hotkeys
2015-05-23 22:14:33,104 INFO - config-manager - Loading config from existing file: /home/steve/.config/autokey/autokey.json
2015-05-23 22:14:38,114 INFO - config-manager - Configuration changed - rebuilding in-memory structures
2015-05-23 22:14:38,115 INFO - config-manager - Successfully loaded configuration
2015-05-23 22:14:38,115 INFO - service - Starting service
2015-05-23 22:14:38,682 INFO - interface - XRecord interface thread starting
2015-05-23 22:14:38,702 INFO - service - Service now marked as running
2015-05-23 22:14:39,121 INFO - root - Entering main()
2015-05-24 10:04:13,558 INFO - service - Undoing last abbreviation expansion
2015-05-26 01:30:26,645 INFO - root - Initialising application
2015-05-26 01:30:26,958 INFO - root - Initialise global hotkeys
2015-05-26 01:30:26,958 INFO - config-manager - Loading config from existing file: /home/steve/.config/autokey/autokey.json
2015-05-26 01:30:28,545 INFO - config-manager - Configuration changed - rebuilding in-memory structures
2015-05-26 01:30:28,545 INFO - config-manager - Successfully loaded configuration
2015-05-26 01:30:28,545 INFO - service - Starting service
2015-05-26 01:30:29,277 INFO - interface - XRecord interface thread starting
2015-05-26 01:30:29,277 INFO - service - Service now marked as running
2015-05-26 01:30:29,723 INFO - root - Entering main()
2015-05-26 01:36:21,664 INFO - root - Initialising application
2015-05-26 01:36:21,881 INFO - root - Initialise global hotkeys
2015-05-26 01:36:21,881 INFO - config-manager - Loading config from existing file: /home/steve/.config/autokey/autokey.json
2015-05-26 01:36:24,008 INFO - config-manager - Configuration changed - rebuilding in-memory structures
2015-05-26 01:36:24,009 INFO - config-manager - Successfully loaded configuration
2015-05-26 01:36:24,009 INFO - service - Starting service
2015-05-26 01:36:25,209 INFO - interface - XRecord interface thread starting
2015-05-26 01:36:25,209 INFO - service - Service now marked as running
2015-05-26 01:36:25,475 INFO - root - Entering main()
2015-06-01 12:00:17,900 INFO - root - Initialising application
2015-06-01 12:00:18,090 INFO - root - Initialise global hotkeys
2015-06-01 12:00:18,090 INFO - config-manager - Loading config from existing file: /home/steve/.config/autokey/autokey.json
2015-06-01 12:00:25,891 INFO - config-manager - Configuration changed - rebuilding in-memory structures
2015-06-01 12:00:25,892 INFO - config-manager - Successfully loaded configuration
2015-06-01 12:00:25,892 INFO - service - Starting service
2015-06-01 12:00:25,939 INFO - interface - XRecord interface thread starting
2015-06-01 12:00:25,940 INFO - service - Service now marked as running
2015-06-01 12:00:27,482 INFO - root - Entering main()
2015-06-02 18:33:22,587 INFO - root - Initialising application
2015-06-02 18:33:22,821 INFO - root - Initialise global hotkeys
2015-06-02 18:33:22,822 INFO - config-manager - Loading config from existing file: /home/steve/.config/autokey/autokey.json
2015-06-02 18:33:34,145 INFO - config-manager - Configuration changed - rebuilding in-memory structures
2015-06-02 18:33:34,145 INFO - config-manager - Successfully loaded configuration
2015-06-02 18:33:34,145 INFO - service - Starting service
2015-06-02 18:33:34,244 INFO - interface - XRecord interface thread starting
2015-06-02 18:33:34,245 INFO - service - Service now marked as running
2015-06-02 18:33:34,530 INFO - root - Entering main()
2015-06-04 23:18:06,593 INFO - root - Initialising application
2015-06-04 23:18:06,869 INFO - root - Initialise global hotkeys
2015-06-04 23:18:06,869 INFO - config-manager - Loading config from existing file: /home/steve/.config/autokey/autokey.json
2015-06-04 23:18:14,928 INFO - config-manager - Configuration changed - rebuilding in-memory structures
2015-06-04 23:18:14,929 INFO - config-manager - Successfully loaded configuration
2015-06-04 23:18:14,929 INFO - service - Starting service
2015-06-04 23:18:16,144 INFO - interface - XRecord interface thread starting
2015-06-04 23:18:16,144 INFO - service - Service now marked as running
2015-06-04 23:18:17,770 INFO - root - Entering main()
2015-06-07 10:31:12,214 INFO - root - Displaying configuration window
2015-06-07 10:31:45,988 ERROR - interface - Error in X event loop thread
Traceback (most recent call last):
  File "/usr/lib/python2.7/site-packages/autokey/interface.py", line 116, in __eventLoop
    method(*args)
  File "/usr/lib/python2.7/site-packages/autokey/interface.py", line 551, in __grab_keyboard
    focus.grab_keyboard(True, X.GrabModeAsync, X.GrabModeAsync, X.CurrentTime)
  File "/usr/lib/python2.7/site-packages/Xlib/xobject/drawable.py", line 546, in grab_keyboard
    keyboard_mode = keyboard_mode)
  File "/usr/lib/python2.7/site-packages/Xlib/protocol/rq.py", line 1428, in __init__
    self.reply()
  File "/usr/lib/python2.7/site-packages/Xlib/protocol/rq.py", line 1448, in reply
    raise self._error
BadWindow: <class 'Xlib.error.BadWindow'>: code = 3, resource_id = Xlib.xobject.resource.Resource(0x036018ad), sequence_number = 13593, major_opcode = 31, minor_opcode = 0
2015-06-07 10:32:02,258 INFO - root - Initialising application
2015-06-07 10:32:02,305 INFO - root - Initialise global hotkeys
2015-06-07 10:32:02,306 INFO - config-manager - Loading config from existing file: /home/steve/.config/autokey/autokey.json
2015-06-07 10:32:02,535 INFO - config-manager - Configuration changed - rebuilding in-memory structures
2015-06-07 10:32:02,535 INFO - config-manager - Successfully loaded configuration
2015-06-07 10:32:02,535 INFO - service - Starting service
2015-06-07 10:32:02,628 INFO - interface - XRecord interface thread starting
2015-06-07 10:32:02,628 INFO - service - Service now marked as running
2015-06-07 10:32:02,689 INFO - root - Entering main()
2015-06-07 10:32:20,856 INFO - root - Displaying configuration window
2015-06-07 10:32:25,008 INFO - config-manager - Configuration changed - rebuilding in-memory structures
2015-06-07 10:32:25,009 INFO - config-manager - Persisting configuration
2015-06-07 10:32:25,010 INFO - config-manager - Backing up existing config file
2015-06-07 10:32:25,010 INFO - config-manager - Finished persisting configuration - no errors
2015-06-12 22:53:18,095 INFO - root - Initialising application
2015-06-12 22:53:18,338 INFO - root - Initialise global hotkeys
2015-06-12 22:53:18,340 INFO - config-manager - Loading config from existing file: /home/steve/.config/autokey/autokey.json
2015-06-12 22:53:26,696 INFO - config-manager - Configuration changed - rebuilding in-memory structures
2015-06-12 22:53:26,696 INFO - config-manager - Successfully loaded configuration
2015-06-12 22:53:26,696 INFO - service - Starting service
2015-06-12 22:53:27,161 INFO - interface - XRecord interface thread starting
2015-06-12 22:53:27,162 INFO - service - Service now marked as running
2015-06-12 22:53:29,128 INFO - root - Entering main()
2015-06-12 22:59:24,737 INFO - root - Initialising application
2015-06-12 22:59:25,526 INFO - root - Initialise global hotkeys
2015-06-12 22:59:25,526 INFO - config-manager - Loading config from existing file: /home/steve/.config/autokey/autokey.json
2015-06-12 22:59:28,822 INFO - config-manager - Configuration changed - rebuilding in-memory structures
2015-06-12 22:59:28,822 INFO - config-manager - Successfully loaded configuration
2015-06-12 22:59:28,822 INFO - service - Starting service
2015-06-12 22:59:28,858 INFO - interface - XRecord interface thread starting
2015-06-12 22:59:28,858 INFO - service - Service now marked as running
2015-06-12 22:59:28,871 INFO - root - Entering main()
2015-06-14 20:52:58,299 INFO - root - Initialising application
2015-06-14 20:52:58,747 INFO - root - Initialise global hotkeys
2015-06-14 20:52:58,747 INFO - config-manager - Loading config from existing file: /home/steve/.config/autokey/autokey.json
2015-06-14 20:53:01,838 INFO - config-manager - Configuration changed - rebuilding in-memory structures
2015-06-14 20:53:01,839 INFO - config-manager - Successfully loaded configuration
2015-06-14 20:53:01,839 INFO - service - Starting service
2015-06-14 20:53:01,879 INFO - interface - XRecord interface thread starting
2015-06-14 20:53:01,880 INFO - service - Service now marked as running
2015-06-14 20:53:02,153 INFO - root - Entering main()
2015-06-18 12:18:29,363 INFO - root - Initialising application
2015-06-18 12:18:29,433 INFO - root - Initialise global hotkeys
2015-06-18 12:18:29,433 INFO - config-manager - Loading config from existing file: /home/steve/.config/autokey/autokey.json
2015-06-18 12:18:31,917 INFO - config-manager - Configuration changed - rebuilding in-memory structures
2015-06-18 12:18:31,918 INFO - config-manager - Successfully loaded configuration
2015-06-18 12:18:31,918 INFO - service - Starting service
2015-06-18 12:18:31,957 INFO - interface - XRecord interface thread starting
2015-06-18 12:18:31,958 INFO - service - Service now marked as running
2015-06-18 12:18:32,220 INFO - root - Entering main()
2015-06-18 23:37:02,059 INFO - root - Initialising application
2015-06-18 23:37:02,075 INFO - root - Initialise global hotkeys
2015-06-18 23:37:02,075 INFO - config-manager - Loading config from existing file: /home/steve/.config/autokey/autokey.json
2015-06-18 23:37:02,080 INFO - config-manager - Configuration changed - rebuilding in-memory structures
2015-06-18 23:37:02,080 INFO - config-manager - Successfully loaded configuration
2015-06-18 23:37:02,081 INFO - service - Starting service
2015-06-18 23:37:02,135 INFO - interface - XRecord interface thread starting
2015-06-18 23:37:02,136 INFO - service - Service now marked as running
2015-06-18 23:37:02,146 INFO - root - Entering main()
2015-06-18 23:41:07,342 INFO - root - Initialising application
2015-06-18 23:41:07,353 INFO - root - Initialise global hotkeys
2015-06-18 23:41:07,353 INFO - config-manager - Loading config from existing file: /home/steve/.config/autokey/autokey.json
2015-06-18 23:41:07,356 INFO - config-manager - Configuration changed - rebuilding in-memory structures
2015-06-18 23:41:07,356 INFO - config-manager - Successfully loaded configuration
2015-06-18 23:41:07,356 INFO - service - Starting service
2015-06-18 23:41:07,501 INFO - interface - XRecord interface thread starting
2015-06-18 23:41:07,509 INFO - service - Service now marked as running
2015-06-18 23:41:07,529 INFO - root - Entering main()
                                                                                                                                                                                                                                                                                                                                                                                                                                                                                                                                                                                                                                                                                                                         2015-06-25 09:00:39,972 INFO - root - Initialising application
2015-06-25 09:00:40,037 INFO - root - Initialise global hotkeys
2015-06-25 09:00:40,037 INFO - config-manager - Loading config from existing file: /home/steve/.config/autokey/autokey.json
2015-06-25 09:00:43,270 INFO - config-manager - Configuration changed - rebuilding in-memory structures
2015-06-25 09:00:43,270 INFO - config-manager - Successfully loaded configuration
2015-06-25 09:00:43,270 INFO - service - Starting service
2015-06-25 09:00:43,381 INFO - interface - XRecord interface thread starting
2015-06-25 09:00:43,381 INFO - service - Service now marked as running
2015-06-25 09:00:43,895 INFO - root - Entering main()
2015-06-25 09:18:19,621 INFO - root - Initialising application
2015-06-25 09:18:19,741 INFO - root - Initialise global hotkeys
2015-06-25 09:18:19,742 INFO - config-manager - Loading config from existing file: /home/steve/.config/autokey/autokey.json
2015-06-25 09:18:22,953 INFO - config-manager - Configuration changed - rebuilding in-memory structures
2015-06-25 09:18:22,954 INFO - config-manager - Successfully loaded configuration
2015-06-25 09:18:22,954 INFO - service - Starting service
2015-06-25 09:18:22,993 INFO - interface - XRecord interface thread starting
2015-06-25 09:18:22,994 INFO - service - Service now marked as running
2015-06-25 09:18:23,238 INFO - root - Entering main()
2015-06-26 10:15:04,125 INFO - root - Initialising application
2015-06-26 10:15:04,238 INFO - root - Initialise global hotkeys
2015-06-26 10:15:04,238 INFO - config-manager - Loading config from existing file: /home/steve/.config/autokey/autokey.json
2015-06-26 10:15:07,020 INFO - config-manager - Configuration changed - rebuilding in-memory structures
2015-06-26 10:15:07,020 INFO - config-manager - Successfully loaded configuration
2015-06-26 10:15:07,020 INFO - service - Starting service
2015-06-26 10:15:07,057 INFO - interface - XRecord interface thread starting
2015-06-26 10:15:07,058 INFO - service - Service now marked as running
2015-06-26 10:15:07,850 INFO - root - Entering main()
2015-06-26 23:56:34,053 INFO - root - Initialising application
2015-06-26 23:56:34,145 INFO - root - Initialise global hotkeys
2015-06-26 23:56:34,146 INFO - config-manager - Loading config from existing file: /home/steve/.config/autokey/autokey.json
2015-06-26 23:56:37,073 INFO - config-manager - Configuration changed - rebuilding in-memory structures
2015-06-26 23:56:37,073 INFO - config-manager - Successfully loaded configuration
2015-06-26 23:56:37,073 INFO - service - Starting service
2015-06-26 23:56:37,218 INFO - interface - XRecord interface thread starting
2015-06-26 23:56:37,219 INFO - service - Service now marked as running
2015-06-26 23:56:37,639 INFO - root - Entering main()
2015-06-27 01:18:21,634 INFO - root - Initialising application
2015-06-27 01:18:21,754 INFO - root - Initialise global hotkeys
2015-06-27 01:18:21,754 INFO - config-manager - Loading config from existing file: /home/steve/.config/autokey/autokey.json
2015-06-27 01:18:27,716 INFO - config-manager - Configuration changed - rebuilding in-memory structures
2015-06-27 01:18:27,716 INFO - config-manager - Successfully loaded configuration
2015-06-27 01:18:27,717 INFO - service - Starting service
2015-06-27 01:18:27,913 INFO - interface - XRecord interface thread starting
2015-06-27 01:18:27,913 INFO - service - Service now marked as running
2015-06-27 01:18:28,377 INFO - root - Entering main()
2015-06-28 10:16:40,420 INFO - root - Initialising application
2015-06-28 10:16:41,367 INFO - root - Initialise global hotkeys
2015-06-28 10:16:41,372 INFO - config-manager - Loading config from existing file: /home/steve/.config/autokey/autokey.json
2015-06-28 10:16:46,493 INFO - config-manager - Configuration changed - rebuilding in-memory structures
2015-06-28 10:16:46,493 INFO - config-manager - Successfully loaded configuration
2015-06-28 10:16:46,493 INFO - service - Starting service
2015-06-28 10:16:46,638 INFO - interface - XRecord interface thread starting
2015-06-28 10:16:46,638 INFO - service - Service now marked as running
2015-06-28 10:16:48,002 INFO - root - Entering main()
2015-06-28 11:31:07,006 INFO - root - Initialising application
2015-06-28 11:31:07,016 INFO - root - Initialise global hotkeys
2015-06-28 11:31:07,017 INFO - config-manager - Loading config from existing file: /home/steve/.config/autokey/autokey.json
2015-06-28 11:31:12,407 INFO - config-manager - Configuration changed - rebuilding in-memory structures
2015-06-28 11:31:12,408 INFO - config-manager - Successfully loaded configuration
2015-06-28 11:31:12,408 INFO - service - Starting service
2015-06-28 11:31:12,454 INFO - interface - XRecord interface thread starting
2015-06-28 11:31:12,455 INFO - service - Service now marked as running
2015-06-28 11:31:12,855 INFO - root - Entering main()
2015-06-28 11:56:41,041 INFO - root - Initialising application
2015-06-28 11:56:41,087 INFO - root - Initialise global hotkeys
2015-06-28 11:56:41,087 INFO - config-manager - Loading config from existing file: /home/steve/.config/autokey/autokey.json
2015-06-28 11:56:41,098 INFO - config-manager - Configuration changed - rebuilding in-memory structures
2015-06-28 11:56:41,099 INFO - config-manager - Successfully loaded configuration
2015-06-28 11:56:41,099 INFO - service - Starting service
2015-06-28 11:56:41,388 INFO - interface - XRecord interface thread starting
2015-06-28 11:56:41,401 INFO - service - Service now marked as running
2015-06-28 11:56:41,416 INFO - root - Entering main()
2015-06-28 12:02:10,513 INFO - root - Initialising application
2015-06-28 12:02:10,551 INFO - root - Initialise global hotkeys
2015-06-28 12:02:10,551 INFO - config-manager - Loading config from existing file: /home/steve/.config/autokey/autokey.json
2015-06-28 12:02:10,554 INFO - config-manager - Configuration changed - rebuilding in-memory structures
2015-06-28 12:02:10,572 INFO - config-manager - Successfully loaded configuration
2015-06-28 12:02:10,592 INFO - service - Starting service
2015-06-28 12:02:10,716 INFO - interface - XRecord interface thread starting
2015-06-28 12:02:10,716 INFO - service - Service now marked as running
2015-06-28 12:02:10,732 INFO - root - Entering main()
2015-06-28 20:58:42,394 INFO - root - Initialising application
2015-06-28 20:58:42,421 INFO - root - Initialise global hotkeys
2015-06-28 20:58:42,421 INFO - config-manager - Loading config from existing file: /home/steve/.config/autokey/autokey.json
2015-06-28 20:58:42,424 INFO - config-manager - Configuration changed - rebuilding in-memory structures
2015-06-28 20:58:42,427 INFO - config-manager - Successfully loaded configuration
2015-06-28 20:58:42,427 INFO - service - Starting service
2015-06-28 20:58:42,532 INFO - interface - XRecord interface thread starting
2015-06-28 20:58:42,547 INFO - service - Service now marked as running
2015-06-28 20:58:42,561 INFO - root - Entering main()
2015-06-28 21:03:22,046 INFO - root - Initialising application
2015-06-28 21:03:22,165 INFO - root - Initialise global hotkeys
2015-06-28 21:03:22,165 INFO - config-manager - Loading config from existing file: /home/steve/.config/autokey/autokey.json
2015-06-28 21:03:26,275 INFO - config-manager - Configuration changed - rebuilding in-memory structures
2015-06-28 21:03:26,276 INFO - config-manager - Successfully loaded configuration
2015-06-28 21:03:26,276 INFO - service - Starting service
2015-06-28 21:03:26,323 INFO - interface - XRecord interface thread starting
2015-06-28 21:03:26,324 INFO - service - Service now marked as running
2015-06-28 21:03:26,585 INFO - root - Entering main()
2015-06-28 21:39:10,152 INFO - root - Initialising application
2015-06-28 21:39:10,337 INFO - root - Initialise global hotkeys
2015-06-28 21:39:10,337 INFO - config-manager - Loading config from existing file: /home/steve/.config/autokey/autokey.json
2015-06-28 21:39:18,082 INFO - config-manager - Configuration changed - rebuilding in-memory structures
2015-06-28 21:39:18,082 INFO - config-manager - Successfully loaded configuration
2015-06-28 21:39:18,082 INFO - service - Starting service
2015-06-28 21:39:19,572 INFO - interface - XRecord interface thread starting
2015-06-28 21:39:19,573 INFO - service - Service now marked as running
2015-06-28 21:39:20,700 INFO - root - Entering main()
2015-06-28 22:38:56,540 INFO - root - Initialising application
2015-06-28 22:38:56,636 INFO - root - Initialise global hotkeys
2015-06-28 22:38:56,637 INFO - config-manager - Loading config from existing file: /home/steve/.config/autokey/autokey.json
2015-06-28 22:38:58,818 INFO - config-manager - Configuration changed - rebuilding in-memory structures
2015-06-28 22:38:58,819 INFO - config-manager - Successfully loaded configuration
2015-06-28 22:38:58,819 INFO - service - Starting service
2015-06-28 22:38:58,900 INFO - interface - XRecord interface thread starting
2015-06-28 22:38:58,901 INFO - service - Service now marked as running
2015-06-28 22:38:59,431 INFO - root - Entering main()
2015-06-28 22:48:17,721 INFO - service - Undoing last abbreviation expansion
2015-06-28 22:51:29,039 INFO - root - Initialising application
2015-06-28 22:51:29,068 INFO - root - Initialise global hotkeys
2015-06-28 22:51:29,068 INFO - config-manager - Loading config from existing file: /home/steve/.config/autokey/autokey.json
2015-06-28 22:51:29,358 INFO - config-manager - Configuration changed - rebuilding in-memory structures
2015-06-28 22:51:29,358 INFO - config-manager - Successfully loaded configuration
2015-06-28 22:51:29,358 INFO - service - Starting service
2015-06-28 22:51:29,411 INFO - interface - XRecord interface thread starting
2015-06-28 22:51:29,411 INFO - service - Service now marked as running
2015-06-28 22:51:29,588 INFO - root - Entering main()
2015-06-30 23:26:33,522 INFO - root - Initialising application
2015-06-30 23:26:34,043 INFO - root - Initialise global hotkeys
2015-06-30 23:26:34,061 INFO - config-manager - Loading config from existing file: /home/steve/.config/autokey/autokey.json
2015-06-30 23:26:38,329 INFO - config-manager - Configuration changed - rebuilding in-memory structures
2015-06-30 23:26:38,329 INFO - config-manager - Successfully loaded configuration
2015-06-30 23:26:38,330 INFO - service - Starting service
2015-06-30 23:26:38,368 INFO - interface - XRecord interface thread starting
2015-06-30 23:26:38,369 INFO - service - Service now marked as running
2015-06-30 23:26:38,766 INFO - root - Entering main()
2015-07-01 18:27:51,207 INFO - root - Initialising application
2015-07-01 18:27:51,298 INFO - root - Initialise global hotkeys
2015-07-01 18:27:51,298 INFO - config-manager - Loading config from existing file: /home/steve/.config/autokey/autokey.json
2015-07-01 18:27:56,763 INFO - config-manager - Configuration changed - rebuilding in-memory structures
2015-07-01 18:27:56,764 INFO - config-manager - Successfully loaded configuration
2015-07-01 18:27:56,764 INFO - service - Starting service
2015-07-01 18:27:56,805 INFO - interface - XRecord interface thread starting
2015-07-01 18:27:56,805 INFO - service - Service now marked as running
2015-07-01 18:27:57,504 INFO - root - Entering main()
2015-07-01 18:31:37,361 INFO - root - Initialising application
2015-07-01 18:31:37,492 INFO - root - Initialise global hotkeys
2015-07-01 18:31:37,493 INFO - config-manager - Loading config from existing file: /home/steve/.config/autokey/autokey.json
2015-07-01 18:31:49,016 INFO - config-manager - Configuration changed - rebuilding in-memory structures
2015-07-01 18:31:49,017 INFO - config-manager - Successfully loaded configuration
2015-07-01 18:31:49,017 INFO - service - Starting service
2015-07-01 18:31:49,055 INFO - interface - XRecord interface thread starting
2015-07-01 18:31:49,055 INFO - service - Service now marked as running
2015-07-01 18:31:52,624 INFO - root - Entering main()
2015-07-01 18:47:38,012 INFO - root - Initialising application
2015-07-01 18:47:38,239 INFO - root - Initialise global hotkeys
2015-07-01 18:47:38,239 INFO - config-manager - Loading config from existing file: /home/steve/.config/autokey/autokey.json
2015-07-01 18:47:46,281 INFO - config-manager - Configuration changed - rebuilding in-memory structures
2015-07-01 18:47:46,282 INFO - config-manager - Successfully loaded configuration
2015-07-01 18:47:46,282 INFO - service - Starting service
2015-07-01 18:47:46,320 INFO - interface - XRecord interface thread starting
2015-07-01 18:47:46,321 INFO - service - Service now marked as running
2015-07-01 18:47:48,525 INFO - root - Entering main()
2015-07-01 23:05:35,739 INFO - root - Initialising application
2015-07-01 23:05:35,852 INFO - root - Initialise global hotkeys
2015-07-01 23:05:35,852 INFO - config-manager - Loading config from existing file: /home/steve/.config/autokey/autokey.json
2015-07-01 23:05:43,652 INFO - config-manager - Configuration changed - rebuilding in-memory structures
2015-07-01 23:05:43,652 INFO - config-manager - Successfully loaded configuration
2015-07-01 23:05:43,652 INFO - service - Starting service
2015-07-01 23:05:45,269 INFO - interface - XRecord interface thread starting
2015-07-01 23:05:45,270 INFO - service - Service now marked as running
2015-07-01 23:05:49,108 INFO - root - Entering main()
2015-07-02 00:11:07,495 INFO - root - Initialising application
2015-07-02 00:11:08,320 INFO - root - Initialise global hotkeys
2015-07-02 00:11:08,320 INFO - config-manager - Loading config from existing file: /home/steve/.config/autokey/autokey.json
2015-07-02 00:11:18,973 INFO - config-manager - Configuration changed - rebuilding in-memory structures
2015-07-02 00:11:18,974 INFO - config-manager - Successfully loaded configuration
2015-07-02 00:11:18,974 INFO - service - Starting service
2015-07-02 00:11:19,014 INFO - interface - XRecord interface thread starting
2015-07-02 00:11:19,015 INFO - service - Service now marked as running
2015-07-02 00:11:21,317 INFO - root - Entering main()
2015-07-04 22:57:27,909 INFO - root - Initialising application
2015-07-04 22:57:27,945 INFO - root - Initialise global hotkeys
2015-07-04 22:57:27,945 INFO - config-manager - Loading config from existing file: /home/steve/.config/autokey/autokey.json
2015-07-04 22:57:32,234 INFO - config-manager - Configuration changed - rebuilding in-memory structures
2015-07-04 22:57:32,234 INFO - config-manager - Successfully loaded configuration
2015-07-04 22:57:32,234 INFO - service - Starting service
2015-07-04 22:57:32,273 INFO - interface - XRecord interface thread starting
2015-07-04 22:57:32,274 INFO - service - Service now marked as running
2015-07-04 22:57:32,932 INFO - root - Entering main()
2015-07-05 01:14:30,583 INFO - root - Displaying configuration window
2015-07-05 01:14:34,724 INFO - config-manager - Configuration changed - rebuilding in-memory structures
2015-07-05 01:14:34,726 INFO - config-manager - Persisting configuration
2015-07-05 01:14:34,726 INFO - config-manager - Backing up existing config file
2015-07-05 01:14:34,756 INFO - config-manager - Finished persisting configuration - no errors
2015-07-06 21:38:48,852 INFO - root - Initialising application
2015-07-06 21:38:48,861 INFO - root - Initialise global hotkeys
2015-07-06 21:38:48,862 INFO - config-manager - Loading config from existing file: /home/steve/.config/autokey/autokey.json
2015-07-06 21:38:55,253 INFO - config-manager - Configuration changed - rebuilding in-memory structures
2015-07-06 21:38:55,253 INFO - config-manager - Successfully loaded configuration
2015-07-06 21:38:55,253 INFO - service - Starting service
2015-07-06 21:38:55,294 INFO - interface - XRecord interface thread starting
2015-07-06 21:38:55,294 INFO - service - Service now marked as running
2015-07-06 21:38:55,678 INFO - root - Entering main()
2015-07-08 09:02:05,394 INFO - root - Initialising application
2015-07-08 09:02:05,487 INFO - root - Initialise global hotkeys
2015-07-08 09:02:05,487 INFO - config-manager - Loading config from existing file: /home/steve/.config/autokey/autokey.json
2015-07-08 09:02:05,547 INFO - config-manager - Configuration changed - rebuilding in-memory structures
2015-07-08 09:02:05,548 INFO - config-manager - Successfully loaded configuration
2015-07-08 09:02:05,548 INFO - service - Starting service
2015-07-08 09:02:05,592 INFO - interface - XRecord interface thread starting
2015-07-08 09:02:05,605 INFO - service - Service now marked as running
2015-07-08 09:02:05,876 INFO - root - Entering main()
2015-07-08 19:41:31,868 INFO - root - Initialising application
2015-07-08 19:41:31,961 INFO - root - Initialise global hotkeys
2015-07-08 19:41:31,961 INFO - config-manager - Loading config from existing file: /home/steve/.config/autokey/autokey.json
2015-07-08 19:41:37,122 INFO - config-manager - Configuration changed - rebuilding in-memory structures
2015-07-08 19:41:37,122 INFO - config-manager - Successfully loaded configuration
2015-07-08 19:41:37,123 INFO - service - Starting service
2015-07-08 19:41:37,415 INFO - interface - XRecord interface thread starting
2015-07-08 19:41:37,416 INFO - service - Service now marked as running
2015-07-08 19:41:38,270 INFO - root - Entering main()
2015-07-09 22:46:52,261 INFO - root - Initialising application
2015-07-09 22:46:52,383 INFO - root - Initialise global hotkeys
2015-07-09 22:46:52,383 INFO - config-manager - Loading config from existing file: /home/steve/.config/autokey/autokey.json
2015-07-09 22:46:58,424 INFO - config-manager - Configuration changed - rebuilding in-memory structures
2015-07-09 22:46:58,424 INFO - config-manager - Successfully loaded configuration
2015-07-09 22:46:58,424 INFO - service - Starting service
2015-07-09 22:46:58,466 INFO - interface - XRecord interface thread starting
2015-07-09 22:46:58,467 INFO - service - Service now marked as running
2015-07-09 22:46:59,744 INFO - root - Entering main()
2015-07-10 00:12:37,546 INFO - root - Initialising application
2015-07-10 00:12:37,613 INFO - root - Initialise global hotkeys
2015-07-10 00:12:37,613 INFO - config-manager - Loading config from existing file: /home/steve/.config/autokey/autokey.json
2015-07-10 00:12:37,627 INFO - config-manager - Configuration changed - rebuilding in-memory structures
2015-07-10 00:12:37,627 INFO - config-manager - Successfully loaded configuration
2015-07-10 00:12:37,628 INFO - service - Starting service
2015-07-10 00:12:38,062 INFO - interface - XRecord interface thread starting
2015-07-10 00:12:38,063 INFO - service - Service now marked as running
2015-07-10 00:12:38,086 INFO - root - Entering main()
2015-07-11 00:01:26,411 INFO - root - Initialising application
2015-07-11 00:01:26,595 INFO - root - Initialise global hotkeys
2015-07-11 00:01:26,595 INFO - config-manager - Loading config from existing file: /home/steve/.config/autokey/autokey.json
2015-07-11 00:01:32,072 INFO - config-manager - Configuration changed - rebuilding in-memory structures
2015-07-11 00:01:32,072 INFO - config-manager - Successfully loaded configuration
2015-07-11 00:01:32,072 INFO - service - Starting service
2015-07-11 00:01:32,377 INFO - interface - XRecord interface thread starting
2015-07-11 00:01:32,378 INFO - service - Service now marked as running
2015-07-11 00:01:32,903 INFO - root - Entering main()
2015-07-11 23:41:08,474 INFO - root - Initialising application
2015-07-11 23:41:08,672 INFO - root - Initialise global hotkeys
2015-07-11 23:41:08,672 INFO - config-manager - Loading config from existing file: /home/steve/.config/autokey/autokey.json
2015-07-11 23:41:15,585 INFO - config-manager - Configuration changed - rebuilding in-memory structures
2015-07-11 23:41:15,586 INFO - config-manager - Successfully loaded configuration
2015-07-11 23:41:15,586 INFO - service - Starting service
2015-07-11 23:41:16,693 INFO - interface - XRecord interface thread starting
2015-07-11 23:41:16,694 INFO - service - Service now marked as running
2015-07-11 23:41:18,841 INFO - root - Entering main()
2015-07-12 10:42:31,619 INFO - root - Initialising application
2015-07-12 10:42:31,718 INFO - root - Initialise global hotkeys
2015-07-12 10:42:31,719 INFO - config-manager - Loading config from existing file: /home/steve/.config/autokey/autokey.json
2015-07-12 10:42:34,718 INFO - config-manager - Configuration changed - rebuilding in-memory structures
2015-07-12 10:42:34,719 INFO - config-manager - Successfully loaded configuration
2015-07-12 10:42:34,719 INFO - service - Starting service
2015-07-12 10:42:34,824 INFO - interface - XRecord interface thread starting
2015-07-12 10:42:34,825 INFO - service - Service now marked as running
2015-07-12 10:42:36,099 INFO - root - Entering main()
2015-07-13 10:57:25,167 INFO - root - Initialising application
2015-07-13 10:57:25,385 INFO - root - Initialise global hotkeys
2015-07-13 10:57:25,385 INFO - config-manager - Loading config from existing file: /home/steve/.config/autokey/autokey.json
2015-07-13 10:57:28,006 INFO - config-manager - Configuration changed - rebuilding in-memory structures
2015-07-13 10:57:28,006 INFO - config-manager - Successfully loaded configuration
2015-07-13 10:57:28,007 INFO - service - Starting service
2015-07-13 10:57:28,256 INFO - interface - XRecord interface thread starting
2015-07-13 10:57:28,257 INFO - service - Service now marked as running
2015-07-13 10:57:28,766 INFO - root - Entering main()
2015-07-13 18:00:35,694 INFO - root - Initialising application
2015-07-13 18:00:35,871 INFO - root - Initialise global hotkeys
2015-07-13 18:00:35,871 INFO - config-manager - Loading config from existing file: /home/steve/.config/autokey/autokey.json
2015-07-13 18:00:39,499 INFO - config-manager - Configuration changed - rebuilding in-memory structures
2015-07-13 18:00:39,499 INFO - config-manager - Successfully loaded configuration
2015-07-13 18:00:39,499 INFO - service - Starting service
2015-07-13 18:00:39,829 INFO - interface - XRecord interface thread starting
2015-07-13 18:00:39,830 INFO - service - Service now marked as running
2015-07-13 18:00:40,754 INFO - root - Entering main()
2015-07-14 11:45:36,616 INFO - root - Initialising application
2015-07-14 11:45:36,778 INFO - root - Initialise global hotkeys
2015-07-14 11:45:36,809 INFO - config-manager - Loading config from existing file: /home/steve/.config/autokey/autokey.json
2015-07-14 11:45:39,863 INFO - config-manager - Configuration changed - rebuilding in-memory structures
2015-07-14 11:45:39,863 INFO - config-manager - Successfully loaded configuration
2015-07-14 11:45:39,864 INFO - service - Starting service
2015-07-14 11:45:40,406 INFO - interface - XRecord interface thread starting
2015-07-14 11:45:40,406 INFO - service - Service now marked as running
2015-07-14 11:45:41,082 INFO - root - Entering main()
2015-07-15 18:17:08,312 INFO - root - Initialising application
2015-07-15 18:17:08,387 INFO - root - Initialise global hotkeys
2015-07-15 18:17:08,387 INFO - config-manager - Loading config from existing file: /home/steve/.config/autokey/autokey.json
2015-07-15 18:17:09,807 INFO - config-manager - Configuration changed - rebuilding in-memory structures
2015-07-15 18:17:09,807 INFO - config-manager - Successfully loaded configuration
2015-07-15 18:17:09,808 INFO - service - Starting service
2015-07-15 18:17:09,847 INFO - interface - XRecord interface thread starting
2015-07-15 18:17:09,848 INFO - service - Service now marked as running
2015-07-15 18:17:09,978 INFO - root - Entering main()
2015-07-15 18:22:49,899 INFO - root - Initialising application
2015-07-15 18:22:49,995 INFO - root - Initialise global hotkeys
2015-07-15 18:22:49,995 INFO - config-manager - Loading config from existing file: /home/steve/.config/autokey/autokey.json
2015-07-15 18:22:55,184 INFO - config-manager - Configuration changed - rebuilding in-memory structures
2015-07-15 18:22:55,184 INFO - config-manager - Successfully loaded configuration
2015-07-15 18:22:55,184 INFO - service - Starting service
2015-07-15 18:22:56,128 INFO - interface - XRecord interface thread starting
2015-07-15 18:22:56,129 INFO - service - Service now marked as running
2015-07-15 18:22:56,452 INFO - root - Entering main()
2015-07-15 18:48:42,972 INFO - root - Initialising application
2015-07-15 18:48:43,006 INFO - root - Initialise global hotkeys
2015-07-15 18:48:43,006 INFO - config-manager - Loading config from existing file: /home/steve/.config/autokey/autokey.json
2015-07-15 18:48:43,016 INFO - config-manager - Configuration changed - rebuilding in-memory structures
2015-07-15 18:48:43,016 INFO - config-manager - Successfully loaded configuration
2015-07-15 18:48:43,020 INFO - service - Starting service
2015-07-15 18:48:43,124 INFO - interface - XRecord interface thread starting
2015-07-15 18:48:43,124 INFO - service - Service now marked as running
2015-07-15 18:48:43,138 INFO - root - Entering main()
2015-07-15 18:49:31,533 INFO - root - Initialising application
2015-07-15 18:49:31,570 INFO - root - Initialise global hotkeys
2015-07-15 18:49:31,570 INFO - config-manager - Loading config from existing file: /home/steve/.config/autokey/autokey.json
2015-07-15 18:49:31,574 INFO - config-manager - Configuration changed - rebuilding in-memory structures
2015-07-15 18:49:31,574 INFO - config-manager - Successfully loaded configuration
2015-07-15 18:49:31,574 INFO - service - Starting service
2015-07-15 18:49:31,668 INFO - interface - XRecord interface thread starting
2015-07-15 18:49:31,671 INFO - service - Service now marked as running
2015-07-15 18:49:31,682 INFO - root - Entering main()
2015-07-17 16:50:43,264 INFO - root - Initialising application
2015-07-17 16:50:43,685 INFO - root - Initialise global hotkeys
2015-07-17 16:50:43,686 INFO - config-manager - Loading config from existing file: /home/steve/.config/autokey/autokey.json
2015-07-17 16:50:47,022 INFO - config-manager - Configuration changed - rebuilding in-memory structures
2015-07-17 16:50:47,023 INFO - config-manager - Successfully loaded configuration
2015-07-17 16:50:47,023 INFO - service - Starting service
2015-07-17 16:50:47,161 INFO - interface - XRecord interface thread starting
2015-07-17 16:50:47,162 INFO - service - Service now marked as running
2015-07-17 16:50:47,332 INFO - root - Entering main()
2015-07-20 14:07:55,551 INFO - root - Initialising application
2015-07-20 14:07:55,727 INFO - root - Initialise global hotkeys
2015-07-20 14:07:55,727 INFO - config-manager - Loading config from existing file: /home/steve/.config/autokey/autokey.json
2015-07-20 14:07:59,723 INFO - config-manager - Configuration changed - rebuilding in-memory structures
2015-07-20 14:07:59,723 INFO - config-manager - Successfully loaded configuration
2015-07-20 14:07:59,724 INFO - service - Starting service
2015-07-20 14:07:59,761 INFO - interface - XRecord interface thread starting
2015-07-20 14:07:59,762 INFO - service - Service now marked as running
2015-07-20 14:08:00,464 INFO - root - Entering main()
2015-07-20 19:55:33,696 INFO - service - Undoing last abbreviation expansion
2015-07-23 22:57:21,314 INFO - root - Initialising application
2015-07-23 22:57:22,053 INFO - root - Initialise global hotkeys
2015-07-23 22:57:22,053 INFO - config-manager - Loading config from existing file: /home/steve/.config/autokey/autokey.json
2015-07-23 22:57:27,308 INFO - config-manager - Configuration changed - rebuilding in-memory structures
2015-07-23 22:57:27,309 INFO - config-manager - Successfully loaded configuration
2015-07-23 22:57:27,309 INFO - service - Starting service
2015-07-23 22:57:27,382 INFO - interface - XRecord interface thread starting
2015-07-23 22:57:27,383 INFO - service - Service now marked as running
2015-07-23 22:57:27,675 INFO - root - Entering main()
2015-07-26 01:31:49,562 INFO - root - Initialising application
2015-07-26 01:31:49,737 INFO - root - Initialise global hotkeys
2015-07-26 01:31:49,737 INFO - config-manager - Loading config from existing file: /home/steve/.config/autokey/autokey.json
2015-07-26 01:31:56,511 INFO - config-manager - Configuration changed - rebuilding in-memory structures
2015-07-26 01:31:56,512 INFO - config-manager - Successfully loaded configuration
2015-07-26 01:31:56,512 INFO - service - Starting service
2015-07-26 01:31:58,191 INFO - interface - XRecord interface thread starting
2015-07-26 01:31:58,191 INFO - service - Service now marked as running
2015-07-26 01:31:59,332 INFO - root - Entering main()
2015-07-28 00:29:28,452 INFO - service - Undoing last abbreviation expansion
2015-07-28 00:32:39,769 INFO - root - Initialising application
2015-07-28 00:32:40,443 INFO - root - Initialise global hotkeys
2015-07-28 00:32:40,505 INFO - config-manager - Loading config from existing file: /home/steve/.config/autokey/autokey.json
2015-07-28 00:32:52,516 INFO - config-manager - Configuration changed - rebuilding in-memory structures
2015-07-28 00:32:52,517 INFO - config-manager - Successfully loaded configuration
2015-07-28 00:32:52,517 INFO - service - Starting service
2015-07-28 00:32:53,784 INFO - interface - XRecord interface thread starting
2015-07-28 00:32:53,784 INFO - service - Service now marked as running
2015-07-28 00:32:58,237 INFO - root - Entering main()
2015-07-28 10:25:10,521 INFO - root - Initialising application
2015-07-28 10:25:10,547 INFO - root - Initialise global hotkeys
2015-07-28 10:25:10,548 INFO - config-manager - Loading config from existing file: /home/steve/.config/autokey/autokey.json
2015-07-28 10:25:10,556 INFO - config-manager - Configuration changed - rebuilding in-memory structures
2015-07-28 10:25:10,556 INFO - config-manager - Successfully loaded configuration
2015-07-28 10:25:10,556 INFO - service - Starting service
2015-07-28 10:25:10,659 INFO - interface - XRecord interface thread starting
2015-07-28 10:25:10,665 INFO - service - Service now marked as running
2015-07-28 10:25:10,696 INFO - root - Entering main()
2015-07-28 10:29:00,851 INFO - root - Initialising application
2015-07-28 10:29:00,951 INFO - root - Initialise global hotkeys
2015-07-28 10:29:00,952 INFO - config-manager - Loading config from existing file: /home/steve/.config/autokey/autokey.json
2015-07-28 10:29:08,482 INFO - config-manager - Configuration changed - rebuilding in-memory structures
2015-07-28 10:29:08,482 INFO - config-manager - Successfully loaded configuration
2015-07-28 10:29:08,482 INFO - service - Starting service
2015-07-28 10:29:08,529 INFO - interface - XRecord interface thread starting
2015-07-28 10:29:08,529 INFO - service - Service now marked as running
2015-07-28 10:29:08,749 INFO - root - Entering main()
2015-07-28 10:51:48,935 INFO - root - Initialising application
2015-07-28 10:51:49,036 INFO - root - Initialise global hotkeys
2015-07-28 10:51:49,050 INFO - config-manager - Loading config from existing file: /home/steve/.config/autokey/autokey.json
2015-07-28 10:51:58,613 INFO - config-manager - Configuration changed - rebuilding in-memory structures
2015-07-28 10:51:58,614 INFO - config-manager - Successfully loaded configuration
2015-07-28 10:51:58,614 INFO - service - Starting service
2015-07-28 10:51:58,945 INFO - interface - XRecord interface thread starting
2015-07-28 10:51:58,946 INFO - service - Service now marked as running
2015-07-28 10:52:00,490 INFO - root - Entering main()
2015-07-28 11:21:03,715 INFO - root - Initialising application
2015-07-28 11:21:03,808 INFO - root - Initialise global hotkeys
2015-07-28 11:21:04,051 INFO - config-manager - Loading config from existing file: /home/steve/.config/autokey/autokey.json
2015-07-28 11:21:09,051 INFO - config-manager - Configuration changed - rebuilding in-memory structures
2015-07-28 11:21:09,052 INFO - config-manager - Successfully loaded configuration
2015-07-28 11:21:09,052 INFO - service - Starting service
2015-07-28 11:21:11,584 INFO - interface - XRecord interface thread starting
2015-07-28 11:21:11,584 INFO - service - Service now marked as running
2015-07-28 11:21:12,923 INFO - root - Entering main()
2015-07-28 13:00:15,651 INFO - root - Initialising application
2015-07-28 13:00:15,730 INFO - root - Initialise global hotkeys
2015-07-28 13:00:15,730 INFO - config-manager - Loading config from existing file: /home/steve/.config/autokey/autokey.json
2015-07-28 13:00:15,745 INFO - config-manager - Configuration changed - rebuilding in-memory structures
2015-07-28 13:00:15,745 INFO - config-manager - Successfully loaded configuration
2015-07-28 13:00:15,745 INFO - service - Starting service
2015-07-28 13:00:15,935 INFO - interface - XRecord interface thread starting
2015-07-28 13:00:15,935 INFO - service - Service now marked as running
2015-07-28 13:00:15,973 INFO - root - Entering main()
2015-07-28 13:32:21,802 INFO - root - Initialising application
2015-07-28 13:32:21,914 INFO - root - Initialise global hotkeys
2015-07-28 13:32:21,914 INFO - config-manager - Loading config from existing file: /home/steve/.config/autokey/autokey.json
2015-07-28 13:32:28,539 INFO - config-manager - Configuration changed - rebuilding in-memory structures
2015-07-28 13:32:28,539 INFO - config-manager - Successfully loaded configuration
2015-07-28 13:32:28,540 INFO - service - Starting service
2015-07-28 13:32:30,867 INFO - interface - XRecord interface thread starting
2015-07-28 13:32:30,868 INFO - service - Service now marked as running
2015-07-28 13:32:32,786 INFO - root - Entering main()
2015-07-28 18:00:39,775 INFO - root - Initialising application
2015-07-28 18:00:39,802 INFO - root - Initialise global hotkeys
2015-07-28 18:00:39,802 INFO - config-manager - Loading config from existing file: /home/steve/.config/autokey/autokey.json
2015-07-28 18:00:40,075 INFO - config-manager - Configuration changed - rebuilding in-memory structures
2015-07-28 18:00:40,076 INFO - config-manager - Successfully loaded configuration
2015-07-28 18:00:40,076 INFO - service - Starting service
2015-07-28 18:00:40,148 INFO - interface - XRecord interface thread starting
2015-07-28 18:00:40,149 INFO - service - Service now marked as running
2015-07-28 18:00:40,292 INFO - root - Entering main()
2015-07-30 13:42:07,085 INFO - root - Initialising application
2015-07-30 13:42:07,758 INFO - root - Initialise global hotkeys
2015-07-30 13:42:07,758 INFO - config-manager - Loading config from existing file: /home/steve/.config/autokey/autokey.json
2015-07-30 13:42:13,146 INFO - config-manager - Configuration changed - rebuilding in-memory structures
2015-07-30 13:42:13,146 INFO - config-manager - Successfully loaded configuration
2015-07-30 13:42:13,146 INFO - service - Starting service
2015-07-30 13:42:21,888 INFO - interface - XRecord interface thread starting
2015-07-30 13:42:21,889 INFO - service - Service now marked as running
2015-07-30 13:42:21,897 INFO - root - Entering main()
2015-07-30 14:32:20,027 INFO - root - Initialising application
2015-07-30 14:32:20,105 INFO - root - Initialise global hotkeys
2015-07-30 14:32:20,105 INFO - config-manager - Loading config from existing file: /home/steve/.config/autokey/autokey.json
2015-07-30 14:32:20,109 INFO - config-manager - Configuration changed - rebuilding in-memory structures
2015-07-30 14:32:20,109 INFO - config-manager - Successfully loaded configuration
2015-07-30 14:32:20,109 INFO - service - Starting service
2015-07-30 14:32:20,275 INFO - interface - XRecord interface thread starting
2015-07-30 14:32:20,280 INFO - service - Service now marked as running
2015-07-30 14:32:20,293 INFO - root - Entering main()
2015-07-30 16:06:39,509 INFO - root - Initialising application
2015-07-30 16:06:39,526 INFO - root - Initialise global hotkeys
2015-07-30 16:06:39,526 INFO - config-manager - Loading config from existing file: /home/steve/.config/autokey/autokey.json
2015-07-30 16:06:39,531 INFO - config-manager - Configuration changed - rebuilding in-memory structures
2015-07-30 16:06:39,531 INFO - config-manager - Successfully loaded configuration
2015-07-30 16:06:39,531 INFO - service - Starting service
2015-07-30 16:06:44,292 INFO - interface - XRecord interface thread starting
2015-07-30 16:06:44,298 INFO - service - Service now marked as running
2015-07-30 16:06:44,324 INFO - root - Entering main()
2015-08-02 01:25:53,372 INFO - root - Initialising application
2015-08-02 01:25:53,655 INFO - root - Initialise global hotkeys
2015-08-02 01:25:53,655 INFO - config-manager - Loading config from existing file: /home/steve/.config/autokey/autokey.json
2015-08-02 01:25:55,816 INFO - config-manager - Configuration changed - rebuilding in-memory structures
2015-08-02 01:25:58,295 INFO - config-manager - Successfully loaded configuration
2015-08-02 01:25:58,295 INFO - service - Starting service
2015-08-02 01:25:58,334 INFO - interface - XRecord interface thread starting
2015-08-02 01:25:58,335 INFO - service - Service now marked as running
2015-08-02 01:26:03,328 INFO - root - Entering main()
2015-08-04 00:21:48,866 INFO - root - Initialising application
2015-08-04 00:21:48,951 INFO - root - Initialise global hotkeys
2015-08-04 00:21:48,951 INFO - config-manager - Loading config from existing file: /home/steve/.config/autokey/autokey.json
2015-08-04 00:21:50,846 INFO - config-manager - Configuration changed - rebuilding in-memory structures
2015-08-04 00:21:50,847 INFO - config-manager - Successfully loaded configuration
2015-08-04 00:21:50,847 INFO - service - Starting service
2015-08-04 00:21:50,929 INFO - interface - XRecord interface thread starting
2015-08-04 00:21:50,930 INFO - service - Service now marked as running
2015-08-04 00:21:51,212 INFO - root - Entering main()
2015-08-04 00:37:03,782 INFO - root - Initialising application
2015-08-04 00:37:03,961 INFO - root - Initialise global hotkeys
2015-08-04 00:37:03,961 INFO - config-manager - Loading config from existing file: /home/steve/.config/autokey/autokey.json
2015-08-04 00:37:10,251 INFO - config-manager - Configuration changed - rebuilding in-memory structures
2015-08-04 00:37:10,252 INFO - config-manager - Successfully loaded configuration
2015-08-04 00:37:10,252 INFO - service - Starting service
2015-08-04 00:37:10,342 INFO - interface - XRecord interface thread starting
2015-08-04 00:37:10,342 INFO - service - Service now marked as running
2015-08-04 00:37:11,683 INFO - root - Entering main()
2015-08-04 00:48:59,470 INFO - root - Initialising application
2015-08-04 00:48:59,780 INFO - root - Initialise global hotkeys
2015-08-04 00:48:59,781 INFO - config-manager - Loading config from existing file: /home/steve/.config/autokey/autokey.json
2015-08-04 00:49:04,280 INFO - config-manager - Configuration changed - rebuilding in-memory structures
2015-08-04 00:49:04,280 INFO - config-manager - Successfully loaded configuration
2015-08-04 00:49:04,280 INFO - service - Starting service
2015-08-04 00:49:04,319 INFO - interface - XRecord interface thread starting
2015-08-04 00:49:04,320 INFO - service - Service now marked as running
2015-08-04 00:49:04,738 INFO - root - Entering main()
2015-08-04 00:55:12,359 INFO - root - Initialising application
2015-08-04 00:55:12,460 INFO - root - Initialise global hotkeys
2015-08-04 00:55:12,460 INFO - config-manager - Loading config from existing file: /home/steve/.config/autokey/autokey.json
2015-08-04 00:55:15,024 INFO - config-manager - Configuration changed - rebuilding in-memory structures
2015-08-04 00:55:15,025 INFO - config-manager - Successfully loaded configuration
2015-08-04 00:55:15,025 INFO - service - Starting service
2015-08-04 00:55:15,122 INFO - interface - XRecord interface thread starting
2015-08-04 00:55:15,123 INFO - service - Service now marked as running
2015-08-04 00:55:15,518 INFO - root - Entering main()
2015-08-04 19:02:28,751 INFO - root - Initialising application
2015-08-04 19:02:28,840 INFO - root - Initialise global hotkeys
2015-08-04 19:02:28,840 INFO - config-manager - Loading config from existing file: /home/steve/.config/autokey/autokey.json
2015-08-04 19:02:32,317 INFO - config-manager - Configuration changed - rebuilding in-memory structures
2015-08-04 19:02:32,317 INFO - config-manager - Successfully loaded configuration
2015-08-04 19:02:32,317 INFO - service - Starting service
2015-08-04 19:02:32,499 INFO - interface - XRecord interface thread starting
2015-08-04 19:02:32,499 INFO - service - Service now marked as running
2015-08-04 19:02:32,655 INFO - root - Entering main()
2015-08-08 23:28:31,904 INFO - root - Initialising application
2015-08-08 23:28:32,000 INFO - root - Initialise global hotkeys
2015-08-08 23:28:32,000 INFO - config-manager - Loading config from existing file: /home/steve/.config/autokey/autokey.json
2015-08-08 23:28:34,887 INFO - config-manager - Configuration changed - rebuilding in-memory structures
2015-08-08 23:28:34,887 INFO - config-manager - Successfully loaded configuration
2015-08-08 23:28:34,887 INFO - service - Starting service
2015-08-08 23:28:34,929 INFO - interface - XRecord interface thread starting
2015-08-08 23:28:34,929 INFO - service - Service now marked as running
2015-08-08 23:28:35,496 INFO - root - Entering main()
2015-08-08 23:33:10,760 INFO - root - Initialising application
2015-08-08 23:33:11,161 INFO - root - Initialise global hotkeys
2015-08-08 23:33:11,161 INFO - config-manager - Loading config from existing file: /home/steve/.config/autokey/autokey.json
2015-08-08 23:33:20,486 INFO - config-manager - Configuration changed - rebuilding in-memory structures
2015-08-08 23:33:20,486 INFO - config-manager - Successfully loaded configuration
2015-08-08 23:33:20,486 INFO - service - Starting service
2015-08-08 23:33:20,787 INFO - interface - XRecord interface thread starting
2015-08-08 23:33:20,787 INFO - service - Service now marked as running
2015-08-08 23:33:21,729 INFO - root - Entering main()
2015-08-09 00:42:13,198 INFO - root - Initialising application
2015-08-09 00:42:13,452 INFO - root - Initialise global hotkeys
2015-08-09 00:42:13,452 INFO - config-manager - Loading config from existing file: /home/steve/.config/autokey/autokey.json
2015-08-09 00:42:18,872 INFO - config-manager - Configuration changed - rebuilding in-memory structures
2015-08-09 00:42:18,873 INFO - config-manager - Successfully loaded configuration
2015-08-09 00:42:18,873 INFO - service - Starting service
2015-08-09 00:42:18,960 INFO - interface - XRecord interface thread starting
2015-08-09 00:42:18,960 INFO - service - Service now marked as running
2015-08-09 00:42:19,625 INFO - root - Entering main()
2015-08-12 00:40:36,034 INFO - root - Initialising application
2015-08-12 00:40:36,134 INFO - root - Initialise global hotkeys
2015-08-12 00:40:36,205 INFO - config-manager - Loading config from existing file: /home/steve/.config/autokey/autokey.json
2015-08-12 00:40:38,989 INFO - config-manager - Configuration changed - rebuilding in-memory structures
2015-08-12 00:40:38,989 INFO - config-manager - Successfully loaded configuration
2015-08-12 00:40:38,989 INFO - service - Starting service
2015-08-12 00:40:39,028 INFO - interface - XRecord interface thread starting
2015-08-12 00:40:39,029 INFO - service - Service now marked as running
2015-08-12 00:40:39,895 INFO - root - Entering main()
2015-08-12 01:08:03,553 INFO - root - Initialising application
2015-08-12 01:08:03,605 INFO - root - Initialise global hotkeys
2015-08-12 01:08:03,605 INFO - config-manager - Loading config from existing file: /home/steve/.config/autokey/autokey.json
2015-08-12 01:08:03,617 INFO - config-manager - Configuration changed - rebuilding in-memory structures
2015-08-12 01:08:03,617 INFO - config-manager - Successfully loaded configuration
2015-08-12 01:08:03,618 INFO - service - Starting service
2015-08-12 01:08:03,751 INFO - interface - XRecord interface thread starting
2015-08-12 01:08:03,763 INFO - service - Service now marked as running
2015-08-12 01:08:03,791 INFO - root - Entering main()
2015-08-12 01:26:12,565 INFO - root - Initialising application
2015-08-12 01:26:12,595 INFO - root - Initialise global hotkeys
2015-08-12 01:26:12,595 INFO - config-manager - Loading config from existing file: /home/steve/.config/autokey/autokey.json
2015-08-12 01:26:12,599 INFO - config-manager - Configuration changed - rebuilding in-memory structures
2015-08-12 01:26:12,600 INFO - config-manager - Successfully loaded configuration
2015-08-12 01:26:12,600 INFO - service - Starting service
2015-08-12 01:26:12,712 INFO - interface - XRecord interface thread starting
2015-08-12 01:26:12,723 INFO - service - Service now marked as running
2015-08-12 01:26:12,738 INFO - root - Entering main()
2015-08-12 15:45:47,844 INFO - root - Initialising application
2015-08-12 15:45:47,899 INFO - root - Initialise global hotkeys
2015-08-12 15:45:47,899 INFO - config-manager - Loading config from existing file: /home/steve/.config/autokey/autokey.json
2015-08-12 15:45:47,917 INFO - config-manager - Configuration changed - rebuilding in-memory structures
2015-08-12 15:45:47,922 INFO - config-manager - Successfully loaded configuration
2015-08-12 15:45:47,924 INFO - service - Starting service
2015-08-12 15:45:48,026 INFO - interface - XRecord interface thread starting
2015-08-12 15:45:48,027 INFO - service - Service now marked as running
2015-08-12 15:45:48,042 INFO - root - Entering main()
2015-08-12 17:29:00,335 INFO - root - Initialising application
2015-08-12 17:29:00,346 INFO - root - Initialise global hotkeys
2015-08-12 17:29:00,346 INFO - config-manager - Loading config from existing file: /home/steve/.config/autokey/autokey.json
2015-08-12 17:29:00,348 INFO - config-manager - Configuration changed - rebuilding in-memory structures
2015-08-12 17:29:00,349 INFO - config-manager - Successfully loaded configuration
2015-08-12 17:29:00,349 INFO - service - Starting service
2015-08-12 17:29:00,391 INFO - interface - XRecord interface thread starting
2015-08-12 17:29:00,397 INFO - service - Service now marked as running
2015-08-12 17:29:00,404 INFO - root - Entering main()
2015-08-13 23:58:42,445 INFO - root - Initialising application
2015-08-13 23:58:42,656 INFO - root - Initialise global hotkeys
2015-08-13 23:58:42,656 INFO - config-manager - Loading config from existing file: /home/steve/.config/autokey/autokey.json
2015-08-13 23:58:50,644 INFO - config-manager - Configuration changed - rebuilding in-memory structures
2015-08-13 23:58:50,645 INFO - config-manager - Successfully loaded configuration
2015-08-13 23:58:50,645 INFO - service - Starting service
2015-08-13 23:58:50,683 INFO - interface - XRecord interface thread starting
2015-08-13 23:58:50,684 INFO - service - Service now marked as running
2015-08-13 23:58:52,406 INFO - root - Entering main()
2015-08-14 00:15:52,451 INFO - root - Initialising application
2015-08-14 00:15:52,576 INFO - root - Initialise global hotkeys
2015-08-14 00:15:52,576 INFO - config-manager - Loading config from existing file: /home/steve/.config/autokey/autokey.json
2015-08-14 00:16:03,560 INFO - config-manager - Configuration changed - rebuilding in-memory structures
2015-08-14 00:16:03,561 INFO - config-manager - Successfully loaded configuration
2015-08-14 00:16:03,561 INFO - service - Starting service
2015-08-14 00:16:03,645 INFO - interface - XRecord interface thread starting
2015-08-14 00:16:03,646 INFO - service - Service now marked as running
2015-08-14 00:16:03,945 INFO - root - Entering main()
2015-08-17 18:45:30,257 INFO - root - Initialising application
2015-08-17 18:45:30,732 INFO - root - Initialise global hotkeys
2015-08-17 18:45:30,732 INFO - config-manager - Loading config from existing file: /home/steve/.config/autokey/autokey.json
2015-08-17 18:45:34,626 INFO - config-manager - Configuration changed - rebuilding in-memory structures
2015-08-17 18:45:34,627 INFO - config-manager - Successfully loaded configuration
2015-08-17 18:45:34,627 INFO - service - Starting service
2015-08-17 18:45:35,300 INFO - interface - XRecord interface thread starting
2015-08-17 18:45:35,300 INFO - service - Service now marked as running
2015-08-17 18:45:36,067 INFO - root - Entering main()
2015-08-17 19:04:47,768 INFO - root - Initialising application
2015-08-17 19:04:47,812 INFO - root - Initialise global hotkeys
2015-08-17 19:04:47,813 INFO - config-manager - Loading config from existing file: /home/steve/.config/autokey/autokey.json
2015-08-17 19:04:47,818 INFO - config-manager - Configuration changed - rebuilding in-memory structures
2015-08-17 19:04:47,819 INFO - config-manager - Successfully loaded configuration
2015-08-17 19:04:47,819 INFO - service - Starting service
2015-08-17 19:04:48,001 INFO - interface - XRecord interface thread starting
2015-08-17 19:04:48,006 INFO - service - Service now marked as running
2015-08-17 19:04:48,038 INFO - root - Entering main()
2015-08-17 19:36:55,322 INFO - root - Initialising application
2015-08-17 19:36:55,410 INFO - root - Initialise global hotkeys
2015-08-17 19:36:55,410 INFO - config-manager - Loading config from existing file: /home/steve/.config/autokey/autokey.json
2015-08-17 19:36:57,942 INFO - config-manager - Configuration changed - rebuilding in-memory structures
2015-08-17 19:36:57,943 INFO - config-manager - Successfully loaded configuration
2015-08-17 19:36:57,943 INFO - service - Starting service
2015-08-17 19:36:58,003 INFO - interface - XRecord interface thread starting
2015-08-17 19:36:58,004 INFO - service - Service now marked as running
2015-08-17 19:36:58,206 INFO - root - Entering main()
2015-08-18 09:02:48,022 INFO - root - Initialising application
2015-08-18 09:02:48,564 INFO - root - Initialise global hotkeys
2015-08-18 09:02:48,564 INFO - config-manager - Loading config from existing file: /home/steve/.config/autokey/autokey.json
2015-08-18 09:02:52,176 INFO - config-manager - Configuration changed - rebuilding in-memory structures
2015-08-18 09:02:52,176 INFO - config-manager - Successfully loaded configuration
2015-08-18 09:02:52,176 INFO - service - Starting service
2015-08-18 09:02:52,225 INFO - interface - XRecord interface thread starting
2015-08-18 09:02:52,226 INFO - service - Service now marked as running
2015-08-18 09:02:52,867 INFO - root - Entering main()
2015-08-18 09:45:44,702 INFO - root - Initialising application
2015-08-18 09:45:44,804 INFO - root - Initialise global hotkeys
2015-08-18 09:45:44,805 INFO - config-manager - Loading config from existing file: /home/steve/.config/autokey/autokey.json
2015-08-18 09:45:48,461 INFO - config-manager - Configuration changed - rebuilding in-memory structures
2015-08-18 09:45:48,462 INFO - config-manager - Successfully loaded configuration
2015-08-18 09:45:48,462 INFO - service - Starting service
2015-08-18 09:45:48,501 INFO - interface - XRecord interface thread starting
2015-08-18 09:45:48,502 INFO - service - Service now marked as running
2015-08-18 09:45:48,864 INFO - root - Entering main()
2015-08-21 09:06:50,391 INFO - root - Initialising application
2015-08-21 09:06:50,766 INFO - root - Initialise global hotkeys
2015-08-21 09:06:50,766 INFO - config-manager - Loading config from existing file: /home/steve/.config/autokey/autokey.json
2015-08-21 09:06:53,637 INFO - config-manager - Configuration changed - rebuilding in-memory structures
2015-08-21 09:06:53,637 INFO - config-manager - Successfully loaded configuration
2015-08-21 09:06:53,638 INFO - service - Starting service
2015-08-21 09:06:53,875 INFO - interface - XRecord interface thread starting
2015-08-21 09:06:53,875 INFO - service - Service now marked as running
2015-08-21 09:06:54,282 INFO - root - Entering main()
2015-08-21 21:30:19,941 INFO - root - Initialising application
2015-08-21 21:30:20,059 INFO - root - Initialise global hotkeys
2015-08-21 21:30:20,059 INFO - config-manager - Loading config from existing file: /home/steve/.config/autokey/autokey.json
2015-08-21 21:30:23,435 INFO - config-manager - Configuration changed - rebuilding in-memory structures
2015-08-21 21:30:23,435 INFO - config-manager - Successfully loaded configuration
2015-08-21 21:30:23,436 INFO - service - Starting service
2015-08-21 21:30:23,474 INFO - interface - XRecord interface thread starting
2015-08-21 21:30:23,475 INFO - service - Service now marked as running
2015-08-21 21:30:24,117 INFO - root - Entering main()
2015-08-21 22:46:47,432 INFO - root - Initialising application
2015-08-21 22:46:47,545 INFO - root - Initialise global hotkeys
2015-08-21 22:46:47,545 INFO - config-manager - Loading config from existing file: /home/steve/.config/autokey/autokey.json
2015-08-21 22:46:51,696 INFO - config-manager - Configuration changed - rebuilding in-memory structures
2015-08-21 22:46:51,696 INFO - config-manager - Successfully loaded configuration
2015-08-21 22:46:51,697 INFO - service - Starting service
2015-08-21 22:46:52,382 INFO - interface - XRecord interface thread starting
2015-08-21 22:46:52,383 INFO - service - Service now marked as running
2015-08-21 22:47:01,950 INFO - root - Entering main()
2015-08-22 11:51:06,757 INFO - root - Initialising application
2015-08-22 11:51:06,984 INFO - root - Initialise global hotkeys
2015-08-22 11:51:06,984 INFO - config-manager - Loading config from existing file: /home/steve/.config/autokey/autokey.json
2015-08-22 11:51:09,104 INFO - config-manager - Configuration changed - rebuilding in-memory structures
2015-08-22 11:51:09,104 INFO - config-manager - Successfully loaded configuration
2015-08-22 11:51:09,104 INFO - service - Starting service
2015-08-22 11:51:09,143 INFO - interface - XRecord interface thread starting
2015-08-22 11:51:09,143 INFO - service - Service now marked as running
2015-08-22 11:51:09,434 INFO - root - Entering main()
2015-08-22 12:34:35,682 INFO - root - Initialising application
2015-08-22 12:34:35,754 INFO - root - Initialise global hotkeys
2015-08-22 12:34:35,755 INFO - config-manager - Loading config from existing file: /home/steve/.config/autokey/autokey.json
2015-08-22 12:34:46,227 INFO - config-manager - Configuration changed - rebuilding in-memory structures
2015-08-22 12:34:46,227 INFO - config-manager - Successfully loaded configuration
2015-08-22 12:34:46,227 INFO - service - Starting service
2015-08-22 12:34:46,511 INFO - interface - XRecord interface thread starting
2015-08-22 12:34:46,512 INFO - service - Service now marked as running
2015-08-22 12:34:47,983 INFO - root - Entering main()
2015-08-25 23:53:51,091 INFO - root - Initialising application
2015-08-25 23:53:51,339 INFO - root - Initialise global hotkeys
2015-08-25 23:53:51,339 INFO - config-manager - Loading config from existing file: /home/steve/.config/autokey/autokey.json
2015-08-25 23:53:58,772 INFO - config-manager - Configuration changed - rebuilding in-memory structures
2015-08-25 23:53:58,772 INFO - config-manager - Successfully loaded configuration
2015-08-25 23:53:58,772 INFO - service - Starting service
2015-08-25 23:53:58,828 INFO - interface - XRecord interface thread starting
2015-08-25 23:53:58,828 INFO - service - Service now marked as running
2015-08-25 23:53:59,065 INFO - root - Entering main()
2015-08-29 23:31:55,514 INFO - root - Initialising application
2015-08-29 23:31:55,569 INFO - root - Initialise global hotkeys
2015-08-29 23:31:55,569 INFO - config-manager - Loading config from existing file: /home/steve/.config/autokey/autokey.json
2015-08-29 23:31:56,424 INFO - config-manager - Configuration changed - rebuilding in-memory structures
2015-08-29 23:31:56,424 INFO - config-manager - Successfully loaded configuration
2015-08-29 23:31:56,425 INFO - service - Starting service
2015-08-29 23:31:56,461 INFO - interface - XRecord interface thread starting
2015-08-29 23:31:56,462 INFO - service - Service now marked as running
2015-08-29 23:31:56,565 INFO - root - Entering main()
2015-09-05 10:07:21,803 INFO - root - Initialising application
2015-09-05 10:07:21,909 INFO - root - Initialise global hotkeys
2015-09-05 10:07:21,920 INFO - config-manager - Loading config from existing file: /home/steve/.config/autokey/autokey.json
2015-09-05 10:07:28,499 INFO - config-manager - Configuration changed - rebuilding in-memory structures
2015-09-05 10:07:28,500 INFO - config-manager - Successfully loaded configuration
2015-09-05 10:07:28,500 INFO - service - Starting service
2015-09-05 10:07:29,027 INFO - interface - XRecord interface thread starting
2015-09-05 10:07:29,028 INFO - service - Service now marked as running
2015-09-05 10:07:30,937 INFO - root - Entering main()
2015-09-10 00:50:59,596 INFO - root - Initialising application
2015-09-10 00:50:59,711 INFO - root - Initialise global hotkeys
2015-09-10 00:50:59,712 INFO - config-manager - Loading config from existing file: /home/steve/.config/autokey/autokey.json
2015-09-10 00:51:07,863 INFO - config-manager - Configuration changed - rebuilding in-memory structures
2015-09-10 00:51:07,864 INFO - config-manager - Successfully loaded configuration
2015-09-10 00:51:07,864 INFO - service - Starting service
2015-09-10 00:51:10,405 INFO - interface - XRecord interface thread starting
2015-09-10 00:51:10,405 INFO - service - Service now marked as running
2015-09-10 00:51:11,799 INFO - root - Entering main()
2015-09-10 12:06:20,394 INFO - root - Initialising application
2015-09-10 12:06:20,721 INFO - root - Initialise global hotkeys
2015-09-10 12:06:20,721 INFO - config-manager - Loading config from existing file: /home/steve/.config/autokey/autokey.json
2015-09-10 12:06:20,728 INFO - config-manager - Configuration changed - rebuilding in-memory structures
2015-09-10 12:06:20,733 INFO - config-manager - Successfully loaded configuration
2015-09-10 12:06:20,733 INFO - service - Starting service
2015-09-10 12:06:20,908 INFO - interface - XRecord interface thread starting
2015-09-10 12:06:20,910 INFO - service - Service now marked as running
2015-09-10 12:06:20,922 INFO - root - Entering main()
2015-09-15 11:33:59,665 INFO - root - Initialising application
2015-09-15 11:33:59,799 INFO - root - Initialise global hotkeys
2015-09-15 11:33:59,799 INFO - config-manager - Loading config from existing file: /home/steve/.config/autokey/autokey.json
2015-09-15 11:34:03,072 INFO - config-manager - Configuration changed - rebuilding in-memory structures
2015-09-15 11:34:03,072 INFO - config-manager - Successfully loaded configuration
2015-09-15 11:34:03,073 INFO - service - Starting service
2015-09-15 11:34:03,193 INFO - interface - XRecord interface thread starting
2015-09-15 11:34:03,194 INFO - service - Service now marked as running
2015-09-15 11:34:04,577 INFO - root - Entering main()
2015-09-15 11:42:39,846 INFO - root - Initialising application
2015-09-15 11:42:39,869 INFO - root - Initialise global hotkeys
2015-09-15 11:42:39,869 INFO - config-manager - Loading config from existing file: /home/steve/.config/autokey/autokey.json
2015-09-15 11:42:39,874 INFO - config-manager - Configuration changed - rebuilding in-memory structures
2015-09-15 11:42:39,874 INFO - config-manager - Successfully loaded configuration
2015-09-15 11:42:39,875 INFO - service - Starting service
2015-09-15 11:42:40,117 INFO - interface - XRecord interface thread starting
2015-09-15 11:42:40,120 INFO - service - Service now marked as running
2015-09-15 11:42:40,307 INFO - root - Entering main()
2015-09-15 11:47:30,227 INFO - root - Initialising application
2015-09-15 11:47:30,386 INFO - root - Initialise global hotkeys
2015-09-15 11:47:30,386 INFO - config-manager - Loading config from existing file: /home/steve/.config/autokey/autokey.json
2015-09-15 11:47:35,850 INFO - config-manager - Configuration changed - rebuilding in-memory structures
2015-09-15 11:47:35,850 INFO - config-manager - Successfully loaded configuration
2015-09-15 11:47:35,851 INFO - service - Starting service
2015-09-15 11:47:35,917 INFO - interface - XRecord interface thread starting
2015-09-15 11:47:35,918 INFO - service - Service now marked as running
2015-09-15 11:47:36,609 INFO - root - Entering main()
2015-09-20 14:25:07,217 INFO - root - Initialising application
2015-09-20 14:25:07,375 INFO - root - Initialise global hotkeys
2015-09-20 14:25:07,375 INFO - config-manager - Loading config from existing file: /home/steve/.config/autokey/autokey.json
2015-09-20 14:25:10,684 INFO - config-manager - Configuration changed - rebuilding in-memory structures
2015-09-20 14:25:10,685 INFO - config-manager - Successfully loaded configuration
2015-09-20 14:25:10,685 INFO - service - Starting service
2015-09-20 14:25:10,723 INFO - interface - XRecord interface thread starting
2015-09-20 14:25:10,724 INFO - service - Service now marked as running
2015-09-20 14:25:11,166 INFO - root - Entering main()
2015-09-27 10:30:39,428 INFO - root - Initialising application
2015-09-27 10:30:39,682 INFO - root - Initialise global hotkeys
2015-09-27 10:30:39,682 INFO - config-manager - Loading config from existing file: /home/steve/.config/autokey/autokey.json
2015-09-27 10:30:41,905 INFO - config-manager - Configuration changed - rebuilding in-memory structures
2015-09-27 10:30:41,905 INFO - config-manager - Successfully loaded configuration
2015-09-27 10:30:41,906 INFO - service - Starting service
2015-09-27 10:30:41,946 INFO - interface - XRecord interface thread starting
2015-09-27 10:30:41,946 INFO - service - Service now marked as running
2015-09-27 10:30:42,447 INFO - root - Entering main()
2015-09-28 12:32:47,126 INFO - root - Initialising application
2015-09-28 12:32:47,287 INFO - root - Initialise global hotkeys
2015-09-28 12:32:47,288 INFO - config-manager - Loading config from existing file: /home/steve/.config/autokey/autokey.json
2015-09-28 12:32:54,041 INFO - config-manager - Configuration changed - rebuilding in-memory structures
2015-09-28 12:32:54,042 INFO - config-manager - Successfully loaded configuration
2015-09-28 12:32:54,042 INFO - service - Starting service
2015-09-28 12:32:54,082 INFO - interface - XRecord interface thread starting
2015-09-28 12:32:54,083 INFO - service - Service now marked as running
2015-09-28 12:32:56,248 INFO - root - Entering main()
2015-09-29 23:22:27,803 INFO - root - Displaying configuration window
2015-09-29 23:22:45,399 INFO - config-manager - Configuration changed - rebuilding in-memory structures
2015-09-29 23:22:45,400 INFO - config-manager - Persisting configuration
2015-09-29 23:22:45,430 INFO - config-manager - Backing up existing config file
2015-09-29 23:22:45,469 INFO - config-manager - Finished persisting configuration - no errors
2015-09-29 23:25:30,813 INFO - root - Shutting down
2015-09-29 23:25:30,813 INFO - service - Service shutting down
2015-09-29 23:25:31,483 INFO - config-manager - Persisting configuration
2015-09-29 23:25:31,484 INFO - config-manager - Backing up existing config file
2015-09-29 23:25:31,486 INFO - config-manager - Finished persisting configuration - no errors
2015-09-29 23:25:32,487 INFO - inotify - Shutting down file monitor
2015-09-29 23:26:59,901 INFO - root - Initialising application
2015-09-29 23:26:59,909 INFO - root - Initialise global hotkeys
2015-09-29 23:26:59,909 INFO - config-manager - Loading config from existing file: /home/steve/.config/autokey/autokey.json
2015-09-29 23:27:00,190 INFO - config-manager - Configuration changed - rebuilding in-memory structures
2015-09-29 23:27:00,191 INFO - config-manager - Successfully loaded configuration
2015-09-29 23:27:00,191 INFO - service - Starting service
2015-09-29 23:27:00,423 INFO - interface - XRecord interface thread starting
2015-09-29 23:27:00,424 INFO - service - Service now marked as running
2015-09-29 23:27:00,741 INFO - root - Displaying configuration window
2015-09-29 23:27:48,484 INFO - root - Shutting down
2015-09-29 23:27:48,486 INFO - service - Service shutting down
2015-09-29 23:27:49,385 INFO - config-manager - Persisting configuration
2015-09-29 23:27:49,385 INFO - config-manager - Backing up existing config file
2015-09-29 23:27:49,386 INFO - config-manager - Finished persisting configuration - no errors
2015-09-29 23:27:49,487 INFO - inotify - Shutting down file monitor
2015-09-29 23:31:37,578 INFO - root - Initialising application
2015-09-29 23:31:37,586 INFO - root - Initialise global hotkeys
2015-09-29 23:31:37,586 INFO - config-manager - Loading config from existing file: /home/steve/.config/autokey/autokey.json
2015-09-29 23:31:37,588 INFO - config-manager - Configuration changed - rebuilding in-memory structures
2015-09-29 23:31:37,589 INFO - config-manager - Successfully loaded configuration
2015-09-29 23:31:37,589 INFO - service - Starting service
2015-09-29 23:31:37,642 INFO - interface - XRecord interface thread starting
2015-09-29 23:31:37,643 INFO - service - Service now marked as running
2015-09-29 23:31:37,653 INFO - root - Entering main()
2015-09-29 23:31:51,659 INFO - root - Shutting down
2015-09-29 23:31:51,660 INFO - service - Service shutting down
2015-09-29 23:31:52,561 INFO - config-manager - Persisting configuration
2015-09-29 23:31:52,561 INFO - config-manager - Backing up existing config file
2015-09-29 23:31:52,561 INFO - config-manager - Finished persisting configuration - no errors
2015-09-29 23:31:52,662 INFO - inotify - Shutting down file monitor
2015-09-29 23:31:57,762 INFO - root - Initialising application
2015-09-29 23:31:57,769 INFO - root - Initialise global hotkeys
2015-09-29 23:31:57,770 INFO - config-manager - Loading config from existing file: /home/steve/.config/autokey/autokey.json
2015-09-29 23:31:57,772 INFO - config-manager - Configuration changed - rebuilding in-memory structures
2015-09-29 23:31:57,773 INFO - config-manager - Successfully loaded configuration
2015-09-29 23:31:57,773 INFO - service - Starting service
2015-09-29 23:31:57,817 INFO - interface - XRecord interface thread starting
2015-09-29 23:31:57,818 INFO - service - Service now marked as running
2015-09-29 23:31:57,829 INFO - root - Entering main()
2015-09-29 23:32:07,262 INFO - root - Displaying configuration window
2015-09-29 23:33:46,058 INFO - config-manager - Configuration changed - rebuilding in-memory structures
2015-09-29 23:33:46,058 INFO - config-manager - Persisting configuration
2015-09-29 23:33:46,059 INFO - config-manager - Backing up existing config file
2015-09-29 23:33:46,060 INFO - config-manager - Finished persisting configuration - no errors
2015-09-30 20:17:35,962 INFO - root - Shutting down
2015-09-30 20:17:36,014 INFO - service - Service shutting down
2015-09-30 20:17:36,862 INFO - config-manager - Persisting configuration
2015-09-30 20:17:36,877 INFO - config-manager - Backing up existing config file
2015-09-30 20:17:36,888 INFO - config-manager - Finished persisting configuration - no errors
2015-09-30 20:17:37,890 INFO - inotify - Shutting down file monitor
2015-09-30 20:17:48,233 INFO - root - Initialising application
2015-09-30 20:17:48,275 INFO - root - Initialise global hotkeys
2015-09-30 20:17:48,275 INFO - config-manager - Loading config from existing file: /home/steve/.config/autokey/autokey.json
2015-09-30 20:17:48,528 INFO - config-manager - Configuration changed - rebuilding in-memory structures
2015-09-30 20:17:48,528 INFO - config-manager - Successfully loaded configuration
2015-09-30 20:17:48,528 INFO - service - Starting service
2015-09-30 20:17:48,628 INFO - interface - XRecord interface thread starting
2015-09-30 20:17:48,629 INFO - service - Service now marked as running
2015-09-30 20:17:48,703 INFO - root - Entering main()
2015-09-30 20:29:49,753 ERROR - interface - Error in X event loop thread
Traceback (most recent call last):
  File "/usr/lib/python3.4/site-packages/autokey/interface.py", line 947, in get_window_title
    return self.__getWinTitle(windowvar, traverse)
  File "/usr/lib/python3.4/site-packages/autokey/interface.py", line 961, in __getWinTitle
    atom = windowvar.get_property(self.__VisibleNameAtom, 0, 0, 255)
  File "/usr/lib/python3.4/site-packages/Xlib/xobject/drawable.py", line 441, in get_property
    long_length = length)
  File "/usr/lib/python3.4/site-packages/Xlib/protocol/rq.py", line 1481, in __init__
    self.reply()
  File "/usr/lib/python3.4/site-packages/Xlib/protocol/rq.py", line 1501, in reply
    raise self._error
Xlib.error.BadWindow: <class 'Xlib.error.BadWindow'>: code = 3, resource_id = <class 'Xlib.xobject.resource.Resource'>(0x00a111db), sequence_number = 4266, major_opcode = 20, minor_opcode = 0

During handling of the above exception, another exception occurred:

Traceback (most recent call last):
  File "/usr/lib/python3.4/site-packages/autokey/interface.py", line 116, in __eventLoop
    method(*args)
  File "/usr/lib/python3.4/site-packages/autokey/interface.py", line 329, in __grabHotkeysForWindow
    title = self.get_window_title(window)
  File "/usr/lib/python3.4/site-packages/autokey/interface.py", line 954, in get_window_title
    print(__name__, repr(e))
OSError: [Errno 5] Input/output error
2015-09-30 20:31:14,304 ERROR - interface - Error in X event loop thread
Traceback (most recent call last):
  File "/usr/lib/python3.4/site-packages/autokey/interface.py", line 947, in get_window_title
    return self.__getWinTitle(windowvar, traverse)
  File "/usr/lib/python3.4/site-packages/autokey/interface.py", line 961, in __getWinTitle
    atom = windowvar.get_property(self.__VisibleNameAtom, 0, 0, 255)
  File "/usr/lib/python3.4/site-packages/Xlib/xobject/drawable.py", line 441, in get_property
    long_length = length)
  File "/usr/lib/python3.4/site-packages/Xlib/protocol/rq.py", line 1481, in __init__
    self.reply()
  File "/usr/lib/python3.4/site-packages/Xlib/protocol/rq.py", line 1501, in reply
    raise self._error
Xlib.error.BadWindow: <class 'Xlib.error.BadWindow'>: code = 3, resource_id = <class 'Xlib.xobject.resource.Resource'>(0x00a116ff), sequence_number = 4412, major_opcode = 20, minor_opcode = 0

During handling of the above exception, another exception occurred:

Traceback (most recent call last):
  File "/usr/lib/python3.4/site-packages/autokey/interface.py", line 116, in __eventLoop
    method(*args)
  File "/usr/lib/python3.4/site-packages/autokey/interface.py", line 329, in __grabHotkeysForWindow
    title = self.get_window_title(window)
  File "/usr/lib/python3.4/site-packages/autokey/interface.py", line 954, in get_window_title
    print(__name__, repr(e))
OSError: [Errno 5] Input/output error
2015-09-30 20:31:19,488 ERROR - interface - Error in X event loop thread
Traceback (most recent call last):
  File "/usr/lib/python3.4/site-packages/autokey/interface.py", line 947, in get_window_title
    return self.__getWinTitle(windowvar, traverse)
  File "/usr/lib/python3.4/site-packages/autokey/interface.py", line 961, in __getWinTitle
    atom = windowvar.get_property(self.__VisibleNameAtom, 0, 0, 255)
  File "/usr/lib/python3.4/site-packages/Xlib/xobject/drawable.py", line 441, in get_property
    long_length = length)
  File "/usr/lib/python3.4/site-packages/Xlib/protocol/rq.py", line 1481, in __init__
    self.reply()
  File "/usr/lib/python3.4/site-packages/Xlib/protocol/rq.py", line 1501, in reply
    raise self._error
Xlib.error.BadWindow: <class 'Xlib.error.BadWindow'>: code = 3, resource_id = <class 'Xlib.xobject.resource.Resource'>(0x00a117c6), sequence_number = 4453, major_opcode = 20, minor_opcode = 0

During handling of the above exception, another exception occurred:

Traceback (most recent call last):
  File "/usr/lib/python3.4/site-packages/autokey/interface.py", line 116, in __eventLoop
    method(*args)
  File "/usr/lib/python3.4/site-packages/autokey/interface.py", line 329, in __grabHotkeysForWindow
    title = self.get_window_title(window)
  File "/usr/lib/python3.4/site-packages/autokey/interface.py", line 954, in get_window_title
    print(__name__, repr(e))
OSError: [Errno 5] Input/output error
2015-09-30 20:31:50,686 ERROR - interface - Error in X event loop thread
Traceback (most recent call last):
  File "/usr/lib/python3.4/site-packages/autokey/interface.py", line 947, in get_window_title
    return self.__getWinTitle(windowvar, traverse)
  File "/usr/lib/python3.4/site-packages/autokey/interface.py", line 961, in __getWinTitle
    atom = windowvar.get_property(self.__VisibleNameAtom, 0, 0, 255)
  File "/usr/lib/python3.4/site-packages/Xlib/xobject/drawable.py", line 441, in get_property
    long_length = length)
  File "/usr/lib/python3.4/site-packages/Xlib/protocol/rq.py", line 1481, in __init__
    self.reply()
  File "/usr/lib/python3.4/site-packages/Xlib/protocol/rq.py", line 1501, in reply
    raise self._error
Xlib.error.BadWindow: <class 'Xlib.error.BadWindow'>: code = 3, resource_id = <class 'Xlib.xobject.resource.Resource'>(0x00a11c97), sequence_number = 4524, major_opcode = 20, minor_opcode = 0

During handling of the above exception, another exception occurred:

Traceback (most recent call last):
  File "/usr/lib/python3.4/site-packages/autokey/interface.py", line 116, in __eventLoop
    method(*args)
  File "/usr/lib/python3.4/site-packages/autokey/interface.py", line 329, in __grabHotkeysForWindow
    title = self.get_window_title(window)
  File "/usr/lib/python3.4/site-packages/autokey/interface.py", line 954, in get_window_title
    print(__name__, repr(e))
OSError: [Errno 5] Input/output error
2015-09-30 20:57:14,130 ERROR - interface - Error in X event loop thread
Traceback (most recent call last):
  File "/usr/lib/python3.4/site-packages/autokey/interface.py", line 947, in get_window_title
    return self.__getWinTitle(windowvar, traverse)
  File "/usr/lib/python3.4/site-packages/autokey/interface.py", line 961, in __getWinTitle
    atom = windowvar.get_property(self.__VisibleNameAtom, 0, 0, 255)
  File "/usr/lib/python3.4/site-packages/Xlib/xobject/drawable.py", line 441, in get_property
    long_length = length)
  File "/usr/lib/python3.4/site-packages/Xlib/protocol/rq.py", line 1481, in __init__
    self.reply()
  File "/usr/lib/python3.4/site-packages/Xlib/protocol/rq.py", line 1501, in reply
    raise self._error
Xlib.error.BadWindow: <class 'Xlib.error.BadWindow'>: code = 3, resource_id = <class 'Xlib.xobject.resource.Resource'>(0x00a129af), sequence_number = 20527, major_opcode = 20, minor_opcode = 0

During handling of the above exception, another exception occurred:

Traceback (most recent call last):
  File "/usr/lib/python3.4/site-packages/autokey/interface.py", line 116, in __eventLoop
    method(*args)
  File "/usr/lib/python3.4/site-packages/autokey/interface.py", line 329, in __grabHotkeysForWindow
    title = self.get_window_title(window)
  File "/usr/lib/python3.4/site-packages/autokey/interface.py", line 954, in get_window_title
    print(__name__, repr(e))
OSError: [Errno 5] Input/output error
2015-09-30 21:01:03,060 ERROR - interface - Error in X event loop thread
Traceback (most recent call last):
  File "/usr/lib/python3.4/site-packages/autokey/interface.py", line 947, in get_window_title
    return self.__getWinTitle(windowvar, traverse)
  File "/usr/lib/python3.4/site-packages/autokey/interface.py", line 961, in __getWinTitle
    atom = windowvar.get_property(self.__VisibleNameAtom, 0, 0, 255)
  File "/usr/lib/python3.4/site-packages/Xlib/xobject/drawable.py", line 441, in get_property
    long_length = length)
  File "/usr/lib/python3.4/site-packages/Xlib/protocol/rq.py", line 1481, in __init__
    self.reply()
  File "/usr/lib/python3.4/site-packages/Xlib/protocol/rq.py", line 1501, in reply
    raise self._error
Xlib.error.BadWindow: <class 'Xlib.error.BadWindow'>: code = 3, resource_id = <class 'Xlib.xobject.resource.Resource'>(0x00a13cf5), sequence_number = 22435, major_opcode = 20, minor_opcode = 0

During handling of the above exception, another exception occurred:

Traceback (most recent call last):
  File "/usr/lib/python3.4/site-packages/autokey/interface.py", line 116, in __eventLoop
    method(*args)
  File "/usr/lib/python3.4/site-packages/autokey/interface.py", line 329, in __grabHotkeysForWindow
    title = self.get_window_title(window)
  File "/usr/lib/python3.4/site-packages/autokey/interface.py", line 954, in get_window_title
    print(__name__, repr(e))
OSError: [Errno 5] Input/output error
2015-10-01 12:39:50,782 ERROR - interface - Error in X event loop thread
Traceback (most recent call last):
  File "/usr/lib/python3.4/site-packages/autokey/interface.py", line 947, in get_window_title
    return self.__getWinTitle(windowvar, traverse)
  File "/usr/lib/python3.4/site-packages/autokey/interface.py", line 961, in __getWinTitle
    atom = windowvar.get_property(self.__VisibleNameAtom, 0, 0, 255)
  File "/usr/lib/python3.4/site-packages/Xlib/xobject/drawable.py", line 441, in get_property
    long_length = length)
  File "/usr/lib/python3.4/site-packages/Xlib/protocol/rq.py", line 1481, in __init__
    self.reply()
  File "/usr/lib/python3.4/site-packages/Xlib/protocol/rq.py", line 1501, in reply
    raise self._error
Xlib.error.BadWindow: <class 'Xlib.error.BadWindow'>: code = 3, resource_id = <class 'Xlib.xobject.resource.Resource'>(0x00a192a2), sequence_number = 27180, major_opcode = 20, minor_opcode = 0

During handling of the above exception, another exception occurred:

Traceback (most recent call last):
  File "/usr/lib/python3.4/site-packages/autokey/interface.py", line 116, in __eventLoop
    method(*args)
  File "/usr/lib/python3.4/site-packages/autokey/interface.py", line 329, in __grabHotkeysForWindow
    title = self.get_window_title(window)
  File "/usr/lib/python3.4/site-packages/autokey/interface.py", line 954, in get_window_title
    print(__name__, repr(e))
OSError: [Errno 5] Input/output error
2015-10-01 21:20:44,861 ERROR - interface - Error in X event loop thread
Traceback (most recent call last):
  File "/usr/lib/python3.4/site-packages/autokey/interface.py", line 978, in get_window_class
    return self.__getWinClass(windowvar, traverse)
  File "/usr/lib/python3.4/site-packages/autokey/interface.py", line 994, in __getWinClass
    return self.__getWinClass(windowvar.query_tree().parent, True)
  File "/usr/lib/python3.4/site-packages/Xlib/xobject/drawable.py", line 414, in query_tree
    window = self.id)
  File "/usr/lib/python3.4/site-packages/Xlib/protocol/rq.py", line 1481, in __init__
    self.reply()
  File "/usr/lib/python3.4/site-packages/Xlib/protocol/rq.py", line 1501, in reply
    raise self._error
Xlib.error.BadWindow: <class 'Xlib.error.BadWindow'>: code = 3, resource_id = <class 'Xlib.xobject.resource.Resource'>(0x03513546), sequence_number = 43620, major_opcode = 15, minor_opcode = 0

During handling of the above exception, another exception occurred:

Traceback (most recent call last):
  File "/usr/lib/python3.4/site-packages/autokey/interface.py", line 116, in __eventLoop
    method(*args)
  File "/usr/lib/python3.4/site-packages/autokey/interface.py", line 835, in __handleMouseclick
    klass = self.get_window_class()
  File "/usr/lib/python3.4/site-packages/autokey/interface.py", line 984, in get_window_class
    print(__name__, repr(e))
OSError: [Errno 5] Input/output error
2015-10-01 21:21:35,267 ERROR - interface - Error in X event loop thread
Traceback (most recent call last):
  File "/usr/lib/python3.4/site-packages/autokey/interface.py", line 978, in get_window_class
    return self.__getWinClass(windowvar, traverse)
  File "/usr/lib/python3.4/site-packages/autokey/interface.py", line 994, in __getWinClass
    return self.__getWinClass(windowvar.query_tree().parent, True)
  File "/usr/lib/python3.4/site-packages/autokey/interface.py", line 990, in __getWinClass
    wmclass = windowvar.get_wm_class()
  File "/usr/lib/python3.4/site-packages/Xlib/xobject/drawable.py", line 660, in get_wm_class
    d = self.get_full_property(Xatom.WM_CLASS, Xatom.STRING)
  File "/usr/lib/python3.4/site-packages/Xlib/xobject/drawable.py", line 452, in get_full_property
    prop = self.get_property(property, type, 0, sizehint)
  File "/usr/lib/python3.4/site-packages/Xlib/xobject/drawable.py", line 441, in get_property
    long_length = length)
  File "/usr/lib/python3.4/site-packages/Xlib/protocol/rq.py", line 1481, in __init__
    self.reply()
  File "/usr/lib/python3.4/site-packages/Xlib/protocol/rq.py", line 1501, in reply
    raise self._error
Xlib.error.BadWindow: <class 'Xlib.error.BadWindow'>: code = 3, resource_id = <class 'Xlib.xobject.resource.Resource'>(0x03513df7), sequence_number = 44075, major_opcode = 20, minor_opcode = 0

During handling of the above exception, another exception occurred:

Traceback (most recent call last):
  File "/usr/lib/python3.4/site-packages/autokey/interface.py", line 116, in __eventLoop
    method(*args)
  File "/usr/lib/python3.4/site-packages/autokey/interface.py", line 835, in __handleMouseclick
    klass = self.get_window_class()
  File "/usr/lib/python3.4/site-packages/autokey/interface.py", line 984, in get_window_class
    print(__name__, repr(e))
OSError: [Errno 5] Input/output error
2015-10-02 00:43:46,080 ERROR - interface - Error in X event loop thread
Traceback (most recent call last):
  File "/usr/lib/python3.4/site-packages/autokey/interface.py", line 947, in get_window_title
    return self.__getWinTitle(windowvar, traverse)
  File "/usr/lib/python3.4/site-packages/autokey/interface.py", line 961, in __getWinTitle
    atom = windowvar.get_property(self.__VisibleNameAtom, 0, 0, 255)
  File "/usr/lib/python3.4/site-packages/Xlib/xobject/drawable.py", line 441, in get_property
    long_length = length)
  File "/usr/lib/python3.4/site-packages/Xlib/protocol/rq.py", line 1481, in __init__
    self.reply()
  File "/usr/lib/python3.4/site-packages/Xlib/protocol/rq.py", line 1501, in reply
    raise self._error
Xlib.error.BadWindow: <class 'Xlib.error.BadWindow'>: code = 3, resource_id = <class 'Xlib.xobject.resource.Resource'>(0x06400001), sequence_number = 2602, major_opcode = 20, minor_opcode = 0

During handling of the above exception, another exception occurred:

Traceback (most recent call last):
  File "/usr/lib/python3.4/site-packages/autokey/interface.py", line 116, in __eventLoop
    method(*args)
  File "/usr/lib/python3.4/site-packages/autokey/interface.py", line 820, in __handleKeyPress
    self.mediator.handle_keypress(keyCode, self.get_window_title(focus), self.get_window_class(focus))
  File "/usr/lib/python3.4/site-packages/autokey/interface.py", line 954, in get_window_title
    print(__name__, repr(e))
OSError: [Errno 5] Input/output error
2015-10-02 01:15:11,613 ERROR - interface - Error in X event loop thread
Traceback (most recent call last):
  File "/usr/lib/python3.4/site-packages/autokey/interface.py", line 947, in get_window_title
    return self.__getWinTitle(windowvar, traverse)
  File "/usr/lib/python3.4/site-packages/autokey/interface.py", line 963, in __getWinTitle
    atom = windowvar.get_property(self.__NameAtom, 0, 0, 255)
  File "/usr/lib/python3.4/site-packages/Xlib/xobject/drawable.py", line 441, in get_property
    long_length = length)
  File "/usr/lib/python3.4/site-packages/Xlib/protocol/rq.py", line 1481, in __init__
    self.reply()
  File "/usr/lib/python3.4/site-packages/Xlib/protocol/rq.py", line 1501, in reply
    raise self._error
Xlib.error.BadWindow: <class 'Xlib.error.BadWindow'>: code = 3, resource_id = <class 'Xlib.xobject.resource.Resource'>(0x0181ae0d), sequence_number = 13474, major_opcode = 20, minor_opcode = 0

During handling of the above exception, another exception occurred:

Traceback (most recent call last):
  File "/usr/lib/python3.4/site-packages/autokey/interface.py", line 116, in __eventLoop
    method(*args)
  File "/usr/lib/python3.4/site-packages/autokey/interface.py", line 329, in __grabHotkeysForWindow
    title = self.get_window_title(window)
  File "/usr/lib/python3.4/site-packages/autokey/interface.py", line 954, in get_window_title
    print(__name__, repr(e))
OSError: [Errno 5] Input/output error
2015-10-02 01:15:41,388 ERROR - interface - Error in X event loop thread
Traceback (most recent call last):
  File "/usr/lib/python3.4/site-packages/autokey/interface.py", line 947, in get_window_title
    return self.__getWinTitle(windowvar, traverse)
  File "/usr/lib/python3.4/site-packages/autokey/interface.py", line 961, in __getWinTitle
    atom = windowvar.get_property(self.__VisibleNameAtom, 0, 0, 255)
  File "/usr/lib/python3.4/site-packages/Xlib/xobject/drawable.py", line 441, in get_property
    long_length = length)
  File "/usr/lib/python3.4/site-packages/Xlib/protocol/rq.py", line 1481, in __init__
    self.reply()
  File "/usr/lib/python3.4/site-packages/Xlib/protocol/rq.py", line 1501, in reply
    raise self._error
Xlib.error.BadWindow: <class 'Xlib.error.BadWindow'>: code = 3, resource_id = <class 'Xlib.xobject.resource.Resource'>(0x05200001), sequence_number = 13679, major_opcode = 20, minor_opcode = 0

During handling of the above exception, another exception occurred:

Traceback (most recent call last):
  File "/usr/lib/python3.4/site-packages/autokey/interface.py", line 116, in __eventLoop
    method(*args)
  File "/usr/lib/python3.4/site-packages/autokey/interface.py", line 820, in __handleKeyPress
    self.mediator.handle_keypress(keyCode, self.get_window_title(focus), self.get_window_class(focus))
  File "/usr/lib/python3.4/site-packages/autokey/interface.py", line 954, in get_window_title
    print(__name__, repr(e))
OSError: [Errno 5] Input/output error
2015-10-02 11:04:06,367 ERROR - interface - Error in X event loop thread
Traceback (most recent call last):
  File "/usr/lib/python3.4/site-packages/autokey/interface.py", line 947, in get_window_title
    return self.__getWinTitle(windowvar, traverse)
  File "/usr/lib/python3.4/site-packages/autokey/interface.py", line 961, in __getWinTitle
    atom = windowvar.get_property(self.__VisibleNameAtom, 0, 0, 255)
  File "/usr/lib/python3.4/site-packages/Xlib/xobject/drawable.py", line 441, in get_property
    long_length = length)
  File "/usr/lib/python3.4/site-packages/Xlib/protocol/rq.py", line 1481, in __init__
    self.reply()
  File "/usr/lib/python3.4/site-packages/Xlib/protocol/rq.py", line 1501, in reply
    raise self._error
Xlib.error.BadWindow: <class 'Xlib.error.BadWindow'>: code = 3, resource_id = <class 'Xlib.xobject.resource.Resource'>(0x05000001), sequence_number = 59686, major_opcode = 20, minor_opcode = 0

During handling of the above exception, another exception occurred:

Traceback (most recent call last):
  File "/usr/lib/python3.4/site-packages/autokey/interface.py", line 116, in __eventLoop
    method(*args)
  File "/usr/lib/python3.4/site-packages/autokey/interface.py", line 820, in __handleKeyPress
    self.mediator.handle_keypress(keyCode, self.get_window_title(focus), self.get_window_class(focus))
  File "/usr/lib/python3.4/site-packages/autokey/interface.py", line 954, in get_window_title
    print(__name__, repr(e))
OSError: [Errno 5] Input/output error
2015-10-02 11:11:09,272 ERROR - interface - Error in X event loop thread
Traceback (most recent call last):
  File "/usr/lib/python3.4/site-packages/autokey/interface.py", line 947, in get_window_title
    return self.__getWinTitle(windowvar, traverse)
  File "/usr/lib/python3.4/site-packages/autokey/interface.py", line 961, in __getWinTitle
    atom = windowvar.get_property(self.__VisibleNameAtom, 0, 0, 255)
  File "/usr/lib/python3.4/site-packages/Xlib/xobject/drawable.py", line 441, in get_property
    long_length = length)
  File "/usr/lib/python3.4/site-packages/Xlib/protocol/rq.py", line 1481, in __init__
    self.reply()
  File "/usr/lib/python3.4/site-packages/Xlib/protocol/rq.py", line 1501, in reply
    raise self._error
Xlib.error.BadWindow: <class 'Xlib.error.BadWindow'>: code = 3, resource_id = <class 'Xlib.xobject.resource.Resource'>(0x04c2426f), sequence_number = 60819, major_opcode = 20, minor_opcode = 0

During handling of the above exception, another exception occurred:

Traceback (most recent call last):
  File "/usr/lib/python3.4/site-packages/autokey/interface.py", line 116, in __eventLoop
    method(*args)
  File "/usr/lib/python3.4/site-packages/autokey/interface.py", line 329, in __grabHotkeysForWindow
    title = self.get_window_title(window)
  File "/usr/lib/python3.4/site-packages/autokey/interface.py", line 954, in get_window_title
    print(__name__, repr(e))
OSError: [Errno 5] Input/output error
2015-10-02 11:18:02,056 ERROR - interface - Error in X event loop thread
Traceback (most recent call last):
  File "/usr/lib/python3.4/site-packages/autokey/interface.py", line 947, in get_window_title
    return self.__getWinTitle(windowvar, traverse)
  File "/usr/lib/python3.4/site-packages/autokey/interface.py", line 961, in __getWinTitle
    atom = windowvar.get_property(self.__VisibleNameAtom, 0, 0, 255)
  File "/usr/lib/python3.4/site-packages/Xlib/xobject/drawable.py", line 441, in get_property
    long_length = length)
  File "/usr/lib/python3.4/site-packages/Xlib/protocol/rq.py", line 1481, in __init__
    self.reply()
  File "/usr/lib/python3.4/site-packages/Xlib/protocol/rq.py", line 1501, in reply
    raise self._error
Xlib.error.BadWindow: <class 'Xlib.error.BadWindow'>: code = 3, resource_id = <class 'Xlib.xobject.resource.Resource'>(0x04e0730f), sequence_number = 62352, major_opcode = 20, minor_opcode = 0

During handling of the above exception, another exception occurred:

Traceback (most recent call last):
  File "/usr/lib/python3.4/site-packages/autokey/interface.py", line 116, in __eventLoop
    method(*args)
  File "/usr/lib/python3.4/site-packages/autokey/interface.py", line 329, in __grabHotkeysForWindow
    title = self.get_window_title(window)
  File "/usr/lib/python3.4/site-packages/autokey/interface.py", line 954, in get_window_title
    print(__name__, repr(e))
OSError: [Errno 5] Input/output error
2015-10-02 11:24:33,655 ERROR - interface - Error in X event loop thread
Traceback (most recent call last):
  File "/usr/lib/python3.4/site-packages/autokey/interface.py", line 947, in get_window_title
    return self.__getWinTitle(windowvar, traverse)
  File "/usr/lib/python3.4/site-packages/autokey/interface.py", line 961, in __getWinTitle
    atom = windowvar.get_property(self.__VisibleNameAtom, 0, 0, 255)
  File "/usr/lib/python3.4/site-packages/Xlib/xobject/drawable.py", line 441, in get_property
    long_length = length)
  File "/usr/lib/python3.4/site-packages/Xlib/protocol/rq.py", line 1481, in __init__
    self.reply()
  File "/usr/lib/python3.4/site-packages/Xlib/protocol/rq.py", line 1501, in reply
    raise self._error
Xlib.error.BadWindow: <class 'Xlib.error.BadWindow'>: code = 3, resource_id = <class 'Xlib.xobject.resource.Resource'>(0x035e53a6), sequence_number = 64603, major_opcode = 20, minor_opcode = 0

During handling of the above exception, another exception occurred:

Traceback (most recent call last):
  File "/usr/lib/python3.4/site-packages/autokey/interface.py", line 116, in __eventLoop
    method(*args)
  File "/usr/lib/python3.4/site-packages/autokey/interface.py", line 329, in __grabHotkeysForWindow
    title = self.get_window_title(window)
  File "/usr/lib/python3.4/site-packages/autokey/interface.py", line 954, in get_window_title
    print(__name__, repr(e))
OSError: [Errno 5] Input/output error
2015-10-02 11:24:39,382 ERROR - interface - Error in X event loop thread
Traceback (most recent call last):
  File "/usr/lib/python3.4/site-packages/autokey/interface.py", line 947, in get_window_title
    return self.__getWinTitle(windowvar, traverse)
  File "/usr/lib/python3.4/site-packages/autokey/interface.py", line 961, in __getWinTitle
    atom = windowvar.get_property(self.__VisibleNameAtom, 0, 0, 255)
  File "/usr/lib/python3.4/site-packages/Xlib/xobject/drawable.py", line 441, in get_property
    long_length = length)
  File "/usr/lib/python3.4/site-packages/Xlib/protocol/rq.py", line 1481, in __init__
    self.reply()
  File "/usr/lib/python3.4/site-packages/Xlib/protocol/rq.py", line 1501, in reply
    raise self._error
Xlib.error.BadWindow: <class 'Xlib.error.BadWindow'>: code = 3, resource_id = <class 'Xlib.xobject.resource.Resource'>(0x06400002), sequence_number = 64611, major_opcode = 20, minor_opcode = 0

During handling of the above exception, another exception occurred:

Traceback (most recent call last):
  File "/usr/lib/python3.4/site-packages/autokey/interface.py", line 116, in __eventLoop
    method(*args)
  File "/usr/lib/python3.4/site-packages/autokey/interface.py", line 329, in __grabHotkeysForWindow
    title = self.get_window_title(window)
  File "/usr/lib/python3.4/site-packages/autokey/interface.py", line 954, in get_window_title
    print(__name__, repr(e))
OSError: [Errno 5] Input/output error
2015-10-02 23:52:10,096 ERROR - interface - Error in X event loop thread
Traceback (most recent call last):
  File "/usr/lib/python3.4/site-packages/autokey/interface.py", line 947, in get_window_title
    return self.__getWinTitle(windowvar, traverse)
  File "/usr/lib/python3.4/site-packages/autokey/interface.py", line 961, in __getWinTitle
    atom = windowvar.get_property(self.__VisibleNameAtom, 0, 0, 255)
  File "/usr/lib/python3.4/site-packages/Xlib/xobject/drawable.py", line 441, in get_property
    long_length = length)
  File "/usr/lib/python3.4/site-packages/Xlib/protocol/rq.py", line 1481, in __init__
    self.reply()
  File "/usr/lib/python3.4/site-packages/Xlib/protocol/rq.py", line 1501, in reply
    raise self._error
Xlib.error.BadWindow: <class 'Xlib.error.BadWindow'>: code = 3, resource_id = <class 'Xlib.xobject.resource.Resource'>(0x00a00130), sequence_number = 5943, major_opcode = 20, minor_opcode = 0

During handling of the above exception, another exception occurred:

Traceback (most recent call last):
  File "/usr/lib/python3.4/site-packages/autokey/interface.py", line 116, in __eventLoop
    method(*args)
  File "/usr/lib/python3.4/site-packages/autokey/interface.py", line 329, in __grabHotkeysForWindow
    title = self.get_window_title(window)
  File "/usr/lib/python3.4/site-packages/autokey/interface.py", line 954, in get_window_title
    print(__name__, repr(e))
OSError: [Errno 5] Input/output error
2015-10-04 00:35:44,737 ERROR - interface - Error in X event loop thread
Traceback (most recent call last):
  File "/usr/lib/python3.4/site-packages/autokey/interface.py", line 947, in get_window_title
    return self.__getWinTitle(windowvar, traverse)
  File "/usr/lib/python3.4/site-packages/autokey/interface.py", line 961, in __getWinTitle
    atom = windowvar.get_property(self.__VisibleNameAtom, 0, 0, 255)
  File "/usr/lib/python3.4/site-packages/Xlib/xobject/drawable.py", line 441, in get_property
    long_length = length)
  File "/usr/lib/python3.4/site-packages/Xlib/protocol/rq.py", line 1481, in __init__
    self.reply()
  File "/usr/lib/python3.4/site-packages/Xlib/protocol/rq.py", line 1501, in reply
    raise self._error
Xlib.error.BadWindow: <class 'Xlib.error.BadWindow'>: code = 3, resource_id = <class 'Xlib.xobject.resource.Resource'>(0x05c08f4d), sequence_number = 27525, major_opcode = 20, minor_opcode = 0

During handling of the above exception, another exception occurred:

Traceback (most recent call last):
  File "/usr/lib/python3.4/site-packages/autokey/interface.py", line 116, in __eventLoop
    method(*args)
  File "/usr/lib/python3.4/site-packages/autokey/interface.py", line 834, in __handleMouseclick
    title = self.get_window_title()
  File "/usr/lib/python3.4/site-packages/autokey/interface.py", line 954, in get_window_title
    print(__name__, repr(e))
OSError: [Errno 5] Input/output error
2015-10-06 17:44:06,016 INFO - root - Initialising application
2015-10-06 17:44:06,047 INFO - root - Initialise global hotkeys
2015-10-06 17:44:06,047 INFO - config-manager - Loading config from existing file: /home/steve/.config/autokey/autokey.json
2015-10-06 17:44:06,329 INFO - config-manager - Configuration changed - rebuilding in-memory structures
2015-10-06 17:44:06,329 INFO - config-manager - Successfully loaded configuration
2015-10-06 17:44:06,329 INFO - service - Starting service
2015-10-06 17:44:06,371 INFO - interface - XRecord interface thread starting
2015-10-06 17:44:06,372 INFO - service - Service now marked as running
2015-10-06 17:44:06,453 INFO - root - Entering main()
2015-10-06 17:44:22,659 INFO - root - Shutting down
2015-10-06 17:44:22,660 INFO - service - Service shutting down
2015-10-06 17:44:23,560 INFO - config-manager - Persisting configuration
2015-10-06 17:44:23,560 INFO - config-manager - Backing up existing config file
2015-10-06 17:44:23,562 INFO - config-manager - Finished persisting configuration - no errors
2015-10-06 17:44:24,563 INFO - inotify - Shutting down file monitor
2015-10-06 17:48:34,740 INFO - root - Initialising application
2015-10-06 17:48:34,747 INFO - root - Initialise global hotkeys
2015-10-06 17:48:34,748 INFO - config-manager - Loading config from existing file: /home/steve/.config/autokey/autokey.json
2015-10-06 17:48:34,750 INFO - config-manager - Configuration changed - rebuilding in-memory structures
2015-10-06 17:48:34,750 INFO - config-manager - Successfully loaded configuration
2015-10-06 17:48:34,751 INFO - service - Starting service
2015-10-06 17:48:34,798 INFO - interface - XRecord interface thread starting
2015-10-06 17:48:34,799 INFO - service - Service now marked as running
2015-10-06 17:48:34,812 INFO - root - Entering main()
2015-10-10 01:03:41,729 INFO - root - Initialising application
2015-10-10 01:03:41,827 INFO - root - Initialise global hotkeys
2015-10-10 01:03:41,827 INFO - config-manager - Loading config from existing file: /home/steve/.config/autokey/autokey.json
2015-10-10 01:03:52,792 INFO - config-manager - Configuration changed - rebuilding in-memory structures
2015-10-10 01:03:52,792 INFO - config-manager - Successfully loaded configuration
2015-10-10 01:03:52,793 INFO - service - Starting service
2015-10-10 01:03:54,402 INFO - interface - XRecord interface thread starting
2015-10-10 01:03:54,403 INFO - service - Service now marked as running
2015-10-10 01:03:54,822 INFO - root - Entering main()
2015-10-15 00:33:35,924 INFO - root - Initialising application
2015-10-15 00:33:36,160 INFO - root - Initialise global hotkeys
2015-10-15 00:33:36,161 INFO - config-manager - Loading config from existing file: /home/steve/.config/autokey/autokey.json
2015-10-15 00:33:37,619 INFO - config-manager - Configuration changed - rebuilding in-memory structures
2015-10-15 00:33:37,619 INFO - config-manager - Successfully loaded configuration
2015-10-15 00:33:37,620 INFO - service - Starting service
2015-10-15 00:33:39,196 INFO - interface - XRecord interface thread starting
2015-10-15 00:33:39,197 INFO - service - Service now marked as running
2015-10-15 00:33:41,236 INFO - root - Entering main()
2015-10-16 23:20:20,319 INFO - root - Initialising application
2015-10-16 23:20:20,444 INFO - root - Initialise global hotkeys
2015-10-16 23:20:20,445 INFO - config-manager - Loading config from existing file: /home/steve/.config/autokey/autokey.json
2015-10-16 23:20:35,006 INFO - config-manager - Configuration changed - rebuilding in-memory structures
2015-10-16 23:20:35,006 INFO - config-manager - Successfully loaded configuration
2015-10-16 23:20:35,007 INFO - service - Starting service
2015-10-16 23:20:36,729 INFO - interface - XRecord interface thread starting
2015-10-16 23:20:36,730 INFO - service - Service now marked as running
2015-10-16 23:20:37,493 INFO - root - Entering main()
2015-10-21 12:14:47,927 INFO - root - Initialising application
2015-10-21 12:14:48,068 INFO - root - Initialise global hotkeys
2015-10-21 12:14:48,069 INFO - config-manager - Loading config from existing file: /home/steve/.config/autokey/autokey.json
2015-10-21 12:14:53,181 INFO - config-manager - Configuration changed - rebuilding in-memory structures
2015-10-21 12:14:53,181 INFO - config-manager - Successfully loaded configuration
2015-10-21 12:14:53,181 INFO - service - Starting service
2015-10-21 12:14:53,756 INFO - interface - XRecord interface thread starting
2015-10-21 12:14:53,757 INFO - service - Service now marked as running
2015-10-21 12:14:54,141 INFO - root - Entering main()
2015-10-21 12:21:14,044 INFO - root - Initialising application
2015-10-21 12:21:14,371 INFO - root - Initialise global hotkeys
2015-10-21 12:21:14,371 INFO - config-manager - Loading config from existing file: /home/steve/.config/autokey/autokey.json
2015-10-21 12:21:29,831 INFO - config-manager - Configuration changed - rebuilding in-memory structures
2015-10-21 12:21:29,832 INFO - config-manager - Successfully loaded configuration
2015-10-21 12:21:29,832 INFO - service - Starting service
2015-10-21 12:21:31,804 INFO - interface - XRecord interface thread starting
2015-10-21 12:21:31,805 INFO - service - Service now marked as running
2015-10-21 12:21:32,425 INFO - root - Entering main()
2015-10-21 14:04:34,795 INFO - root - Initialising application
2015-10-21 14:04:34,808 INFO - root - Initialise global hotkeys
2015-10-21 14:04:34,808 INFO - config-manager - Loading config from existing file: /home/steve/.config/autokey/autokey.json
2015-10-21 14:04:34,812 INFO - config-manager - Configuration changed - rebuilding in-memory structures
2015-10-21 14:04:34,813 INFO - config-manager - Successfully loaded configuration
2015-10-21 14:04:34,813 INFO - service - Starting service
2015-10-21 14:04:34,883 INFO - interface - XRecord interface thread starting
2015-10-21 14:04:34,884 INFO - service - Service now marked as running
2015-10-21 14:04:34,916 INFO - root - Entering main()
2015-10-21 16:51:25,779 INFO - service - Undoing last abbreviation expansion
